INFO:root:Namespace(lm_model='roberta-base', N=50, max_len=128, z_dim=8, mha_dim=768, n_heads=8, gen_dims=[[128, 256, 768], [512, 512]], disc_dims=[[128, 128], [512, 768], [512, 256, 128]], lambda_gp=5, lambda_rew=0, lambda_wgan=1, post_method='hard_gumbel', batch_size=128, num_epochs=100, g_lr=0.0002, d_lr=0.0002, b_lr=1e-05, dropout=0, n_critic=4, test_epochs=100, num_workers=1, mode='train', bert_unfreeze=0, data_dir='data/graphgen', saving_dir='results/2023-04-23_22-13', model_save_step=20, lr_update_step=1000, restore_G=None, restore_D=None, restore_B_D=None, restore_B_G=None, model_mode=1, ds_mode=0, name='symm_fcn_final_ds_gumbel_roberta_m1_mask', log_dir='results/2023-04-23_22-13/logs', model_dir='results/2023-04-23_22-13/models')
INFO:root:Generator(
  (activation_f): ReLU()
  (multi_dense_layer): MultiDenseLayer(
    (linear_layer): Sequential(
      (0): Linear(in_features=8, out_features=128, bias=True)
      (1): Dropout(p=0, inplace=False)
      (2): LayerNorm((128,), eps=1e-05, elementwise_affine=True)
      (3): ReLU()
      (4): Linear(in_features=128, out_features=256, bias=True)
      (5): Dropout(p=0, inplace=False)
      (6): LayerNorm((256,), eps=1e-05, elementwise_affine=True)
      (7): ReLU()
      (8): Linear(in_features=256, out_features=768, bias=True)
      (9): Dropout(p=0, inplace=False)
      (10): LayerNorm((768,), eps=1e-05, elementwise_affine=True)
      (11): ReLU()
    )
  )
  (mha): MultiheadAttention(
    (out_proj): NonDynamicallyQuantizableLinear(in_features=768, out_features=768, bias=True)
  )
  (multi_dense_layer_2): MultiDenseLayer(
    (linear_layer): Sequential(
      (0): Linear(in_features=1536, out_features=512, bias=True)
      (1): Dropout(p=0, inplace=False)
      (2): LayerNorm((512,), eps=1e-05, elementwise_affine=True)
      (3): ReLU()
      (4): Linear(in_features=512, out_features=512, bias=True)
      (5): Dropout(p=0, inplace=False)
      (6): LayerNorm((512,), eps=1e-05, elementwise_affine=True)
      (7): ReLU()
    )
  )
  (adjM_layer): Sequential(
    (0): Linear(in_features=512, out_features=128, bias=True)
    (1): LayerNorm((128,), eps=1e-05, elementwise_affine=True)
    (2): ReLU()
    (3): Linear(in_features=128, out_features=2500, bias=True)
  )
  (node_layer): Sequential(
    (0): Linear(in_features=512, out_features=64, bias=True)
    (1): LayerNorm((64,), eps=1e-05, elementwise_affine=True)
    (2): ReLU()
    (3): Linear(in_features=64, out_features=50, bias=True)
  )
)
INFO:root:G
INFO:root:The number of parameters: 4072502
INFO:root:Discriminator(
  (activation_f): ReLU()
  (multi_dense_layer): MultiDenseLayer(
    (linear_layer): Sequential(
      (0): Linear(in_features=50, out_features=128, bias=True)
      (1): Dropout(p=0.0, inplace=False)
      (2): LayerNorm((128,), eps=1e-05, elementwise_affine=True)
      (3): ReLU()
      (4): Linear(in_features=128, out_features=128, bias=True)
      (5): Dropout(p=0.0, inplace=False)
      (6): LayerNorm((128,), eps=1e-05, elementwise_affine=True)
      (7): ReLU()
    )
  )
  (node_dense_layer): MultiDenseLayer(
    (linear_layer): Sequential(
      (0): Linear(in_features=50, out_features=64, bias=True)
      (1): Dropout(p=0.2, inplace=False)
      (2): LayerNorm((64,), eps=1e-05, elementwise_affine=True)
      (3): ReLU()
      (4): Linear(in_features=64, out_features=128, bias=True)
      (5): Dropout(p=0.2, inplace=False)
      (6): LayerNorm((128,), eps=1e-05, elementwise_affine=True)
      (7): ReLU()
    )
  )
  (multi_dense_layer_2): MultiDenseLayer(
    (linear_layer): Sequential(
      (0): Linear(in_features=6528, out_features=512, bias=True)
      (1): Dropout(p=0, inplace=False)
      (2): LayerNorm((512,), eps=1e-05, elementwise_affine=True)
      (3): ReLU()
      (4): Linear(in_features=512, out_features=768, bias=True)
      (5): Dropout(p=0, inplace=False)
      (6): LayerNorm((768,), eps=1e-05, elementwise_affine=True)
      (7): ReLU()
    )
  )
  (mha): MultiheadAttention(
    (out_proj): NonDynamicallyQuantizableLinear(in_features=768, out_features=768, bias=True)
  )
  (multi_dense_layer_3): MultiDenseLayer(
    (linear_layer): Sequential(
      (0): Linear(in_features=1536, out_features=512, bias=True)
      (1): Dropout(p=0, inplace=False)
      (2): LayerNorm((512,), eps=1e-05, elementwise_affine=True)
      (3): ReLU()
      (4): Linear(in_features=512, out_features=256, bias=True)
      (5): Dropout(p=0, inplace=False)
      (6): LayerNorm((256,), eps=1e-05, elementwise_affine=True)
      (7): ReLU()
      (8): Linear(in_features=256, out_features=128, bias=True)
      (9): Dropout(p=0, inplace=False)
      (10): LayerNorm((128,), eps=1e-05, elementwise_affine=True)
      (11): ReLU()
    )
  )
  (output_layer): Linear(in_features=128, out_features=1, bias=True)
)
INFO:root:D
INFO:root:The number of parameters: 7090369
INFO:root:RobertaModel(
  (embeddings): RobertaEmbeddings(
    (word_embeddings): Embedding(50265, 768, padding_idx=1)
    (position_embeddings): Embedding(514, 768, padding_idx=1)
    (token_type_embeddings): Embedding(1, 768)
    (LayerNorm): LayerNorm((768,), eps=1e-05, elementwise_affine=True)
    (dropout): Dropout(p=0.1, inplace=False)
  )
  (encoder): RobertaEncoder(
    (layer): ModuleList(
      (0-11): 12 x RobertaLayer(
        (attention): RobertaAttention(
          (self): RobertaSelfAttention(
            (query): Linear(in_features=768, out_features=768, bias=True)
            (key): Linear(in_features=768, out_features=768, bias=True)
            (value): Linear(in_features=768, out_features=768, bias=True)
            (dropout): Dropout(p=0.1, inplace=False)
          )
          (output): RobertaSelfOutput(
            (dense): Linear(in_features=768, out_features=768, bias=True)
            (LayerNorm): LayerNorm((768,), eps=1e-05, elementwise_affine=True)
            (dropout): Dropout(p=0.1, inplace=False)
          )
        )
        (intermediate): RobertaIntermediate(
          (dense): Linear(in_features=768, out_features=3072, bias=True)
          (intermediate_act_fn): GELUActivation()
        )
        (output): RobertaOutput(
          (dense): Linear(in_features=3072, out_features=768, bias=True)
          (LayerNorm): LayerNorm((768,), eps=1e-05, elementwise_affine=True)
          (dropout): Dropout(p=0.1, inplace=False)
        )
      )
    )
  )
  (pooler): RobertaPooler(
    (dense): Linear(in_features=768, out_features=768, bias=True)
    (activation): Tanh()
  )
)
INFO:root:roberta-base_G
INFO:root:The number of parameters: 124645632
INFO:root:RobertaModel(
  (embeddings): RobertaEmbeddings(
    (word_embeddings): Embedding(50265, 768, padding_idx=1)
    (position_embeddings): Embedding(514, 768, padding_idx=1)
    (token_type_embeddings): Embedding(1, 768)
    (LayerNorm): LayerNorm((768,), eps=1e-05, elementwise_affine=True)
    (dropout): Dropout(p=0.1, inplace=False)
  )
  (encoder): RobertaEncoder(
    (layer): ModuleList(
      (0-11): 12 x RobertaLayer(
        (attention): RobertaAttention(
          (self): RobertaSelfAttention(
            (query): Linear(in_features=768, out_features=768, bias=True)
            (key): Linear(in_features=768, out_features=768, bias=True)
            (value): Linear(in_features=768, out_features=768, bias=True)
            (dropout): Dropout(p=0.1, inplace=False)
          )
          (output): RobertaSelfOutput(
            (dense): Linear(in_features=768, out_features=768, bias=True)
            (LayerNorm): LayerNorm((768,), eps=1e-05, elementwise_affine=True)
            (dropout): Dropout(p=0.1, inplace=False)
          )
        )
        (intermediate): RobertaIntermediate(
          (dense): Linear(in_features=768, out_features=3072, bias=True)
          (intermediate_act_fn): GELUActivation()
        )
        (output): RobertaOutput(
          (dense): Linear(in_features=3072, out_features=768, bias=True)
          (LayerNorm): LayerNorm((768,), eps=1e-05, elementwise_affine=True)
          (dropout): Dropout(p=0.1, inplace=False)
        )
      )
    )
  )
  (pooler): RobertaPooler(
    (dense): Linear(in_features=768, out_features=768, bias=True)
    (activation): Tanh()
  )
)
INFO:root:roberta-base_D
INFO:root:The number of parameters: 124645632
INFO:root:5 sample adjacenecy matrices
--------------------------------------------------
Text: Undirected graph with 1 connected component, 8 edges, 9 nodes, without cycle, min degree 1, max diameter 5.
Results: [26, 640, 18, 37, 2, -23, True]
--------------------------------------------------
--------------------------------------------------
Text: Undirected graph with max diameter 2, max degree 8, min degree 1, with cycle, 9 nodes, 14 edges.
Results: [23, 614, 18, 35, 2, -26, True]
--------------------------------------------------
--------------------------------------------------
Text: Undirected graph with max diameter 5, 42 nodes, 52 edges, max degree 19.
Results: [26, 652, 20, 35, 2, -23, True]
--------------------------------------------------
--------------------------------------------------
Text: Undirected graph with 5 nodes, min degree 1, 6 edges, 1 connected component, max diameter 3.
Results: [26, 631, 16, 32, 2, -23, True]
--------------------------------------------------
--------------------------------------------------
Text: Undirected graph with 26 edges, min degree 4, 9 nodes, 1 connected component, max diameter 2, max degree 8, with cycle.
Results: [17, 651, 19, 34, 2, -32, True]
--------------------------------------------------

INFO:root:Saved model checkpoints into results/2023-04-23_22-13/models...
INFO:root:Elapsed [0:02:31], Iteration [0/100]:
l_D/R: 0.39, l_D/F: 0.63, l_D: 6.84, l_G: -0.63, l_R: 0.32, l_R/N: 0.09, l_R/M: 0.23
property_match: 0.12, closeness: 0.14, n_match: 0.02, m_match: 0.00, min_deg_match: 0.00, max_deg_match: 0.00, diam_match: 0.05, cc_match: 0.00, cycle_match: 0.61
INFO:root:5 sample adjacenecy matrices
--------------------------------------------------
Text: Undirected graph with min degree 1, max diameter 5, 8 edges, 9 nodes, 1 connected component, without cycle.
Results: [29, 252, 3, 24, 4, -20, True]
--------------------------------------------------
--------------------------------------------------
Text: Undirected graph with 14 edges, max degree 8, min degree 1, 9 nodes, with cycle, max diameter 2.
Results: [27, 259, 2, 28, 3, -22, True]
--------------------------------------------------
--------------------------------------------------
Text: Undirected graph with max diameter 5, min degree 1, with cycle, max degree 19, 52 edges, 42 nodes.
Results: [24, 249, 3, 23, 3, -25, True]
--------------------------------------------------
--------------------------------------------------
Text: Undirected graph with max diameter 3, 6 edges, max degree 3, 5 nodes.
Results: [25, 299, 4, 30, 3, -24, True]
--------------------------------------------------
--------------------------------------------------
Text: Undirected graph with 9 nodes, 26 edges, max degree 8, 1 connected component.
Results: [22, 239, 2, 22, 4, -27, True]
--------------------------------------------------

INFO:root:Elapsed [0:08:00], Iteration [1/100]:
l_D/R: 10.64, l_D/F: -6.92, l_D: -16.75, l_G: 6.93, l_R: 0.13, l_R/N: 0.10, l_R/M: 0.03
INFO:root:5 sample adjacenecy matrices
--------------------------------------------------
Text: Undirected graph with 9 nodes, 8 edges, max degree 3, min degree 1.
Results: [26, 47, 0, 10, 7, -8, True]
--------------------------------------------------
--------------------------------------------------
Text: Undirected graph with with cycle, 14 edges, 9 nodes, max diameter 2, max degree 8, 1 connected component.
Results: [24, 54, 0, 7, 9, -18, True]
--------------------------------------------------
--------------------------------------------------
Text: Undirected graph with 52 edges, with cycle, max diameter 5, 1 connected component, 42 nodes, max degree 19, min degree 1.
Results: [25, 44, 0, 7, 8, -13, True]
--------------------------------------------------
--------------------------------------------------
Text: Undirected graph with 6 edges, max degree 3, 5 nodes, max diameter 3, 1 connected component.
Results: [21, 58, 0, 8, 7, -15, True]
--------------------------------------------------
--------------------------------------------------
Text: Undirected graph with 26 edges, max degree 8, 9 nodes, with cycle.
Results: [23, 54, 0, 6, 9, -18, True]
--------------------------------------------------

INFO:root:Elapsed [0:15:41], Iteration [2/100]:
l_D/R: 4.47, l_D/F: -1.88, l_D: -5.89, l_G: 1.87, l_R: 0.08, l_R/N: 0.08, l_R/M: 0.00
property_match: 0.13, closeness: 0.19, n_match: 0.02, m_match: 0.01, min_deg_match: 0.01, max_deg_match: 0.06, diam_match: 0.03, cc_match: 0.00, cycle_match: 0.61
INFO:root:5 sample adjacenecy matrices
--------------------------------------------------
Text: Undirected graph with without cycle, 8 edges, max degree 3, 9 nodes.
Results: [19, 24, 0, 5, 8, -4, True]
--------------------------------------------------
--------------------------------------------------
Text: Undirected graph with with cycle, max diameter 2, max degree 8, 9 nodes, 14 edges.
Results: [23, 24, 0, 5, 8, 2, True]
--------------------------------------------------
--------------------------------------------------
Text: Undirected graph with 52 edges, max degree 19, with cycle, min degree 1, 42 nodes.
Results: [36, 67, 0, 11, 9, -7, True]
--------------------------------------------------
--------------------------------------------------
Text: Undirected graph with max degree 3, with cycle, min degree 1, 6 edges, 1 connected component, 5 nodes.
Results: [19, 26, 0, 4, 8, -5, True]
--------------------------------------------------
--------------------------------------------------
Text: Undirected graph with max diameter 2, 9 nodes, max degree 8, min degree 4, 26 edges.
Results: [17, 32, 0, 6, 6, -7, True]
--------------------------------------------------

INFO:root:Elapsed [0:21:14], Iteration [3/100]:
l_D/R: 5.05, l_D/F: -4.14, l_D: -6.72, l_G: 4.12, l_R: 0.03, l_R/N: 0.03, l_R/M: 0.00
