INFO:root:Namespace(lm_model='bert-base-uncased', N=50, max_len=128, z_dim=8, mha_dim=768, n_heads=8, gen_dims=[[128, 256, 768], [512, 256, 128]], disc_dims=[[128, 128], [512, 768], [512, 256, 128]], lambda_gp=5, lambda_rew=0.5, lambda_wgan=1, post_method='hard_gumbel', batch_size=128, num_epochs=100, g_lr=0.0005, d_lr=0.0005, r_lr=0.001, dropout=0.0, n_critic=4, test_epochs=100, num_workers=1, mode='train', data_dir='data', saving_dir='results/2023-04-18_00-45', model_save_step=20, lr_update_step=1000, restore_G=None, restore_D=None, restore_R=None, name='symm_fcn_simple_ds_rew_gumbel', log_dir='results/2023-04-18_00-45/logs', model_dir='results/2023-04-18_00-45/models')
INFO:root:Generator(
  (activation_f): ReLU()
  (multi_dense_layer): MultiDenseLayer(
    (linear_layer): Sequential(
      (0): Linear(in_features=8, out_features=128, bias=True)
      (1): Dropout(p=0.0, inplace=False)
      (2): LayerNorm((128,), eps=1e-05, elementwise_affine=True)
      (3): ReLU()
      (4): Linear(in_features=128, out_features=256, bias=True)
      (5): Dropout(p=0.0, inplace=False)
      (6): LayerNorm((256,), eps=1e-05, elementwise_affine=True)
      (7): ReLU()
      (8): Linear(in_features=256, out_features=768, bias=True)
      (9): Dropout(p=0.0, inplace=False)
      (10): LayerNorm((768,), eps=1e-05, elementwise_affine=True)
      (11): ReLU()
    )
  )
  (mha): MultiheadAttention(
    (out_proj): NonDynamicallyQuantizableLinear(in_features=768, out_features=768, bias=True)
  )
  (multi_dense_layer_2): MultiDenseLayer(
    (linear_layer): Sequential(
      (0): Linear(in_features=768, out_features=512, bias=True)
      (1): Dropout(p=0.0, inplace=False)
      (2): LayerNorm((512,), eps=1e-05, elementwise_affine=True)
      (3): ReLU()
      (4): Linear(in_features=512, out_features=256, bias=True)
      (5): Dropout(p=0.0, inplace=False)
      (6): LayerNorm((256,), eps=1e-05, elementwise_affine=True)
      (7): ReLU()
      (8): Linear(in_features=256, out_features=128, bias=True)
      (9): Dropout(p=0.0, inplace=False)
      (10): LayerNorm((128,), eps=1e-05, elementwise_affine=True)
      (11): ReLU()
    )
  )
  (adjM_layer): Linear(in_features=128, out_features=2500, bias=True)
  (dropoout): Dropout(p=0.0, inplace=False)
)
INFO:root:G
INFO:root:The number of parameters: 3478468
INFO:root:Discriminator(
  (activation_f): ReLU()
  (multi_dense_layer): MultiDenseLayer(
    (linear_layer): Sequential(
      (0): Linear(in_features=50, out_features=128, bias=True)
      (1): Dropout(p=0.0, inplace=False)
      (2): LayerNorm((128,), eps=1e-05, elementwise_affine=True)
      (3): ReLU()
      (4): Linear(in_features=128, out_features=128, bias=True)
      (5): Dropout(p=0.0, inplace=False)
      (6): LayerNorm((128,), eps=1e-05, elementwise_affine=True)
      (7): ReLU()
    )
  )
  (multi_dense_layer_2): MultiDenseLayer(
    (linear_layer): Sequential(
      (0): Linear(in_features=6400, out_features=512, bias=True)
      (1): Dropout(p=0.0, inplace=False)
      (2): LayerNorm((512,), eps=1e-05, elementwise_affine=True)
      (3): ReLU()
      (4): Linear(in_features=512, out_features=768, bias=True)
      (5): Dropout(p=0.0, inplace=False)
      (6): LayerNorm((768,), eps=1e-05, elementwise_affine=True)
      (7): ReLU()
    )
  )
  (mha): MultiheadAttention(
    (out_proj): NonDynamicallyQuantizableLinear(in_features=768, out_features=768, bias=True)
  )
  (multi_dense_layer_3): MultiDenseLayer(
    (linear_layer): Sequential(
      (0): Linear(in_features=768, out_features=512, bias=True)
      (1): Dropout(p=0.0, inplace=False)
      (2): LayerNorm((512,), eps=1e-05, elementwise_affine=True)
      (3): ReLU()
      (4): Linear(in_features=512, out_features=256, bias=True)
      (5): Dropout(p=0.0, inplace=False)
      (6): LayerNorm((256,), eps=1e-05, elementwise_affine=True)
      (7): ReLU()
      (8): Linear(in_features=256, out_features=128, bias=True)
      (9): Dropout(p=0.0, inplace=False)
      (10): LayerNorm((128,), eps=1e-05, elementwise_affine=True)
      (11): ReLU()
    )
  )
  (output_layer): Linear(in_features=128, out_features=1, bias=True)
)
INFO:root:D
INFO:root:The number of parameters: 6619649
INFO:root:RewardNet(
  (node_cnt): Sequential(
    (0): Linear(in_features=2500, out_features=256, bias=True)
    (1): ReLU()
    (2): Linear(in_features=256, out_features=128, bias=True)
    (3): ReLU()
    (4): Linear(in_features=128, out_features=1, bias=True)
    (5): Sigmoid()
  )
)
INFO:root:R
INFO:root:The number of parameters: 673281
INFO:root:BertModel(
  (embeddings): BertEmbeddings(
    (word_embeddings): Embedding(30522, 768, padding_idx=0)
    (position_embeddings): Embedding(512, 768)
    (token_type_embeddings): Embedding(2, 768)
    (LayerNorm): LayerNorm((768,), eps=1e-12, elementwise_affine=True)
    (dropout): Dropout(p=0.1, inplace=False)
  )
  (encoder): BertEncoder(
    (layer): ModuleList(
      (0-11): 12 x BertLayer(
        (attention): BertAttention(
          (self): BertSelfAttention(
            (query): Linear(in_features=768, out_features=768, bias=True)
            (key): Linear(in_features=768, out_features=768, bias=True)
            (value): Linear(in_features=768, out_features=768, bias=True)
            (dropout): Dropout(p=0.1, inplace=False)
          )
          (output): BertSelfOutput(
            (dense): Linear(in_features=768, out_features=768, bias=True)
            (LayerNorm): LayerNorm((768,), eps=1e-12, elementwise_affine=True)
            (dropout): Dropout(p=0.1, inplace=False)
          )
        )
        (intermediate): BertIntermediate(
          (dense): Linear(in_features=768, out_features=3072, bias=True)
          (intermediate_act_fn): GELUActivation()
        )
        (output): BertOutput(
          (dense): Linear(in_features=3072, out_features=768, bias=True)
          (LayerNorm): LayerNorm((768,), eps=1e-12, elementwise_affine=True)
          (dropout): Dropout(p=0.1, inplace=False)
        )
      )
    )
  )
  (pooler): BertPooler(
    (dense): Linear(in_features=768, out_features=768, bias=True)
    (activation): Tanh()
  )
)
INFO:root:bert-base-uncased
INFO:root:The number of parameters: 109482240
INFO:root:5 sample adjacenecy matrices
--------------------------------------------------
Text: Generate undirected graph with 50 nodes and 116 edges.
Num Nodes: 50 | Num Edges: 622 | Edg: 1244.0 | Node: 0.47463083267211914
--------------------------------------------------
--------------------------------------------------
Text: Generate undirected graph with 5 nodes and 4 edges.
Num Nodes: 50 | Num Edges: 652 | Edg: 1304.0 | Node: 0.48483821749687195
--------------------------------------------------
--------------------------------------------------
Text: Generate undirected graph with 25 nodes and 36 edges.
Num Nodes: 50 | Num Edges: 643 | Edg: 1287.0 | Node: 0.4797590374946594
--------------------------------------------------
--------------------------------------------------
Text: Generate undirected graph with 50 nodes and 126 edges.
Num Nodes: 50 | Num Edges: 660 | Edg: 1320.0 | Node: 0.48781079053878784
--------------------------------------------------
--------------------------------------------------
Text: Generate undirected graph with 5 nodes and 5 edges.
Num Nodes: 50 | Num Edges: 590 | Edg: 1181.0 | Node: 0.46615901589393616
--------------------------------------------------

INFO:root:Saved model checkpoints into results/2023-04-18_00-45/models...
INFO:root:Elapsed [0:00:49], Iteration [0/100]:
l_D/R: -0.49, l_D/F: -0.48, l_D: 4.71, l_G: 0.48, l_R: 0.35, l_R/N: 0.12, l_R/M: 0.23
property_match: 0.13, closeness: 0.13
INFO:root:5 sample adjacenecy matrices
--------------------------------------------------
Text: Generate undirected graph with 50 nodes and 116 edges.
Num Nodes: 42 | Num Edges: 43 | Edg: 87.0 | Node: 0.4334990084171295
--------------------------------------------------
--------------------------------------------------
Text: Generate undirected graph with 5 nodes and 4 edges.
Num Nodes: 35 | Num Edges: 36 | Edg: 73.0 | Node: 0.42424696683883667
--------------------------------------------------
--------------------------------------------------
Text: Generate undirected graph with 25 nodes and 36 edges.
Num Nodes: 42 | Num Edges: 44 | Edg: 89.0 | Node: 0.43766555190086365
--------------------------------------------------
--------------------------------------------------
Text: Generate undirected graph with 50 nodes and 126 edges.
Num Nodes: 38 | Num Edges: 34 | Edg: 69.0 | Node: 0.44562408328056335
--------------------------------------------------
--------------------------------------------------
Text: Generate undirected graph with 5 nodes and 5 edges.
Num Nodes: 34 | Num Edges: 31 | Edg: 63.0 | Node: 0.45255711674690247
--------------------------------------------------

INFO:root:Elapsed [0:04:46], Iteration [1/100]:
l_D/R: 2.21, l_D/F: -4.28, l_D: -3.16, l_G: 4.32, l_R: 0.12, l_R/N: 0.12, l_R/M: 0.00
property_match: 0.00, closeness: 0.00
INFO:root:5 sample adjacenecy matrices
--------------------------------------------------
Text: Generate undirected graph with 50 nodes and 116 edges.
Num Nodes: 49 | Num Edges: 105 | Edg: 211.0 | Node: 0.9995912909507751
--------------------------------------------------
--------------------------------------------------
Text: Generate undirected graph with 5 nodes and 4 edges.
Num Nodes: 26 | Num Edges: 25 | Edg: 50.0 | Node: 0.24158747494220734
--------------------------------------------------
--------------------------------------------------
Text: Generate undirected graph with 25 nodes and 36 edges.
Num Nodes: 21 | Num Edges: 19 | Edg: 38.0 | Node: 0.27793338894844055
--------------------------------------------------
--------------------------------------------------
Text: Generate undirected graph with 50 nodes and 126 edges.
Num Nodes: 50 | Num Edges: 115 | Edg: 231.0 | Node: 0.9999566078186035
--------------------------------------------------
--------------------------------------------------
Text: Generate undirected graph with 5 nodes and 5 edges.
Num Nodes: 22 | Num Edges: 18 | Edg: 36.0 | Node: 0.2529281973838806
--------------------------------------------------

INFO:root:Elapsed [0:08:44], Iteration [2/100]:
l_D/R: 4.71, l_D/F: 1.50, l_D: -3.12, l_G: -1.51, l_R: 0.02, l_R/N: 0.02, l_R/M: 0.00
property_match: 0.08, closeness: 0.11
INFO:root:5 sample adjacenecy matrices
--------------------------------------------------
Text: Generate undirected graph with 50 nodes and 116 edges.
Num Nodes: 50 | Num Edges: 142 | Edg: 284.0 | Node: 1.0
--------------------------------------------------
--------------------------------------------------
Text: Generate undirected graph with 5 nodes and 4 edges.
Num Nodes: 16 | Num Edges: 13 | Edg: 26.0 | Node: 0.19610483944416046
--------------------------------------------------
--------------------------------------------------
Text: Generate undirected graph with 25 nodes and 36 edges.
Num Nodes: 24 | Num Edges: 26 | Edg: 52.0 | Node: 0.4650617837905884
--------------------------------------------------
--------------------------------------------------
Text: Generate undirected graph with 50 nodes and 126 edges.
Num Nodes: 50 | Num Edges: 116 | Edg: 232.0 | Node: 1.0
--------------------------------------------------
--------------------------------------------------
Text: Generate undirected graph with 5 nodes and 5 edges.
Num Nodes: 15 | Num Edges: 14 | Edg: 28.0 | Node: 0.08466804772615433
--------------------------------------------------

INFO:root:Elapsed [0:12:42], Iteration [3/100]:
l_D/R: 3.74, l_D/F: 1.02, l_D: -2.48, l_G: -1.02, l_R: 0.01, l_R/N: 0.01, l_R/M: 0.00
property_match: 0.08, closeness: 0.12
INFO:root:5 sample adjacenecy matrices
--------------------------------------------------
Text: Generate undirected graph with 50 nodes and 116 edges.
Num Nodes: 50 | Num Edges: 102 | Edg: 204.0 | Node: 0.9999818801879883
--------------------------------------------------
--------------------------------------------------
Text: Generate undirected graph with 5 nodes and 4 edges.
Num Nodes: 12 | Num Edges: 9 | Edg: 18.0 | Node: 0.12299538403749466
--------------------------------------------------
--------------------------------------------------
Text: Generate undirected graph with 25 nodes and 36 edges.
Num Nodes: 25 | Num Edges: 28 | Edg: 56.0 | Node: 0.48944777250289917
--------------------------------------------------
--------------------------------------------------
Text: Generate undirected graph with 50 nodes and 126 edges.
Num Nodes: 48 | Num Edges: 104 | Edg: 208.0 | Node: 0.999891996383667
--------------------------------------------------
--------------------------------------------------
Text: Generate undirected graph with 5 nodes and 5 edges.
Num Nodes: 12 | Num Edges: 9 | Edg: 18.0 | Node: 0.06685631722211838
--------------------------------------------------

INFO:root:Elapsed [0:16:40], Iteration [4/100]:
l_D/R: 3.36, l_D/F: 1.32, l_D: -1.36, l_G: -1.31, l_R: 0.00, l_R/N: 0.00, l_R/M: 0.00
property_match: 0.10, closeness: 0.16
INFO:root:5 sample adjacenecy matrices
--------------------------------------------------
Text: Generate undirected graph with 50 nodes and 116 edges.
Num Nodes: 49 | Num Edges: 99 | Edg: 199.0 | Node: 0.9995741248130798
--------------------------------------------------
--------------------------------------------------
Text: Generate undirected graph with 5 nodes and 4 edges.
Num Nodes: 5 | Num Edges: 5 | Edg: 10.0 | Node: 0.08334476500749588
--------------------------------------------------
--------------------------------------------------
Text: Generate undirected graph with 25 nodes and 36 edges.
Num Nodes: 23 | Num Edges: 20 | Edg: 40.0 | Node: 0.4848264157772064
--------------------------------------------------
--------------------------------------------------
Text: Generate undirected graph with 50 nodes and 126 edges.
Num Nodes: 50 | Num Edges: 98 | Edg: 196.0 | Node: 0.9969446063041687
--------------------------------------------------
--------------------------------------------------
Text: Generate undirected graph with 5 nodes and 5 edges.
Num Nodes: 5 | Num Edges: 4 | Edg: 8.0 | Node: 0.08810893446207047
--------------------------------------------------

INFO:root:Elapsed [0:20:39], Iteration [5/100]:
l_D/R: -0.13, l_D/F: -1.54, l_D: -1.11, l_G: 1.56, l_R: 0.00, l_R/N: 0.00, l_R/M: 0.00
property_match: 0.13, closeness: 0.21
INFO:root:5 sample adjacenecy matrices
--------------------------------------------------
Text: Generate undirected graph with 50 nodes and 116 edges.
Num Nodes: 50 | Num Edges: 143 | Edg: 286.0 | Node: 0.9999656677246094
--------------------------------------------------
--------------------------------------------------
Text: Generate undirected graph with 5 nodes and 4 edges.
Num Nodes: 7 | Num Edges: 6 | Edg: 12.0 | Node: 0.09719844162464142
--------------------------------------------------
--------------------------------------------------
Text: Generate undirected graph with 25 nodes and 36 edges.
Num Nodes: 22 | Num Edges: 31 | Edg: 62.0 | Node: 0.47592249512672424
--------------------------------------------------
--------------------------------------------------
Text: Generate undirected graph with 50 nodes and 126 edges.
Num Nodes: 50 | Num Edges: 152 | Edg: 304.0 | Node: 0.9999650716781616
--------------------------------------------------
--------------------------------------------------
Text: Generate undirected graph with 5 nodes and 5 edges.
Num Nodes: 5 | Num Edges: 7 | Edg: 14.0 | Node: 0.09954975545406342
--------------------------------------------------

INFO:root:Elapsed [0:24:37], Iteration [6/100]:
l_D/R: 2.69, l_D/F: 1.49, l_D: -1.01, l_G: -1.48, l_R: 0.00, l_R/N: 0.00, l_R/M: 0.00
property_match: 0.18, closeness: 0.25
INFO:root:5 sample adjacenecy matrices
--------------------------------------------------
Text: Generate undirected graph with 50 nodes and 116 edges.
Num Nodes: 49 | Num Edges: 125 | Edg: 251.0 | Node: 0.9994420409202576
--------------------------------------------------
--------------------------------------------------
Text: Generate undirected graph with 5 nodes and 4 edges.
Num Nodes: 2 | Num Edges: 1 | Edg: 2.0 | Node: 0.07513979822397232
--------------------------------------------------
--------------------------------------------------
Text: Generate undirected graph with 25 nodes and 36 edges.
Num Nodes: 21 | Num Edges: 27 | Edg: 54.0 | Node: 0.4709639251232147
--------------------------------------------------
--------------------------------------------------
Text: Generate undirected graph with 50 nodes and 126 edges.
Num Nodes: 50 | Num Edges: 124 | Edg: 248.0 | Node: 0.9993725419044495
--------------------------------------------------
--------------------------------------------------
Text: Generate undirected graph with 5 nodes and 5 edges.
Num Nodes: 7 | Num Edges: 7 | Edg: 14.0 | Node: 0.10004822164773941
--------------------------------------------------

INFO:root:Elapsed [0:28:35], Iteration [7/100]:
l_D/R: 0.79, l_D/F: -1.55, l_D: -1.89, l_G: 1.55, l_R: 0.00, l_R/N: 0.00, l_R/M: 0.00
property_match: 0.15, closeness: 0.23
INFO:root:5 sample adjacenecy matrices
--------------------------------------------------
Text: Generate undirected graph with 50 nodes and 116 edges.
Num Nodes: 50 | Num Edges: 132 | Edg: 265.0 | Node: 0.9999048709869385
--------------------------------------------------
--------------------------------------------------
Text: Generate undirected graph with 5 nodes and 4 edges.
Num Nodes: 5 | Num Edges: 3 | Edg: 6.0 | Node: 0.0844947025179863
--------------------------------------------------
--------------------------------------------------
Text: Generate undirected graph with 25 nodes and 36 edges.
Num Nodes: 22 | Num Edges: 21 | Edg: 42.0 | Node: 0.4707379639148712
--------------------------------------------------
--------------------------------------------------
Text: Generate undirected graph with 50 nodes and 126 edges.
Num Nodes: 50 | Num Edges: 148 | Edg: 296.0 | Node: 0.9999942779541016
--------------------------------------------------
--------------------------------------------------
Text: Generate undirected graph with 5 nodes and 5 edges.
Num Nodes: 5 | Num Edges: 5 | Edg: 10.0 | Node: 0.09467242658138275
--------------------------------------------------

INFO:root:Elapsed [0:32:33], Iteration [8/100]:
l_D/R: 2.40, l_D/F: 0.78, l_D: -1.43, l_G: -0.78, l_R: 0.00, l_R/N: 0.00, l_R/M: 0.00
property_match: 0.15, closeness: 0.23
INFO:root:5 sample adjacenecy matrices
--------------------------------------------------
Text: Generate undirected graph with 50 nodes and 116 edges.
Num Nodes: 49 | Num Edges: 118 | Edg: 236.0 | Node: 0.9984176158905029
--------------------------------------------------
--------------------------------------------------
Text: Generate undirected graph with 5 nodes and 4 edges.
Num Nodes: 5 | Num Edges: 5 | Edg: 10.0 | Node: 0.09485109150409698
--------------------------------------------------
--------------------------------------------------
Text: Generate undirected graph with 25 nodes and 36 edges.
Num Nodes: 24 | Num Edges: 27 | Edg: 54.0 | Node: 0.47568434476852417
--------------------------------------------------
--------------------------------------------------
Text: Generate undirected graph with 50 nodes and 126 edges.
Num Nodes: 50 | Num Edges: 122 | Edg: 244.0 | Node: 0.9993000030517578
--------------------------------------------------
--------------------------------------------------
Text: Generate undirected graph with 5 nodes and 5 edges.
Num Nodes: 7 | Num Edges: 5 | Edg: 10.0 | Node: 0.07823444157838821
--------------------------------------------------

INFO:root:Elapsed [0:36:32], Iteration [9/100]:
l_D/R: 0.06, l_D/F: -1.34, l_D: -1.07, l_G: 1.34, l_R: 0.00, l_R/N: 0.00, l_R/M: 0.00
property_match: 0.17, closeness: 0.26
INFO:root:5 sample adjacenecy matrices
--------------------------------------------------
Text: Generate undirected graph with 50 nodes and 116 edges.
Num Nodes: 50 | Num Edges: 118 | Edg: 236.0 | Node: 0.9811290502548218
--------------------------------------------------
--------------------------------------------------
Text: Generate undirected graph with 5 nodes and 4 edges.
Num Nodes: 5 | Num Edges: 5 | Edg: 10.0 | Node: 0.10546382516622543
--------------------------------------------------
--------------------------------------------------
Text: Generate undirected graph with 25 nodes and 36 edges.
Num Nodes: 22 | Num Edges: 31 | Edg: 62.0 | Node: 0.47429344058036804
--------------------------------------------------
--------------------------------------------------
Text: Generate undirected graph with 50 nodes and 126 edges.
Num Nodes: 50 | Num Edges: 130 | Edg: 260.0 | Node: 0.9833322763442993
--------------------------------------------------
--------------------------------------------------
Text: Generate undirected graph with 5 nodes and 5 edges.
Num Nodes: 4 | Num Edges: 3 | Edg: 6.0 | Node: 0.10257098823785782
--------------------------------------------------

INFO:root:Elapsed [0:40:29], Iteration [10/100]:
l_D/R: 1.96, l_D/F: 0.05, l_D: -1.42, l_G: -0.05, l_R: 0.00, l_R/N: 0.00, l_R/M: 0.00
property_match: 0.18, closeness: 0.26
INFO:root:5 sample adjacenecy matrices
--------------------------------------------------
Text: Generate undirected graph with 50 nodes and 116 edges.
Num Nodes: 50 | Num Edges: 125 | Edg: 250.0 | Node: 0.9992355108261108
--------------------------------------------------
--------------------------------------------------
Text: Generate undirected graph with 5 nodes and 4 edges.
Num Nodes: 5 | Num Edges: 3 | Edg: 6.0 | Node: 0.0850503072142601
--------------------------------------------------
--------------------------------------------------
Text: Generate undirected graph with 25 nodes and 36 edges.
Num Nodes: 25 | Num Edges: 30 | Edg: 60.0 | Node: 0.47273409366607666
--------------------------------------------------
--------------------------------------------------
Text: Generate undirected graph with 50 nodes and 126 edges.
Num Nodes: 50 | Num Edges: 125 | Edg: 250.0 | Node: 0.9989269375801086
--------------------------------------------------
--------------------------------------------------
Text: Generate undirected graph with 5 nodes and 5 edges.
Num Nodes: 7 | Num Edges: 8 | Edg: 16.0 | Node: 0.09605918079614639
--------------------------------------------------

INFO:root:Elapsed [0:44:27], Iteration [11/100]:
l_D/R: 1.19, l_D/F: -0.37, l_D: -1.29, l_G: 0.37, l_R: 0.00, l_R/N: 0.00, l_R/M: 0.00
property_match: 0.18, closeness: 0.26
INFO:root:5 sample adjacenecy matrices
--------------------------------------------------
Text: Generate undirected graph with 50 nodes and 116 edges.
Num Nodes: 49 | Num Edges: 99 | Edg: 198.0 | Node: 0.9961976408958435
--------------------------------------------------
--------------------------------------------------
Text: Generate undirected graph with 5 nodes and 4 edges.
Num Nodes: 4 | Num Edges: 5 | Edg: 10.0 | Node: 0.10008798539638519
--------------------------------------------------
--------------------------------------------------
Text: Generate undirected graph with 25 nodes and 36 edges.
Num Nodes: 21 | Num Edges: 31 | Edg: 62.0 | Node: 0.4829139709472656
--------------------------------------------------
--------------------------------------------------
Text: Generate undirected graph with 50 nodes and 126 edges.
Num Nodes: 50 | Num Edges: 96 | Edg: 193.0 | Node: 0.9945729374885559
--------------------------------------------------
--------------------------------------------------
Text: Generate undirected graph with 5 nodes and 5 edges.
Num Nodes: 4 | Num Edges: 5 | Edg: 10.0 | Node: 0.10028690099716187
--------------------------------------------------

INFO:root:Elapsed [0:48:25], Iteration [12/100]:
l_D/R: 1.25, l_D/F: -0.33, l_D: -1.36, l_G: 0.33, l_R: 0.00, l_R/N: 0.00, l_R/M: 0.00
property_match: 0.19, closeness: 0.26
INFO:root:5 sample adjacenecy matrices
--------------------------------------------------
Text: Generate undirected graph with 50 nodes and 116 edges.
Num Nodes: 50 | Num Edges: 148 | Edg: 296.0 | Node: 0.9913290739059448
--------------------------------------------------
--------------------------------------------------
Text: Generate undirected graph with 5 nodes and 4 edges.
Num Nodes: 7 | Num Edges: 5 | Edg: 10.0 | Node: 0.09539227187633514
--------------------------------------------------
--------------------------------------------------
Text: Generate undirected graph with 25 nodes and 36 edges.
Num Nodes: 24 | Num Edges: 49 | Edg: 98.0 | Node: 0.4790819585323334
--------------------------------------------------
--------------------------------------------------
Text: Generate undirected graph with 50 nodes and 126 edges.
Num Nodes: 50 | Num Edges: 146 | Edg: 292.0 | Node: 0.9897593259811401
--------------------------------------------------
--------------------------------------------------
Text: Generate undirected graph with 5 nodes and 5 edges.
Num Nodes: 4 | Num Edges: 4 | Edg: 8.0 | Node: 0.094549261033535
--------------------------------------------------

INFO:root:Elapsed [0:52:23], Iteration [13/100]:
l_D/R: 1.85, l_D/F: 0.14, l_D: -1.43, l_G: -0.14, l_R: 0.00, l_R/N: 0.00, l_R/M: 0.00
property_match: 0.23, closeness: 0.31
INFO:root:5 sample adjacenecy matrices
--------------------------------------------------
Text: Generate undirected graph with 50 nodes and 116 edges.
Num Nodes: 49 | Num Edges: 118 | Edg: 236.0 | Node: 0.9800503849983215
--------------------------------------------------
--------------------------------------------------
Text: Generate undirected graph with 5 nodes and 4 edges.
Num Nodes: 6 | Num Edges: 3 | Edg: 6.0 | Node: 0.07346488535404205
--------------------------------------------------
--------------------------------------------------
Text: Generate undirected graph with 25 nodes and 36 edges.
Num Nodes: 24 | Num Edges: 25 | Edg: 50.0 | Node: 0.47886019945144653
--------------------------------------------------
--------------------------------------------------
Text: Generate undirected graph with 50 nodes and 126 edges.
Num Nodes: 48 | Num Edges: 71 | Edg: 142.0 | Node: 0.9304922223091125
--------------------------------------------------
--------------------------------------------------
Text: Generate undirected graph with 5 nodes and 5 edges.
Num Nodes: 5 | Num Edges: 6 | Edg: 12.0 | Node: 0.1274665892124176
--------------------------------------------------

INFO:root:Elapsed [0:56:21], Iteration [14/100]:
l_D/R: 0.30, l_D/F: -0.94, l_D: -1.07, l_G: 0.95, l_R: 0.00, l_R/N: 0.00, l_R/M: 0.00
property_match: 0.18, closeness: 0.26
INFO:root:5 sample adjacenecy matrices
--------------------------------------------------
Text: Generate undirected graph with 50 nodes and 116 edges.
Num Nodes: 49 | Num Edges: 97 | Edg: 194.0 | Node: 0.97320955991745
--------------------------------------------------
--------------------------------------------------
Text: Generate undirected graph with 5 nodes and 4 edges.
Num Nodes: 2 | Num Edges: 1 | Edg: 2.0 | Node: 0.06787841022014618
--------------------------------------------------
--------------------------------------------------
Text: Generate undirected graph with 25 nodes and 36 edges.
Num Nodes: 18 | Num Edges: 22 | Edg: 44.0 | Node: 0.4716321527957916
--------------------------------------------------
--------------------------------------------------
Text: Generate undirected graph with 50 nodes and 126 edges.
Num Nodes: 47 | Num Edges: 93 | Edg: 186.0 | Node: 0.9410227537155151
--------------------------------------------------
--------------------------------------------------
Text: Generate undirected graph with 5 nodes and 5 edges.
Num Nodes: 3 | Num Edges: 2 | Edg: 4.0 | Node: 0.08601847290992737
--------------------------------------------------

INFO:root:Elapsed [1:00:19], Iteration [15/100]:
l_D/R: 2.85, l_D/F: 1.17, l_D: -1.47, l_G: -1.17, l_R: 0.00, l_R/N: 0.00, l_R/M: 0.00
property_match: 0.17, closeness: 0.25
INFO:root:5 sample adjacenecy matrices
--------------------------------------------------
Text: Generate undirected graph with 50 nodes and 116 edges.
Num Nodes: 50 | Num Edges: 123 | Edg: 246.0 | Node: 0.9999910593032837
--------------------------------------------------
--------------------------------------------------
Text: Generate undirected graph with 5 nodes and 4 edges.
Num Nodes: 5 | Num Edges: 5 | Edg: 10.0 | Node: 0.09326482564210892
--------------------------------------------------
--------------------------------------------------
Text: Generate undirected graph with 25 nodes and 36 edges.
Num Nodes: 24 | Num Edges: 30 | Edg: 60.0 | Node: 0.466979056596756
--------------------------------------------------
--------------------------------------------------
Text: Generate undirected graph with 50 nodes and 126 edges.
Num Nodes: 50 | Num Edges: 133 | Edg: 266.0 | Node: 0.9999898672103882
--------------------------------------------------
--------------------------------------------------
Text: Generate undirected graph with 5 nodes and 5 edges.
Num Nodes: 3 | Num Edges: 3 | Edg: 6.0 | Node: 0.09501610696315765
--------------------------------------------------

INFO:root:Elapsed [1:04:17], Iteration [16/100]:
l_D/R: 2.70, l_D/F: 0.50, l_D: -1.44, l_G: -0.51, l_R: 0.00, l_R/N: 0.00, l_R/M: 0.00
property_match: 0.20, closeness: 0.28
INFO:root:5 sample adjacenecy matrices
--------------------------------------------------
Text: Generate undirected graph with 50 nodes and 116 edges.
Num Nodes: 50 | Num Edges: 125 | Edg: 250.0 | Node: 0.9990713596343994
--------------------------------------------------
--------------------------------------------------
Text: Generate undirected graph with 5 nodes and 4 edges.
Num Nodes: 3 | Num Edges: 2 | Edg: 4.0 | Node: 0.08212067931890488
--------------------------------------------------
--------------------------------------------------
Text: Generate undirected graph with 25 nodes and 36 edges.
Num Nodes: 21 | Num Edges: 31 | Edg: 62.0 | Node: 0.47548115253448486
--------------------------------------------------
--------------------------------------------------
Text: Generate undirected graph with 50 nodes and 126 edges.
Num Nodes: 49 | Num Edges: 111 | Edg: 222.0 | Node: 0.9978079199790955
--------------------------------------------------
--------------------------------------------------
Text: Generate undirected graph with 5 nodes and 5 edges.
Num Nodes: 5 | Num Edges: 5 | Edg: 10.0 | Node: 0.1075509563088417
--------------------------------------------------

INFO:root:Elapsed [1:08:16], Iteration [17/100]:
l_D/R: 3.07, l_D/F: 1.11, l_D: -1.65, l_G: -1.11, l_R: 0.00, l_R/N: 0.00, l_R/M: 0.00
property_match: 0.20, closeness: 0.28
INFO:root:5 sample adjacenecy matrices
--------------------------------------------------
Text: Generate undirected graph with 50 nodes and 116 edges.
Num Nodes: 49 | Num Edges: 114 | Edg: 228.0 | Node: 0.9738880395889282
--------------------------------------------------
--------------------------------------------------
Text: Generate undirected graph with 5 nodes and 4 edges.
Num Nodes: 2 | Num Edges: 1 | Edg: 2.0 | Node: 0.06578005850315094
--------------------------------------------------
--------------------------------------------------
Text: Generate undirected graph with 25 nodes and 36 edges.
Num Nodes: 28 | Num Edges: 41 | Edg: 83.0 | Node: 0.47013723850250244
--------------------------------------------------
--------------------------------------------------
Text: Generate undirected graph with 50 nodes and 126 edges.
Num Nodes: 49 | Num Edges: 141 | Edg: 282.0 | Node: 0.9916308522224426
--------------------------------------------------
--------------------------------------------------
Text: Generate undirected graph with 5 nodes and 5 edges.
Num Nodes: 5 | Num Edges: 4 | Edg: 8.0 | Node: 0.08605267852544785
--------------------------------------------------

INFO:root:Elapsed [1:12:13], Iteration [18/100]:
l_D/R: 2.35, l_D/F: -0.75, l_D: -1.90, l_G: 0.73, l_R: 0.00, l_R/N: 0.00, l_R/M: 0.00
property_match: 0.19, closeness: 0.27
INFO:root:5 sample adjacenecy matrices
--------------------------------------------------
Text: Generate undirected graph with 50 nodes and 116 edges.
Num Nodes: 50 | Num Edges: 127 | Edg: 254.0 | Node: 0.992438793182373
--------------------------------------------------
--------------------------------------------------
Text: Generate undirected graph with 5 nodes and 4 edges.
Num Nodes: 5 | Num Edges: 5 | Edg: 10.0 | Node: 0.09565968811511993
--------------------------------------------------
--------------------------------------------------
Text: Generate undirected graph with 25 nodes and 36 edges.
Num Nodes: 23 | Num Edges: 38 | Edg: 76.0 | Node: 0.4777354896068573
--------------------------------------------------
--------------------------------------------------
Text: Generate undirected graph with 50 nodes and 126 edges.
Num Nodes: 50 | Num Edges: 117 | Edg: 234.0 | Node: 0.9903573393821716
--------------------------------------------------
--------------------------------------------------
Text: Generate undirected graph with 5 nodes and 5 edges.
Num Nodes: 4 | Num Edges: 4 | Edg: 8.0 | Node: 0.10017802566289902
--------------------------------------------------

INFO:root:Elapsed [1:16:12], Iteration [19/100]:
l_D/R: 3.06, l_D/F: 1.10, l_D: -1.31, l_G: -1.11, l_R: 0.00, l_R/N: 0.00, l_R/M: 0.00
property_match: 0.20, closeness: 0.28
INFO:root:5 sample adjacenecy matrices
--------------------------------------------------
Text: Generate undirected graph with 50 nodes and 116 edges.
Num Nodes: 50 | Num Edges: 110 | Edg: 220.0 | Node: 0.9880244135856628
--------------------------------------------------
--------------------------------------------------
Text: Generate undirected graph with 5 nodes and 4 edges.
Num Nodes: 4 | Num Edges: 2 | Edg: 4.0 | Node: 0.07698673754930496
--------------------------------------------------
--------------------------------------------------
Text: Generate undirected graph with 25 nodes and 36 edges.
Num Nodes: 23 | Num Edges: 32 | Edg: 64.0 | Node: 0.4786927103996277
--------------------------------------------------
--------------------------------------------------
Text: Generate undirected graph with 50 nodes and 126 edges.
Num Nodes: 49 | Num Edges: 119 | Edg: 238.0 | Node: 0.9901474118232727
--------------------------------------------------
--------------------------------------------------
Text: Generate undirected graph with 5 nodes and 5 edges.
Num Nodes: 3 | Num Edges: 3 | Edg: 6.0 | Node: 0.09734871983528137
--------------------------------------------------

INFO:root:Saved model checkpoints into results/2023-04-18_00-45/models...
INFO:root:Elapsed [1:20:10], Iteration [20/100]:
l_D/R: 0.53, l_D/F: -1.38, l_D: -1.51, l_G: 1.39, l_R: 0.00, l_R/N: 0.00, l_R/M: 0.00
property_match: 0.19, closeness: 0.27
INFO:root:5 sample adjacenecy matrices
--------------------------------------------------
Text: Generate undirected graph with 50 nodes and 116 edges.
Num Nodes: 50 | Num Edges: 133 | Edg: 266.0 | Node: 0.9958903193473816
--------------------------------------------------
--------------------------------------------------
Text: Generate undirected graph with 5 nodes and 4 edges.
Num Nodes: 2 | Num Edges: 1 | Edg: 2.0 | Node: 0.06572411954402924
--------------------------------------------------
--------------------------------------------------
Text: Generate undirected graph with 25 nodes and 36 edges.
Num Nodes: 27 | Num Edges: 35 | Edg: 70.0 | Node: 0.4927552342414856
--------------------------------------------------
--------------------------------------------------
Text: Generate undirected graph with 50 nodes and 126 edges.
Num Nodes: 50 | Num Edges: 132 | Edg: 265.0 | Node: 0.9933410286903381
--------------------------------------------------
--------------------------------------------------
Text: Generate undirected graph with 5 nodes and 5 edges.
Num Nodes: 5 | Num Edges: 5 | Edg: 10.0 | Node: 0.09037155658006668
--------------------------------------------------

INFO:root:Elapsed [1:24:09], Iteration [21/100]:
l_D/R: 0.50, l_D/F: -1.54, l_D: -1.45, l_G: 1.54, l_R: 0.00, l_R/N: 0.00, l_R/M: 0.00
property_match: 0.23, closeness: 0.31
INFO:root:5 sample adjacenecy matrices
--------------------------------------------------
Text: Generate undirected graph with 50 nodes and 116 edges.
Num Nodes: 50 | Num Edges: 102 | Edg: 205.0 | Node: 0.9679068922996521
--------------------------------------------------
--------------------------------------------------
Text: Generate undirected graph with 5 nodes and 4 edges.
Num Nodes: 3 | Num Edges: 2 | Edg: 4.0 | Node: 0.08308306336402893
--------------------------------------------------
--------------------------------------------------
Text: Generate undirected graph with 25 nodes and 36 edges.
Num Nodes: 25 | Num Edges: 33 | Edg: 66.0 | Node: 0.48482197523117065
--------------------------------------------------
--------------------------------------------------
Text: Generate undirected graph with 50 nodes and 126 edges.
Num Nodes: 50 | Num Edges: 115 | Edg: 230.0 | Node: 0.9927511215209961
--------------------------------------------------
--------------------------------------------------
Text: Generate undirected graph with 5 nodes and 5 edges.
Num Nodes: 4 | Num Edges: 4 | Edg: 8.0 | Node: 0.0911228135228157
--------------------------------------------------

INFO:root:Elapsed [1:28:07], Iteration [22/100]:
l_D/R: 0.48, l_D/F: -1.15, l_D: -1.40, l_G: 1.15, l_R: 0.00, l_R/N: 0.00, l_R/M: 0.00
property_match: 0.20, closeness: 0.29
INFO:root:5 sample adjacenecy matrices
--------------------------------------------------
Text: Generate undirected graph with 50 nodes and 116 edges.
Num Nodes: 50 | Num Edges: 108 | Edg: 217.0 | Node: 0.9968984127044678
--------------------------------------------------
--------------------------------------------------
Text: Generate undirected graph with 5 nodes and 4 edges.
Num Nodes: 6 | Num Edges: 4 | Edg: 8.0 | Node: 0.09682267159223557
--------------------------------------------------
--------------------------------------------------
Text: Generate undirected graph with 25 nodes and 36 edges.
Num Nodes: 22 | Num Edges: 28 | Edg: 56.0 | Node: 0.4821547865867615
--------------------------------------------------
--------------------------------------------------
Text: Generate undirected graph with 50 nodes and 126 edges.
Num Nodes: 49 | Num Edges: 119 | Edg: 238.0 | Node: 0.9952619075775146
--------------------------------------------------
--------------------------------------------------
Text: Generate undirected graph with 5 nodes and 5 edges.
Num Nodes: 6 | Num Edges: 7 | Edg: 14.0 | Node: 0.10437669605016708
--------------------------------------------------

INFO:root:Elapsed [1:32:05], Iteration [23/100]:
l_D/R: 0.28, l_D/F: -1.93, l_D: -1.64, l_G: 1.93, l_R: 0.00, l_R/N: 0.00, l_R/M: 0.00
property_match: 0.22, closeness: 0.30
INFO:root:5 sample adjacenecy matrices
--------------------------------------------------
Text: Generate undirected graph with 50 nodes and 116 edges.
Num Nodes: 50 | Num Edges: 99 | Edg: 198.0 | Node: 0.9720613956451416
--------------------------------------------------
--------------------------------------------------
Text: Generate undirected graph with 5 nodes and 4 edges.
Num Nodes: 5 | Num Edges: 5 | Edg: 10.0 | Node: 0.09334179759025574
--------------------------------------------------
--------------------------------------------------
Text: Generate undirected graph with 25 nodes and 36 edges.
Num Nodes: 20 | Num Edges: 29 | Edg: 58.0 | Node: 0.4729915261268616
--------------------------------------------------
--------------------------------------------------
Text: Generate undirected graph with 50 nodes and 126 edges.
Num Nodes: 50 | Num Edges: 120 | Edg: 240.0 | Node: 0.9870643615722656
--------------------------------------------------
--------------------------------------------------
Text: Generate undirected graph with 5 nodes and 5 edges.
Num Nodes: 5 | Num Edges: 4 | Edg: 8.0 | Node: 0.09659618139266968
--------------------------------------------------

INFO:root:Elapsed [1:36:03], Iteration [24/100]:
l_D/R: 2.07, l_D/F: -0.53, l_D: -1.75, l_G: 0.54, l_R: 0.00, l_R/N: 0.00, l_R/M: 0.00
property_match: 0.19, closeness: 0.28
INFO:root:5 sample adjacenecy matrices
--------------------------------------------------
Text: Generate undirected graph with 50 nodes and 116 edges.
Num Nodes: 50 | Num Edges: 122 | Edg: 245.0 | Node: 0.9920852780342102
--------------------------------------------------
--------------------------------------------------
Text: Generate undirected graph with 5 nodes and 4 edges.
Num Nodes: 4 | Num Edges: 3 | Edg: 6.0 | Node: 0.08480532467365265
--------------------------------------------------
--------------------------------------------------
Text: Generate undirected graph with 25 nodes and 36 edges.
Num Nodes: 24 | Num Edges: 30 | Edg: 60.0 | Node: 0.4731023609638214
--------------------------------------------------
--------------------------------------------------
Text: Generate undirected graph with 50 nodes and 126 edges.
Num Nodes: 50 | Num Edges: 117 | Edg: 234.0 | Node: 0.9906022548675537
--------------------------------------------------
--------------------------------------------------
Text: Generate undirected graph with 5 nodes and 5 edges.
Num Nodes: 5 | Num Edges: 4 | Edg: 8.0 | Node: 0.0931401327252388
--------------------------------------------------

INFO:root:Elapsed [1:40:02], Iteration [25/100]:
l_D/R: 1.13, l_D/F: -1.06, l_D: -1.79, l_G: 1.06, l_R: 0.00, l_R/N: 0.00, l_R/M: 0.00
property_match: 0.20, closeness: 0.28
INFO:root:5 sample adjacenecy matrices
--------------------------------------------------
Text: Generate undirected graph with 50 nodes and 116 edges.
Num Nodes: 50 | Num Edges: 117 | Edg: 234.0 | Node: 0.9828130602836609
--------------------------------------------------
--------------------------------------------------
Text: Generate undirected graph with 5 nodes and 4 edges.
Num Nodes: 5 | Num Edges: 3 | Edg: 6.0 | Node: 0.08016036450862885
--------------------------------------------------
--------------------------------------------------
Text: Generate undirected graph with 25 nodes and 36 edges.
Num Nodes: 23 | Num Edges: 28 | Edg: 56.0 | Node: 0.477439820766449
--------------------------------------------------
--------------------------------------------------
Text: Generate undirected graph with 50 nodes and 126 edges.
Num Nodes: 49 | Num Edges: 115 | Edg: 230.0 | Node: 0.997236967086792
--------------------------------------------------
--------------------------------------------------
Text: Generate undirected graph with 5 nodes and 5 edges.
Num Nodes: 5 | Num Edges: 5 | Edg: 10.0 | Node: 0.09231789410114288
--------------------------------------------------

INFO:root:Elapsed [1:44:00], Iteration [26/100]:
l_D/R: -0.98, l_D/F: -3.15, l_D: -1.68, l_G: 3.13, l_R: 0.00, l_R/N: 0.00, l_R/M: 0.00
property_match: 0.22, closeness: 0.31
INFO:root:5 sample adjacenecy matrices
--------------------------------------------------
Text: Generate undirected graph with 50 nodes and 116 edges.
Num Nodes: 49 | Num Edges: 114 | Edg: 228.0 | Node: 0.987491250038147
--------------------------------------------------
--------------------------------------------------
Text: Generate undirected graph with 5 nodes and 4 edges.
Num Nodes: 5 | Num Edges: 4 | Edg: 8.0 | Node: 0.08716492354869843
--------------------------------------------------
--------------------------------------------------
Text: Generate undirected graph with 25 nodes and 36 edges.
Num Nodes: 23 | Num Edges: 39 | Edg: 78.0 | Node: 0.4907006323337555
--------------------------------------------------
--------------------------------------------------
Text: Generate undirected graph with 50 nodes and 126 edges.
Num Nodes: 50 | Num Edges: 117 | Edg: 234.0 | Node: 0.9823221564292908
--------------------------------------------------
--------------------------------------------------
Text: Generate undirected graph with 5 nodes and 5 edges.
Num Nodes: 5 | Num Edges: 7 | Edg: 14.0 | Node: 0.09606508910655975
--------------------------------------------------

INFO:root:Elapsed [1:47:59], Iteration [27/100]:
l_D/R: 1.70, l_D/F: -0.79, l_D: -1.81, l_G: 0.78, l_R: 0.00, l_R/N: 0.00, l_R/M: 0.00
property_match: 0.21, closeness: 0.29
INFO:root:5 sample adjacenecy matrices
--------------------------------------------------
Text: Generate undirected graph with 50 nodes and 116 edges.
Num Nodes: 49 | Num Edges: 111 | Edg: 223.0 | Node: 0.9729064106941223
--------------------------------------------------
--------------------------------------------------
Text: Generate undirected graph with 5 nodes and 4 edges.
Num Nodes: 4 | Num Edges: 3 | Edg: 6.0 | Node: 0.0887427106499672
--------------------------------------------------
--------------------------------------------------
Text: Generate undirected graph with 25 nodes and 36 edges.
Num Nodes: 31 | Num Edges: 42 | Edg: 84.0 | Node: 0.4794534146785736
--------------------------------------------------
--------------------------------------------------
Text: Generate undirected graph with 50 nodes and 126 edges.
Num Nodes: 48 | Num Edges: 109 | Edg: 218.0 | Node: 0.9865155220031738
--------------------------------------------------
--------------------------------------------------
Text: Generate undirected graph with 5 nodes and 5 edges.
Num Nodes: 4 | Num Edges: 3 | Edg: 6.0 | Node: 0.0944744199514389
--------------------------------------------------

INFO:root:Elapsed [1:51:57], Iteration [28/100]:
l_D/R: 2.23, l_D/F: 0.65, l_D: -1.24, l_G: -0.65, l_R: 0.00, l_R/N: 0.00, l_R/M: 0.00
property_match: 0.20, closeness: 0.28
INFO:root:5 sample adjacenecy matrices
--------------------------------------------------
Text: Generate undirected graph with 50 nodes and 116 edges.
Num Nodes: 47 | Num Edges: 101 | Edg: 202.0 | Node: 0.9829217195510864
--------------------------------------------------
--------------------------------------------------
Text: Generate undirected graph with 5 nodes and 4 edges.
Num Nodes: 4 | Num Edges: 2 | Edg: 5.0 | Node: 0.07281755656003952
--------------------------------------------------
--------------------------------------------------
Text: Generate undirected graph with 25 nodes and 36 edges.
Num Nodes: 27 | Num Edges: 31 | Edg: 62.0 | Node: 0.47552818059921265
--------------------------------------------------
--------------------------------------------------
Text: Generate undirected graph with 50 nodes and 126 edges.
Num Nodes: 50 | Num Edges: 112 | Edg: 224.0 | Node: 0.9928269982337952
--------------------------------------------------
--------------------------------------------------
Text: Generate undirected graph with 5 nodes and 5 edges.
Num Nodes: 4 | Num Edges: 3 | Edg: 6.0 | Node: 0.0801219493150711
--------------------------------------------------

INFO:root:Elapsed [1:55:55], Iteration [29/100]:
l_D/R: 2.18, l_D/F: 0.60, l_D: -1.22, l_G: -0.60, l_R: 0.00, l_R/N: 0.00, l_R/M: 0.00
property_match: 0.23, closeness: 0.31
INFO:root:5 sample adjacenecy matrices
--------------------------------------------------
Text: Generate undirected graph with 50 nodes and 116 edges.
Num Nodes: 49 | Num Edges: 123 | Edg: 246.0 | Node: 0.9892449378967285
--------------------------------------------------
--------------------------------------------------
Text: Generate undirected graph with 5 nodes and 4 edges.
Num Nodes: 5 | Num Edges: 4 | Edg: 8.0 | Node: 0.08759336918592453
--------------------------------------------------
--------------------------------------------------
Text: Generate undirected graph with 25 nodes and 36 edges.
Num Nodes: 22 | Num Edges: 33 | Edg: 67.0 | Node: 0.4745393693447113
--------------------------------------------------
--------------------------------------------------
Text: Generate undirected graph with 50 nodes and 126 edges.
Num Nodes: 50 | Num Edges: 145 | Edg: 290.0 | Node: 0.990995466709137
--------------------------------------------------
--------------------------------------------------
Text: Generate undirected graph with 5 nodes and 5 edges.
Num Nodes: 5 | Num Edges: 6 | Edg: 12.0 | Node: 0.09023196995258331
--------------------------------------------------

INFO:root:Elapsed [1:59:53], Iteration [30/100]:
l_D/R: 1.43, l_D/F: -0.90, l_D: -1.90, l_G: 0.91, l_R: 0.00, l_R/N: 0.00, l_R/M: 0.00
property_match: 0.21, closeness: 0.29
INFO:root:5 sample adjacenecy matrices
--------------------------------------------------
Text: Generate undirected graph with 50 nodes and 116 edges.
Num Nodes: 50 | Num Edges: 135 | Edg: 270.0 | Node: 0.9977579712867737
--------------------------------------------------
--------------------------------------------------
Text: Generate undirected graph with 5 nodes and 4 edges.
Num Nodes: 3 | Num Edges: 2 | Edg: 4.0 | Node: 0.08378870785236359
--------------------------------------------------
--------------------------------------------------
Text: Generate undirected graph with 25 nodes and 36 edges.
Num Nodes: 29 | Num Edges: 35 | Edg: 70.0 | Node: 0.5648218989372253
--------------------------------------------------
--------------------------------------------------
Text: Generate undirected graph with 50 nodes and 126 edges.
Num Nodes: 50 | Num Edges: 116 | Edg: 233.0 | Node: 0.9885231852531433
--------------------------------------------------
--------------------------------------------------
Text: Generate undirected graph with 5 nodes and 5 edges.
Num Nodes: 5 | Num Edges: 7 | Edg: 14.0 | Node: 0.09553350508213043
--------------------------------------------------

INFO:root:Elapsed [2:03:52], Iteration [31/100]:
l_D/R: 1.39, l_D/F: -0.74, l_D: -1.63, l_G: 0.74, l_R: 0.00, l_R/N: 0.00, l_R/M: 0.00
property_match: 0.21, closeness: 0.29
INFO:root:5 sample adjacenecy matrices
--------------------------------------------------
Text: Generate undirected graph with 50 nodes and 116 edges.
Num Nodes: 50 | Num Edges: 121 | Edg: 243.0 | Node: 0.9934512376785278
--------------------------------------------------
--------------------------------------------------
Text: Generate undirected graph with 5 nodes and 4 edges.
Num Nodes: 4 | Num Edges: 2 | Edg: 4.0 | Node: 0.07753008604049683
--------------------------------------------------
--------------------------------------------------
Text: Generate undirected graph with 25 nodes and 36 edges.
Num Nodes: 25 | Num Edges: 41 | Edg: 82.0 | Node: 0.4896053969860077
--------------------------------------------------
--------------------------------------------------
Text: Generate undirected graph with 50 nodes and 126 edges.
Num Nodes: 50 | Num Edges: 123 | Edg: 247.0 | Node: 0.9938691854476929
--------------------------------------------------
--------------------------------------------------
Text: Generate undirected graph with 5 nodes and 5 edges.
Num Nodes: 4 | Num Edges: 4 | Edg: 8.0 | Node: 0.09898494184017181
--------------------------------------------------

INFO:root:Elapsed [2:07:51], Iteration [32/100]:
l_D/R: 1.04, l_D/F: -1.74, l_D: -1.86, l_G: 1.74, l_R: 0.00, l_R/N: 0.00, l_R/M: 0.00
property_match: 0.23, closeness: 0.32
INFO:root:5 sample adjacenecy matrices
--------------------------------------------------
Text: Generate undirected graph with 50 nodes and 116 edges.
Num Nodes: 50 | Num Edges: 124 | Edg: 249.0 | Node: 0.9891491532325745
--------------------------------------------------
--------------------------------------------------
Text: Generate undirected graph with 5 nodes and 4 edges.
Num Nodes: 5 | Num Edges: 6 | Edg: 12.0 | Node: 0.09680168330669403
--------------------------------------------------
--------------------------------------------------
Text: Generate undirected graph with 25 nodes and 36 edges.
Num Nodes: 23 | Num Edges: 30 | Edg: 61.0 | Node: 0.474640429019928
--------------------------------------------------
--------------------------------------------------
Text: Generate undirected graph with 50 nodes and 126 edges.
Num Nodes: 49 | Num Edges: 113 | Edg: 227.0 | Node: 0.9835407137870789
--------------------------------------------------
--------------------------------------------------
Text: Generate undirected graph with 5 nodes and 5 edges.
Num Nodes: 4 | Num Edges: 3 | Edg: 6.0 | Node: 0.09641004353761673
--------------------------------------------------

INFO:root:Elapsed [2:11:49], Iteration [33/100]:
l_D/R: 1.04, l_D/F: -1.50, l_D: -1.99, l_G: 1.51, l_R: 0.00, l_R/N: 0.00, l_R/M: 0.00
property_match: 0.22, closeness: 0.31
INFO:root:5 sample adjacenecy matrices
--------------------------------------------------
Text: Generate undirected graph with 50 nodes and 116 edges.
Num Nodes: 49 | Num Edges: 106 | Edg: 212.0 | Node: 0.9863311052322388
--------------------------------------------------
--------------------------------------------------
Text: Generate undirected graph with 5 nodes and 4 edges.
Num Nodes: 4 | Num Edges: 5 | Edg: 10.0 | Node: 0.08573003858327866
--------------------------------------------------
--------------------------------------------------
Text: Generate undirected graph with 25 nodes and 36 edges.
Num Nodes: 25 | Num Edges: 44 | Edg: 89.0 | Node: 0.4768485426902771
--------------------------------------------------
--------------------------------------------------
Text: Generate undirected graph with 50 nodes and 126 edges.
Num Nodes: 50 | Num Edges: 125 | Edg: 250.0 | Node: 0.9912853837013245
--------------------------------------------------
--------------------------------------------------
Text: Generate undirected graph with 5 nodes and 5 edges.
Num Nodes: 4 | Num Edges: 4 | Edg: 8.0 | Node: 0.09056169539690018
--------------------------------------------------

INFO:root:Elapsed [2:15:47], Iteration [34/100]:
l_D/R: 0.17, l_D/F: -2.88, l_D: -2.31, l_G: 2.88, l_R: 0.00, l_R/N: 0.00, l_R/M: 0.00
property_match: 0.25, closeness: 0.34
INFO:root:5 sample adjacenecy matrices
--------------------------------------------------
Text: Generate undirected graph with 50 nodes and 116 edges.
Num Nodes: 49 | Num Edges: 120 | Edg: 240.0 | Node: 0.9948108196258545
--------------------------------------------------
--------------------------------------------------
Text: Generate undirected graph with 5 nodes and 4 edges.
Num Nodes: 5 | Num Edges: 6 | Edg: 12.0 | Node: 0.08035524189472198
--------------------------------------------------
--------------------------------------------------
Text: Generate undirected graph with 25 nodes and 36 edges.
Num Nodes: 23 | Num Edges: 42 | Edg: 85.0 | Node: 0.4815704822540283
--------------------------------------------------
--------------------------------------------------
Text: Generate undirected graph with 50 nodes and 126 edges.
Num Nodes: 50 | Num Edges: 128 | Edg: 256.0 | Node: 0.996574878692627
--------------------------------------------------
--------------------------------------------------
Text: Generate undirected graph with 5 nodes and 5 edges.
Num Nodes: 5 | Num Edges: 5 | Edg: 10.0 | Node: 0.08653637766838074
--------------------------------------------------

INFO:root:Elapsed [2:19:45], Iteration [35/100]:
l_D/R: 1.70, l_D/F: -0.95, l_D: -1.97, l_G: 0.95, l_R: 0.00, l_R/N: 0.00, l_R/M: 0.00
property_match: 0.23, closeness: 0.32
INFO:root:5 sample adjacenecy matrices
--------------------------------------------------
Text: Generate undirected graph with 50 nodes and 116 edges.
Num Nodes: 50 | Num Edges: 129 | Edg: 258.0 | Node: 0.9924546480178833
--------------------------------------------------
--------------------------------------------------
Text: Generate undirected graph with 5 nodes and 4 edges.
Num Nodes: 2 | Num Edges: 1 | Edg: 2.0 | Node: 0.07398103177547455
--------------------------------------------------
--------------------------------------------------
Text: Generate undirected graph with 25 nodes and 36 edges.
Num Nodes: 28 | Num Edges: 47 | Edg: 94.0 | Node: 0.4719863533973694
--------------------------------------------------
--------------------------------------------------
Text: Generate undirected graph with 50 nodes and 126 edges.
Num Nodes: 50 | Num Edges: 136 | Edg: 273.0 | Node: 0.9890198111534119
--------------------------------------------------
--------------------------------------------------
Text: Generate undirected graph with 5 nodes and 5 edges.
Num Nodes: 5 | Num Edges: 6 | Edg: 12.0 | Node: 0.09668096899986267
--------------------------------------------------

INFO:root:Elapsed [2:23:44], Iteration [36/100]:
l_D/R: 1.57, l_D/F: -1.26, l_D: -2.25, l_G: 1.26, l_R: 0.00, l_R/N: 0.00, l_R/M: 0.00
property_match: 0.22, closeness: 0.30
INFO:root:5 sample adjacenecy matrices
--------------------------------------------------
Text: Generate undirected graph with 50 nodes and 116 edges.
Num Nodes: 49 | Num Edges: 134 | Edg: 269.0 | Node: 0.9912607073783875
--------------------------------------------------
--------------------------------------------------
Text: Generate undirected graph with 5 nodes and 4 edges.
Num Nodes: 5 | Num Edges: 5 | Edg: 10.0 | Node: 0.0968867838382721
--------------------------------------------------
--------------------------------------------------
Text: Generate undirected graph with 25 nodes and 36 edges.
Num Nodes: 25 | Num Edges: 38 | Edg: 76.0 | Node: 0.4782196581363678
--------------------------------------------------
--------------------------------------------------
Text: Generate undirected graph with 50 nodes and 126 edges.
Num Nodes: 50 | Num Edges: 118 | Edg: 237.0 | Node: 0.9926819205284119
--------------------------------------------------
--------------------------------------------------
Text: Generate undirected graph with 5 nodes and 5 edges.
Num Nodes: 6 | Num Edges: 5 | Edg: 10.0 | Node: 0.12647944688796997
--------------------------------------------------

INFO:root:Elapsed [2:27:42], Iteration [37/100]:
l_D/R: 1.38, l_D/F: -1.66, l_D: -1.92, l_G: 1.65, l_R: 0.00, l_R/N: 0.00, l_R/M: 0.00
property_match: 0.21, closeness: 0.30
INFO:root:5 sample adjacenecy matrices
--------------------------------------------------
Text: Generate undirected graph with 50 nodes and 116 edges.
Num Nodes: 50 | Num Edges: 124 | Edg: 248.0 | Node: 0.9882808327674866
--------------------------------------------------
--------------------------------------------------
Text: Generate undirected graph with 5 nodes and 4 edges.
Num Nodes: 4 | Num Edges: 4 | Edg: 8.0 | Node: 0.08698815107345581
--------------------------------------------------
--------------------------------------------------
Text: Generate undirected graph with 25 nodes and 36 edges.
Num Nodes: 27 | Num Edges: 44 | Edg: 88.0 | Node: 0.4730665385723114
--------------------------------------------------
--------------------------------------------------
Text: Generate undirected graph with 50 nodes and 126 edges.
Num Nodes: 50 | Num Edges: 116 | Edg: 232.0 | Node: 0.9805321097373962
--------------------------------------------------
--------------------------------------------------
Text: Generate undirected graph with 5 nodes and 5 edges.
Num Nodes: 5 | Num Edges: 4 | Edg: 8.0 | Node: 0.1026458665728569
--------------------------------------------------

INFO:root:Elapsed [2:31:40], Iteration [38/100]:
l_D/R: 1.35, l_D/F: -1.66, l_D: -1.78, l_G: 1.65, l_R: 0.00, l_R/N: 0.00, l_R/M: 0.00
property_match: 0.25, closeness: 0.33
INFO:root:5 sample adjacenecy matrices
--------------------------------------------------
Text: Generate undirected graph with 50 nodes and 116 edges.
Num Nodes: 50 | Num Edges: 131 | Edg: 262.0 | Node: 0.9910203814506531
--------------------------------------------------
--------------------------------------------------
Text: Generate undirected graph with 5 nodes and 4 edges.
Num Nodes: 5 | Num Edges: 7 | Edg: 14.0 | Node: 0.09735210984945297
--------------------------------------------------
--------------------------------------------------
Text: Generate undirected graph with 25 nodes and 36 edges.
Num Nodes: 21 | Num Edges: 30 | Edg: 60.0 | Node: 0.47593918442726135
--------------------------------------------------
--------------------------------------------------
Text: Generate undirected graph with 50 nodes and 126 edges.
Num Nodes: 50 | Num Edges: 116 | Edg: 232.0 | Node: 0.9932096600532532
--------------------------------------------------
--------------------------------------------------
Text: Generate undirected graph with 5 nodes and 5 edges.
Num Nodes: 5 | Num Edges: 6 | Edg: 12.0 | Node: 0.09389553219079971
--------------------------------------------------

INFO:root:Elapsed [2:35:39], Iteration [39/100]:
l_D/R: 1.21, l_D/F: -1.40, l_D: -1.97, l_G: 1.41, l_R: 0.00, l_R/N: 0.00, l_R/M: 0.00
property_match: 0.22, closeness: 0.31
INFO:root:5 sample adjacenecy matrices
--------------------------------------------------
Text: Generate undirected graph with 50 nodes and 116 edges.
Num Nodes: 50 | Num Edges: 142 | Edg: 285.0 | Node: 0.9945068955421448
--------------------------------------------------
--------------------------------------------------
Text: Generate undirected graph with 5 nodes and 4 edges.
Num Nodes: 5 | Num Edges: 7 | Edg: 14.0 | Node: 0.09881018102169037
--------------------------------------------------
--------------------------------------------------
Text: Generate undirected graph with 25 nodes and 36 edges.
Num Nodes: 22 | Num Edges: 39 | Edg: 79.0 | Node: 0.4833068549633026
--------------------------------------------------
--------------------------------------------------
Text: Generate undirected graph with 50 nodes and 126 edges.
Num Nodes: 50 | Num Edges: 158 | Edg: 316.0 | Node: 0.9970977306365967
--------------------------------------------------
--------------------------------------------------
Text: Generate undirected graph with 5 nodes and 5 edges.
Num Nodes: 5 | Num Edges: 5 | Edg: 10.0 | Node: 0.09954755753278732
--------------------------------------------------

INFO:root:Saved model checkpoints into results/2023-04-18_00-45/models...
INFO:root:Elapsed [2:39:36], Iteration [40/100]:
l_D/R: 1.83, l_D/F: -1.11, l_D: -2.00, l_G: 1.11, l_R: 0.00, l_R/N: 0.00, l_R/M: 0.00
property_match: 0.23, closeness: 0.32
INFO:root:5 sample adjacenecy matrices
--------------------------------------------------
Text: Generate undirected graph with 50 nodes and 116 edges.
Num Nodes: 48 | Num Edges: 90 | Edg: 180.0 | Node: 0.9848266839981079
--------------------------------------------------
--------------------------------------------------
Text: Generate undirected graph with 5 nodes and 4 edges.
Num Nodes: 2 | Num Edges: 1 | Edg: 2.0 | Node: 0.06663703918457031
--------------------------------------------------
--------------------------------------------------
Text: Generate undirected graph with 25 nodes and 36 edges.
Num Nodes: 24 | Num Edges: 42 | Edg: 84.0 | Node: 0.47511062026023865
--------------------------------------------------
--------------------------------------------------
Text: Generate undirected graph with 50 nodes and 126 edges.
Num Nodes: 50 | Num Edges: 112 | Edg: 224.0 | Node: 0.994377076625824
--------------------------------------------------
--------------------------------------------------
Text: Generate undirected graph with 5 nodes and 5 edges.
Num Nodes: 5 | Num Edges: 6 | Edg: 12.0 | Node: 0.09497521817684174
--------------------------------------------------

INFO:root:Elapsed [2:43:35], Iteration [41/100]:
l_D/R: 1.49, l_D/F: -0.64, l_D: -1.84, l_G: 0.64, l_R: 0.00, l_R/N: 0.00, l_R/M: 0.00
property_match: 0.20, closeness: 0.28
INFO:root:5 sample adjacenecy matrices
--------------------------------------------------
Text: Generate undirected graph with 50 nodes and 116 edges.
Num Nodes: 49 | Num Edges: 104 | Edg: 208.0 | Node: 0.9913552403450012
--------------------------------------------------
--------------------------------------------------
Text: Generate undirected graph with 5 nodes and 4 edges.
Num Nodes: 3 | Num Edges: 2 | Edg: 4.0 | Node: 0.09117995202541351
--------------------------------------------------
--------------------------------------------------
Text: Generate undirected graph with 25 nodes and 36 edges.
Num Nodes: 25 | Num Edges: 43 | Edg: 86.0 | Node: 0.4822865128517151
--------------------------------------------------
--------------------------------------------------
Text: Generate undirected graph with 50 nodes and 126 edges.
Num Nodes: 48 | Num Edges: 97 | Edg: 195.0 | Node: 0.9887583255767822
--------------------------------------------------
--------------------------------------------------
Text: Generate undirected graph with 5 nodes and 5 edges.
Num Nodes: 6 | Num Edges: 5 | Edg: 10.0 | Node: 0.09927041083574295
--------------------------------------------------

INFO:root:Elapsed [2:47:34], Iteration [42/100]:
l_D/R: 2.47, l_D/F: -0.52, l_D: -1.89, l_G: 0.52, l_R: 0.00, l_R/N: 0.00, l_R/M: 0.00
property_match: 0.19, closeness: 0.27
