INFO:root:Namespace(lm_model='roberta-base', N=50, max_len=128, z_dim=8, mha_dim=768, n_heads=8, gen_dims=[[128, 256, 768], [512, 512]], disc_dims=[[128, 128], [512, 768], [512, 256, 128]], lambda_gp=5, lambda_rew=0.5, lambda_wgan=1, post_method='hard_gumbel', batch_size=128, num_epochs=100, g_lr=0.0002, d_lr=0.0002, b_lr=1e-05, dropout=0, n_critic=4, test_epochs=100, num_workers=1, mode='train', bert_unfreeze=0, data_dir='data/graphgen', saving_dir='results/2023-04-22_15-23', model_save_step=20, lr_update_step=1000, restore_G=None, restore_D=None, restore_B_D=None, restore_B_G=None, name='symm_fcn_final_ds_gumbel_roberta_rew', log_dir='results/2023-04-22_15-23/logs', model_dir='results/2023-04-22_15-23/models')
INFO:root:Generator(
  (activation_f): ReLU()
  (multi_dense_layer): MultiDenseLayer(
    (linear_layer): Sequential(
      (0): Linear(in_features=8, out_features=128, bias=True)
      (1): Dropout(p=0, inplace=False)
      (2): LayerNorm((128,), eps=1e-05, elementwise_affine=True)
      (3): ReLU()
      (4): Linear(in_features=128, out_features=256, bias=True)
      (5): Dropout(p=0, inplace=False)
      (6): LayerNorm((256,), eps=1e-05, elementwise_affine=True)
      (7): ReLU()
      (8): Linear(in_features=256, out_features=768, bias=True)
      (9): Dropout(p=0, inplace=False)
      (10): LayerNorm((768,), eps=1e-05, elementwise_affine=True)
      (11): ReLU()
    )
  )
  (mha): MultiheadAttention(
    (out_proj): NonDynamicallyQuantizableLinear(in_features=768, out_features=768, bias=True)
  )
  (multi_dense_layer_2): MultiDenseLayer(
    (linear_layer): Sequential(
      (0): Linear(in_features=768, out_features=512, bias=True)
      (1): Dropout(p=0, inplace=False)
      (2): LayerNorm((512,), eps=1e-05, elementwise_affine=True)
      (3): ReLU()
      (4): Linear(in_features=512, out_features=512, bias=True)
      (5): Dropout(p=0, inplace=False)
      (6): LayerNorm((512,), eps=1e-05, elementwise_affine=True)
      (7): ReLU()
    )
  )
  (adjM_layer): Sequential(
    (0): Linear(in_features=512, out_features=128, bias=True)
    (1): LayerNorm((128,), eps=1e-05, elementwise_affine=True)
    (2): ReLU()
    (3): Linear(in_features=128, out_features=2500, bias=True)
  )
  (node_layer): Sequential(
    (0): Linear(in_features=512, out_features=64, bias=True)
    (1): LayerNorm((64,), eps=1e-05, elementwise_affine=True)
    (2): ReLU()
    (3): Linear(in_features=64, out_features=50, bias=True)
  )
)
INFO:root:G
INFO:root:The number of parameters: 3679286
INFO:root:Discriminator(
  (activation_f): ReLU()
  (multi_dense_layer): MultiDenseLayer(
    (linear_layer): Sequential(
      (0): Linear(in_features=50, out_features=128, bias=True)
      (1): Dropout(p=0.0, inplace=False)
      (2): LayerNorm((128,), eps=1e-05, elementwise_affine=True)
      (3): ReLU()
      (4): Linear(in_features=128, out_features=128, bias=True)
      (5): Dropout(p=0.0, inplace=False)
      (6): LayerNorm((128,), eps=1e-05, elementwise_affine=True)
      (7): ReLU()
    )
  )
  (node_dense_layer): MultiDenseLayer(
    (linear_layer): Sequential(
      (0): Linear(in_features=50, out_features=64, bias=True)
      (1): Dropout(p=0.2, inplace=False)
      (2): LayerNorm((64,), eps=1e-05, elementwise_affine=True)
      (3): ReLU()
      (4): Linear(in_features=64, out_features=128, bias=True)
      (5): Dropout(p=0.2, inplace=False)
      (6): LayerNorm((128,), eps=1e-05, elementwise_affine=True)
      (7): ReLU()
    )
  )
  (multi_dense_layer_2): MultiDenseLayer(
    (linear_layer): Sequential(
      (0): Linear(in_features=6528, out_features=512, bias=True)
      (1): Dropout(p=0, inplace=False)
      (2): LayerNorm((512,), eps=1e-05, elementwise_affine=True)
      (3): ReLU()
      (4): Linear(in_features=512, out_features=768, bias=True)
      (5): Dropout(p=0, inplace=False)
      (6): LayerNorm((768,), eps=1e-05, elementwise_affine=True)
      (7): ReLU()
    )
  )
  (mha): MultiheadAttention(
    (out_proj): NonDynamicallyQuantizableLinear(in_features=768, out_features=768, bias=True)
  )
  (multi_dense_layer_3): MultiDenseLayer(
    (linear_layer): Sequential(
      (0): Linear(in_features=768, out_features=512, bias=True)
      (1): Dropout(p=0, inplace=False)
      (2): LayerNorm((512,), eps=1e-05, elementwise_affine=True)
      (3): ReLU()
      (4): Linear(in_features=512, out_features=256, bias=True)
      (5): Dropout(p=0, inplace=False)
      (6): LayerNorm((256,), eps=1e-05, elementwise_affine=True)
      (7): ReLU()
      (8): Linear(in_features=256, out_features=128, bias=True)
      (9): Dropout(p=0, inplace=False)
      (10): LayerNorm((128,), eps=1e-05, elementwise_affine=True)
      (11): ReLU()
    )
  )
  (output_layer): Linear(in_features=128, out_features=1, bias=True)
)
INFO:root:D
INFO:root:The number of parameters: 6697153
INFO:root:RobertaModel(
  (embeddings): RobertaEmbeddings(
    (word_embeddings): Embedding(50265, 768, padding_idx=1)
    (position_embeddings): Embedding(514, 768, padding_idx=1)
    (token_type_embeddings): Embedding(1, 768)
    (LayerNorm): LayerNorm((768,), eps=1e-05, elementwise_affine=True)
    (dropout): Dropout(p=0.1, inplace=False)
  )
  (encoder): RobertaEncoder(
    (layer): ModuleList(
      (0-11): 12 x RobertaLayer(
        (attention): RobertaAttention(
          (self): RobertaSelfAttention(
            (query): Linear(in_features=768, out_features=768, bias=True)
            (key): Linear(in_features=768, out_features=768, bias=True)
            (value): Linear(in_features=768, out_features=768, bias=True)
            (dropout): Dropout(p=0.1, inplace=False)
          )
          (output): RobertaSelfOutput(
            (dense): Linear(in_features=768, out_features=768, bias=True)
            (LayerNorm): LayerNorm((768,), eps=1e-05, elementwise_affine=True)
            (dropout): Dropout(p=0.1, inplace=False)
          )
        )
        (intermediate): RobertaIntermediate(
          (dense): Linear(in_features=768, out_features=3072, bias=True)
          (intermediate_act_fn): GELUActivation()
        )
        (output): RobertaOutput(
          (dense): Linear(in_features=3072, out_features=768, bias=True)
          (LayerNorm): LayerNorm((768,), eps=1e-05, elementwise_affine=True)
          (dropout): Dropout(p=0.1, inplace=False)
        )
      )
    )
  )
  (pooler): RobertaPooler(
    (dense): Linear(in_features=768, out_features=768, bias=True)
    (activation): Tanh()
  )
)
INFO:root:roberta-base_G
INFO:root:The number of parameters: 124645632
INFO:root:RobertaModel(
  (embeddings): RobertaEmbeddings(
    (word_embeddings): Embedding(50265, 768, padding_idx=1)
    (position_embeddings): Embedding(514, 768, padding_idx=1)
    (token_type_embeddings): Embedding(1, 768)
    (LayerNorm): LayerNorm((768,), eps=1e-05, elementwise_affine=True)
    (dropout): Dropout(p=0.1, inplace=False)
  )
  (encoder): RobertaEncoder(
    (layer): ModuleList(
      (0-11): 12 x RobertaLayer(
        (attention): RobertaAttention(
          (self): RobertaSelfAttention(
            (query): Linear(in_features=768, out_features=768, bias=True)
            (key): Linear(in_features=768, out_features=768, bias=True)
            (value): Linear(in_features=768, out_features=768, bias=True)
            (dropout): Dropout(p=0.1, inplace=False)
          )
          (output): RobertaSelfOutput(
            (dense): Linear(in_features=768, out_features=768, bias=True)
            (LayerNorm): LayerNorm((768,), eps=1e-05, elementwise_affine=True)
            (dropout): Dropout(p=0.1, inplace=False)
          )
        )
        (intermediate): RobertaIntermediate(
          (dense): Linear(in_features=768, out_features=3072, bias=True)
          (intermediate_act_fn): GELUActivation()
        )
        (output): RobertaOutput(
          (dense): Linear(in_features=3072, out_features=768, bias=True)
          (LayerNorm): LayerNorm((768,), eps=1e-05, elementwise_affine=True)
          (dropout): Dropout(p=0.1, inplace=False)
        )
      )
    )
  )
  (pooler): RobertaPooler(
    (dense): Linear(in_features=768, out_features=768, bias=True)
    (activation): Tanh()
  )
)
INFO:root:roberta-base_D
INFO:root:The number of parameters: 124645632
INFO:root:5 sample adjacenecy matrices
--------------------------------------------------
Text: Undirected graph with 4 edges, max degree 3, min degree 1, 1 connected component, 5 nodes, without cycle, max diameter 3.
Results: [25, 645, 16, 33, 2, -24, True]
--------------------------------------------------
--------------------------------------------------
Text: Undirected graph with 1 connected component, 10 edges, max degree 4, min degree 1, 10 nodes, max diameter 5, with cycle.
Results: [25, 630, 18, 31, 2, -24, True]
--------------------------------------------------
--------------------------------------------------
Text: Undirected graph with 1 connected component, max degree 15, 51 edges, max diameter 4, 30 nodes, min degree 1.
Results: [34, 647, 18, 32, 2, -15, True]
--------------------------------------------------
--------------------------------------------------
Text: Undirected graph with max degree 8, 23 nodes, 54 edges, min degree 2, with cycle.
Results: [24, 621, 17, 35, 2, -25, True]
--------------------------------------------------
--------------------------------------------------
Text: Undirected graph with max diameter 11, min degree 1, max degree 13, 116 edges, 45 nodes.
Results: [29, 606, 18, 30, 2, -20, True]
--------------------------------------------------

INFO:root:Saved model checkpoints into results/2023-04-22_15-23/models...
INFO:root:Elapsed [0:04:49], Iteration [0/100]:
l_D/R: 0.55, l_D/F: 0.55, l_D: 9.81, l_G: -0.55, l_R: 0.32, l_R/N: 0.09, l_R/M: 0.23
property_match: 0.12, closeness: 0.14, n_match: 0.02, m_match: 0.00, min_deg_match: 0.00, max_deg_match: 0.00, diam_match: 0.05, cc_match: 0.00, cycle_match: 0.61
INFO:root:5 sample adjacenecy matrices
--------------------------------------------------
Text: Undirected graph with 1 connected component, 5 nodes, min degree 1, max degree 3, max diameter 3, 4 edges.
Results: [28, 212, 2, 23, 4, -21, True]
--------------------------------------------------
--------------------------------------------------
Text: Undirected graph with min degree 1, 10 nodes, with cycle, 10 edges.
Results: [26, 215, 1, 25, 4, -23, True]
--------------------------------------------------
--------------------------------------------------
Text: Undirected graph with 30 nodes, 1 connected component, min degree 1, with cycle, 51 edges, max diameter 4.
Results: [28, 207, 2, 21, 4, -21, True]
--------------------------------------------------
--------------------------------------------------
Text: Undirected graph with 23 nodes, with cycle, 54 edges, min degree 2.
Results: [28, 210, 1, 18, 4, -21, True]
--------------------------------------------------
--------------------------------------------------
Text: Undirected graph with with cycle, 45 nodes, 116 edges, 1 connected component.
Results: [30, 243, 4, 22, 3, -19, True]
--------------------------------------------------

INFO:root:Elapsed [0:14:43], Iteration [1/100]:
l_D/R: 11.18, l_D/F: -11.12, l_D: -17.27, l_G: 11.15, l_R: 0.11, l_R/N: 0.09, l_R/M: 0.02
property_match: 0.19, closeness: 0.24, n_match: 0.01, m_match: 0.00, min_deg_match: 0.26, max_deg_match: 0.01, diam_match: 0.17, cc_match: 0.00, cycle_match: 0.61
INFO:root:5 sample adjacenecy matrices
--------------------------------------------------
Text: Undirected graph with max degree 3, 1 connected component, 5 nodes, 4 edges, min degree 1, without cycle.
Results: [27, 41, 0, 9, 7, -20, False]
--------------------------------------------------
--------------------------------------------------
Text: Undirected graph with max degree 4, 1 connected component, max diameter 5, 10 edges, 10 nodes, with cycle.
Results: [27, 45, 0, 8, 7, -19, False]
--------------------------------------------------
--------------------------------------------------
Text: Undirected graph with 51 edges, 30 nodes, 1 connected component, with cycle, max degree 15.
Results: [27, 47, 0, 9, 10, -20, False]
--------------------------------------------------
--------------------------------------------------
Text: Undirected graph with max diameter 4, 23 nodes, with cycle, min degree 2, 54 edges, max degree 8.
Results: [30, 46, 0, 9, 8, -17, False]
--------------------------------------------------
--------------------------------------------------
Text: Undirected graph with 116 edges, max diameter 11, max degree 13, with cycle, 1 connected component, min degree 1, 45 nodes.
Results: [28, 76, 0, 10, 7, -20, True]
--------------------------------------------------

INFO:root:Elapsed [0:25:40], Iteration [2/100]:
l_D/R: 3.71, l_D/F: -4.79, l_D: -6.77, l_G: 4.79, l_R: 0.08, l_R/N: 0.08, l_R/M: 0.00
property_match: 0.09, closeness: 0.16, n_match: 0.02, m_match: 0.01, min_deg_match: 0.01, max_deg_match: 0.06, diam_match: 0.03, cc_match: 0.00, cycle_match: 0.37
INFO:root:5 sample adjacenecy matrices
--------------------------------------------------
Text: Undirected graph with 5 nodes, 1 connected component, max degree 3, max diameter 3, 4 edges, without cycle.
Results: [16, 23, 0, 5, 10, -31, False]
--------------------------------------------------
--------------------------------------------------
Text: Undirected graph with 1 connected component, max diameter 5, min degree 1, 10 nodes, with cycle, 10 edges.
Results: [17, 39, 0, 10, 7, -29, False]
--------------------------------------------------
--------------------------------------------------
Text: Undirected graph with 51 edges, 1 connected component, 30 nodes, max degree 15, min degree 1, max diameter 4, with cycle.
Results: [28, 43, 0, 10, 7, -19, False]
--------------------------------------------------
--------------------------------------------------
Text: Undirected graph with 54 edges, with cycle, 1 connected component, 23 nodes.
Results: [27, 71, 0, 11, 7, -20, True]
--------------------------------------------------
--------------------------------------------------
Text: Undirected graph with 1 connected component, max degree 13, max diameter 11, 45 nodes, 116 edges, with cycle, min degree 1.
Results: [32, 102, 1, 8, 6, -17, True]
--------------------------------------------------

INFO:root:Elapsed [0:35:43], Iteration [3/100]:
l_D/R: 3.19, l_D/F: -3.49, l_D: -6.19, l_G: 3.48, l_R: 0.04, l_R/N: 0.04, l_R/M: 0.00
property_match: 0.10, closeness: 0.19, n_match: 0.04, m_match: 0.01, min_deg_match: 0.02, max_deg_match: 0.06, diam_match: 0.05, cc_match: 0.00, cycle_match: 0.38
INFO:root:5 sample adjacenecy matrices
--------------------------------------------------
Text: Undirected graph with 4 edges, max diameter 3, without cycle, min degree 1, 5 nodes.
Results: [13, 16, 0, 4, 8, -34, False]
--------------------------------------------------
--------------------------------------------------
Text: Undirected graph with min degree 1, max diameter 5, 10 nodes, 10 edges, 1 connected component, with cycle, max degree 4.
Results: [21, 23, 0, 6, 7, -26, False]
--------------------------------------------------
--------------------------------------------------
Text: Undirected graph with 1 connected component, 51 edges, min degree 1, 30 nodes.
Results: [33, 43, 0, 10, 6, -14, False]
--------------------------------------------------
--------------------------------------------------
Text: Undirected graph with 23 nodes, 54 edges, min degree 2, 1 connected component, max diameter 4.
Results: [23, 54, 0, 8, 6, -24, True]
--------------------------------------------------
--------------------------------------------------
Text: Undirected graph with with cycle, max diameter 11, max degree 13, min degree 1, 45 nodes, 116 edges, 1 connected component.
Results: [37, 122, 1, 9, 5, -12, True]
--------------------------------------------------

INFO:root:Elapsed [0:46:16], Iteration [4/100]:
l_D/R: 2.16, l_D/F: -3.13, l_D: -4.94, l_G: 3.13, l_R: 0.02, l_R/N: 0.02, l_R/M: 0.00
property_match: 0.11, closeness: 0.21, n_match: 0.07, m_match: 0.03, min_deg_match: 0.02, max_deg_match: 0.09, diam_match: 0.09, cc_match: 0.00, cycle_match: 0.30
INFO:root:5 sample adjacenecy matrices
--------------------------------------------------
Text: Undirected graph with without cycle, min degree 1, 5 nodes, 4 edges, max degree 3.
Results: [13, 11, 0, 4, 5, -33, False]
--------------------------------------------------
--------------------------------------------------
Text: Undirected graph with with cycle, 10 nodes, min degree 1, 10 edges, max diameter 5.
Results: [11, 9, 0, 3, 5, -36, False]
--------------------------------------------------
--------------------------------------------------
Text: Undirected graph with max degree 15, 30 nodes, 51 edges, 1 connected component, with cycle, max diameter 4, min degree 1.
Results: [32, 68, 0, 16, 5, -16, True]
--------------------------------------------------
--------------------------------------------------
Text: Undirected graph with max degree 8, with cycle, 23 nodes, 54 edges, min degree 2.
Results: [27, 108, 0, 16, 6, -20, True]
--------------------------------------------------
--------------------------------------------------
Text: Undirected graph with 116 edges, 1 connected component, 45 nodes, with cycle, max degree 13.
Results: [40, 119, 0, 11, 5, -8, True]
--------------------------------------------------

INFO:root:Elapsed [0:56:41], Iteration [5/100]:
l_D/R: 2.32, l_D/F: -2.61, l_D: -4.26, l_G: 2.65, l_R: 0.01, l_R/N: 0.01, l_R/M: 0.00
property_match: 0.13, closeness: 0.23, n_match: 0.09, m_match: 0.02, min_deg_match: 0.01, max_deg_match: 0.10, diam_match: 0.13, cc_match: 0.00, cycle_match: 0.37
INFO:root:5 sample adjacenecy matrices
--------------------------------------------------
Text: Undirected graph with without cycle, 5 nodes, 1 connected component, 4 edges, min degree 1.
Results: [10, 13, 0, 4, 5, -37, False]
--------------------------------------------------
--------------------------------------------------
Text: Undirected graph with 1 connected component, max degree 4, max diameter 5, with cycle, 10 edges, 10 nodes, min degree 1.
Results: [9, 16, 0, 4, 6, -38, False]
--------------------------------------------------
--------------------------------------------------
Text: Undirected graph with 30 nodes, 51 edges, max degree 15, min degree 1, 1 connected component, max diameter 4.
Results: [28, 48, 0, 11, 7, -20, False]
--------------------------------------------------
--------------------------------------------------
Text: Undirected graph with min degree 2, max degree 8, max diameter 4, 23 nodes, 54 edges.
Results: [21, 45, 0, 7, 6, -27, False]
--------------------------------------------------
--------------------------------------------------
Text: Undirected graph with max degree 13, 1 connected component, with cycle, min degree 1, max diameter 11, 45 nodes, 116 edges.
Results: [46, 123, 0, 10, 5, -2, True]
--------------------------------------------------

INFO:root:Elapsed [1:04:42], Iteration [6/100]:
l_D/R: 0.16, l_D/F: -4.57, l_D: -4.07, l_G: 4.57, l_R: 0.00, l_R/N: 0.00, l_R/M: 0.00
property_match: 0.13, closeness: 0.25, n_match: 0.14, m_match: 0.04, min_deg_match: 0.02, max_deg_match: 0.11, diam_match: 0.13, cc_match: 0.00, cycle_match: 0.30
INFO:root:5 sample adjacenecy matrices
--------------------------------------------------
Text: Undirected graph with max diameter 3, min degree 1, max degree 3, without cycle, 4 edges, 5 nodes.
Results: [9, 11, 0, 3, 2, -37, False]
--------------------------------------------------
--------------------------------------------------
Text: Undirected graph with max degree 4, min degree 1, 10 nodes, max diameter 5, 10 edges.
Results: [9, 13, 0, 4, 5, -37, False]
--------------------------------------------------
--------------------------------------------------
Text: Undirected graph with 30 nodes, 51 edges, max degree 15, with cycle, max diameter 4, 1 connected component.
Results: [29, 52, 0, 14, 6, -18, True]
--------------------------------------------------
--------------------------------------------------
Text: Undirected graph with max degree 8, 23 nodes, with cycle, max diameter 4, 54 edges, 1 connected component.
Results: [23, 73, 0, 9, 6, -24, True]
--------------------------------------------------
--------------------------------------------------
Text: Undirected graph with max degree 13, min degree 1, 116 edges, 45 nodes.
Results: [44, 75, 0, 7, 6, -4, True]
--------------------------------------------------

INFO:root:Elapsed [1:14:02], Iteration [7/100]:
l_D/R: 2.46, l_D/F: -3.60, l_D: -4.16, l_G: 3.58, l_R: 0.00, l_R/N: 0.00, l_R/M: 0.00
property_match: 0.16, closeness: 0.28, n_match: 0.19, m_match: 0.03, min_deg_match: 0.01, max_deg_match: 0.13, diam_match: 0.16, cc_match: 0.00, cycle_match: 0.36
INFO:root:5 sample adjacenecy matrices
--------------------------------------------------
Text: Undirected graph with max diameter 3, without cycle, 4 edges, 1 connected component, max degree 3, 5 nodes.
Results: [8, 9, 0, 3, 4, -39, False]
--------------------------------------------------
--------------------------------------------------
Text: Undirected graph with 10 nodes, 1 connected component, with cycle, max diameter 5, 10 edges, min degree 1.
Results: [12, 12, 0, 4, 5, -35, False]
--------------------------------------------------
--------------------------------------------------
Text: Undirected graph with 51 edges, with cycle, min degree 1, 30 nodes, max diameter 4.
Results: [28, 56, 0, 10, 4, -20, True]
--------------------------------------------------
--------------------------------------------------
Text: Undirected graph with 54 edges, max degree 8, 23 nodes, max diameter 4, min degree 2, with cycle.
Results: [23, 58, 0, 10, 4, -25, True]
--------------------------------------------------
--------------------------------------------------
Text: Undirected graph with 1 connected component, 45 nodes, with cycle, max diameter 11, 116 edges, min degree 1, max degree 13.
Results: [46, 83, 0, 8, 7, -2, True]
--------------------------------------------------

INFO:root:Elapsed [1:22:21], Iteration [8/100]:
l_D/R: 2.50, l_D/F: -2.19, l_D: -3.69, l_G: 2.21, l_R: 0.00, l_R/N: 0.00, l_R/M: 0.00
property_match: 0.17, closeness: 0.30, n_match: 0.22, m_match: 0.04, min_deg_match: 0.01, max_deg_match: 0.13, diam_match: 0.17, cc_match: 0.00, cycle_match: 0.37
INFO:root:5 sample adjacenecy matrices
--------------------------------------------------
Text: Undirected graph with 5 nodes, max degree 3, min degree 1, without cycle, 1 connected component, 4 edges, max diameter 3.
Results: [7, 7, 0, 2, 2, -40, False]
--------------------------------------------------
--------------------------------------------------
Text: Undirected graph with 10 nodes, max diameter 5, 10 edges, 1 connected component, max degree 4.
Results: [10, 8, 0, 4, 3, -37, False]
--------------------------------------------------
--------------------------------------------------
Text: Undirected graph with 30 nodes, min degree 1, max degree 15, 51 edges, with cycle, max diameter 4, 1 connected component.
Results: [30, 50, 0, 8, 7, -18, True]
--------------------------------------------------
--------------------------------------------------
Text: Undirected graph with 54 edges, min degree 2, max diameter 4, 1 connected component, with cycle, 23 nodes.
Results: [23, 54, 0, 9, 5, -25, True]
--------------------------------------------------
--------------------------------------------------
Text: Undirected graph with with cycle, min degree 1, max diameter 11, 1 connected component, 45 nodes, 116 edges, max degree 13.
Results: [46, 59, 0, 6, 7, -1, True]
--------------------------------------------------

INFO:root:Elapsed [1:30:57], Iteration [9/100]:
l_D/R: 2.09, l_D/F: -3.30, l_D: -2.32, l_G: 3.31, l_R: 0.00, l_R/N: 0.00, l_R/M: 0.00
property_match: 0.16, closeness: 0.30, n_match: 0.25, m_match: 0.06, min_deg_match: 0.01, max_deg_match: 0.14, diam_match: 0.15, cc_match: 0.01, cycle_match: 0.29
INFO:root:5 sample adjacenecy matrices
--------------------------------------------------
Text: Undirected graph with max diameter 3, max degree 3, 5 nodes, 4 edges, without cycle, 1 connected component.
Results: [9, 6, 0, 2, 2, -38, False]
--------------------------------------------------
--------------------------------------------------
Text: Undirected graph with 10 edges, 1 connected component, max degree 4, with cycle, 10 nodes.
Results: [9, 18, 0, 6, 4, -38, False]
--------------------------------------------------
--------------------------------------------------
Text: Undirected graph with min degree 1, max diameter 4, 51 edges, 30 nodes, 1 connected component.
Results: [29, 55, 0, 8, 6, -19, True]
--------------------------------------------------
--------------------------------------------------
Text: Undirected graph with min degree 2, with cycle, 54 edges, 1 connected component, max diameter 4, max degree 8, 23 nodes.
Results: [24, 55, 0, 9, 5, -24, True]
--------------------------------------------------
--------------------------------------------------
Text: Undirected graph with max diameter 11, with cycle, 45 nodes, 116 edges, min degree 1.
Results: [48, 135, 0, 12, 5, 0, True]
--------------------------------------------------

INFO:root:Elapsed [1:39:28], Iteration [10/100]:
l_D/R: 1.63, l_D/F: -2.81, l_D: -3.77, l_G: 2.83, l_R: 0.00, l_R/N: 0.00, l_R/M: 0.00
property_match: 0.18, closeness: 0.31, n_match: 0.27, m_match: 0.05, min_deg_match: 0.02, max_deg_match: 0.13, diam_match: 0.17, cc_match: 0.01, cycle_match: 0.36
INFO:root:5 sample adjacenecy matrices
--------------------------------------------------
Text: Undirected graph with 5 nodes, 1 connected component, 4 edges, max degree 3, max diameter 3, without cycle, min degree 1.
Results: [5, 4, 0, 2, 3, -42, False]
--------------------------------------------------
--------------------------------------------------
Text: Undirected graph with max diameter 5, min degree 1, 10 nodes, 10 edges, with cycle, max degree 4, 1 connected component.
Results: [12, 14, 0, 5, 6, -35, False]
--------------------------------------------------
--------------------------------------------------
Text: Undirected graph with 51 edges, 30 nodes, 1 connected component, max degree 15.
Results: [32, 66, 0, 9, 6, -16, True]
--------------------------------------------------
--------------------------------------------------
Text: Undirected graph with with cycle, 23 nodes, max diameter 4, max degree 8, 54 edges, 1 connected component.
Results: [20, 50, 0, 8, 6, -28, True]
--------------------------------------------------
--------------------------------------------------
Text: Undirected graph with max diameter 11, min degree 1, 116 edges, 45 nodes, 1 connected component, max degree 13, with cycle.
Results: [44, 105, 0, 8, 5, -4, True]
--------------------------------------------------

INFO:root:Elapsed [1:47:52], Iteration [11/100]:
l_D/R: 0.41, l_D/F: -4.87, l_D: -3.58, l_G: 4.88, l_R: 0.00, l_R/N: 0.00, l_R/M: 0.00
property_match: 0.19, closeness: 0.32, n_match: 0.30, m_match: 0.06, min_deg_match: 0.01, max_deg_match: 0.14, diam_match: 0.17, cc_match: 0.01, cycle_match: 0.36
INFO:root:5 sample adjacenecy matrices
--------------------------------------------------
Text: Undirected graph with max degree 3, without cycle, 5 nodes, 4 edges.
Results: [7, 10, 0, 4, 4, -40, False]
--------------------------------------------------
--------------------------------------------------
Text: Undirected graph with with cycle, max degree 4, min degree 1, 10 edges, 10 nodes, 1 connected component.
Results: [9, 16, 0, 5, 5, -39, False]
--------------------------------------------------
--------------------------------------------------
Text: Undirected graph with min degree 1, 1 connected component, max degree 15, max diameter 4, with cycle, 30 nodes, 51 edges.
Results: [30, 67, 0, 8, 6, -18, True]
--------------------------------------------------
--------------------------------------------------
Text: Undirected graph with max diameter 4, max degree 8, 54 edges, 23 nodes.
Results: [25, 69, 0, 8, 5, -23, True]
--------------------------------------------------
--------------------------------------------------
Text: Undirected graph with 116 edges, max degree 13, with cycle, min degree 1, 45 nodes.
Results: [45, 119, 0, 10, 5, -3, True]
--------------------------------------------------

INFO:root:Elapsed [1:57:02], Iteration [12/100]:
l_D/R: 2.32, l_D/F: -3.01, l_D: -4.14, l_G: 3.02, l_R: 0.00, l_R/N: 0.00, l_R/M: 0.00
property_match: 0.19, closeness: 0.33, n_match: 0.34, m_match: 0.05, min_deg_match: 0.01, max_deg_match: 0.13, diam_match: 0.18, cc_match: 0.01, cycle_match: 0.35
INFO:root:5 sample adjacenecy matrices
--------------------------------------------------
Text: Undirected graph with 1 connected component, 5 nodes, max diameter 3, min degree 1, 4 edges, max degree 3.
Results: [6, 9, 0, 4, 3, -41, False]
--------------------------------------------------
--------------------------------------------------
Text: Undirected graph with 10 edges, max degree 4, max diameter 5, min degree 1, 1 connected component, with cycle, 10 nodes.
Results: [8, 15, 0, 6, 4, -40, False]
--------------------------------------------------
--------------------------------------------------
Text: Undirected graph with 51 edges, max degree 15, 30 nodes, min degree 1, max diameter 4.
Results: [31, 59, 0, 8, 6, -17, True]
--------------------------------------------------
--------------------------------------------------
Text: Undirected graph with max diameter 4, min degree 2, 23 nodes, 54 edges.
Results: [22, 68, 0, 9, 6, -25, True]
--------------------------------------------------
--------------------------------------------------
Text: Undirected graph with 45 nodes, 1 connected component, min degree 1, 116 edges, with cycle, max degree 13, max diameter 11.
Results: [43, 94, 0, 8, 6, -5, True]
--------------------------------------------------

INFO:root:Elapsed [2:05:04], Iteration [13/100]:
l_D/R: 0.56, l_D/F: -4.17, l_D: -3.89, l_G: 4.17, l_R: 0.00, l_R/N: 0.00, l_R/M: 0.00
property_match: 0.20, closeness: 0.33, n_match: 0.34, m_match: 0.05, min_deg_match: 0.01, max_deg_match: 0.13, diam_match: 0.18, cc_match: 0.01, cycle_match: 0.37
INFO:root:5 sample adjacenecy matrices
--------------------------------------------------
Text: Undirected graph with 1 connected component, 5 nodes, without cycle, min degree 1, 4 edges, max diameter 3, max degree 3.
Results: [6, 1, 0, 1, 2, -42, False]
--------------------------------------------------
--------------------------------------------------
Text: Undirected graph with max degree 4, 10 nodes, 10 edges, min degree 1, with cycle.
Results: [10, 20, 0, 6, 5, -38, False]
--------------------------------------------------
--------------------------------------------------
Text: Undirected graph with 51 edges, min degree 1, max diameter 4, max degree 15, 1 connected component, 30 nodes, with cycle.
Results: [29, 58, 0, 6, 8, -19, True]
--------------------------------------------------
--------------------------------------------------
Text: Undirected graph with min degree 2, 54 edges, max degree 8, 1 connected component, 23 nodes, with cycle.
Results: [21, 65, 0, 9, 5, -27, True]
--------------------------------------------------
--------------------------------------------------
Text: Undirected graph with max degree 13, 1 connected component, 116 edges, 45 nodes.
Results: [42, 109, 0, 10, 5, -6, True]
--------------------------------------------------

INFO:root:Elapsed [2:12:56], Iteration [14/100]:
l_D/R: 2.22, l_D/F: -3.90, l_D: -4.20, l_G: 3.87, l_R: 0.00, l_R/N: 0.00, l_R/M: 0.00
property_match: 0.20, closeness: 0.34, n_match: 0.37, m_match: 0.05, min_deg_match: 0.01, max_deg_match: 0.13, diam_match: 0.19, cc_match: 0.01, cycle_match: 0.37
INFO:root:5 sample adjacenecy matrices
--------------------------------------------------
Text: Undirected graph with without cycle, 1 connected component, 5 nodes, min degree 1, max degree 3, 4 edges.
Results: [5, 5, 0, 3, 2, -42, False]
--------------------------------------------------
--------------------------------------------------
Text: Undirected graph with max diameter 5, 10 edges, 1 connected component, 10 nodes, min degree 1, max degree 4.
Results: [10, 20, 0, 6, 5, -37, False]
--------------------------------------------------
--------------------------------------------------
Text: Undirected graph with 1 connected component, 30 nodes, max degree 15, 51 edges, max diameter 4, with cycle.
Results: [30, 72, 0, 8, 5, -18, True]
--------------------------------------------------
--------------------------------------------------
Text: Undirected graph with 23 nodes, 54 edges, with cycle, 1 connected component.
Results: [22, 48, 0, 7, 5, -26, False]
--------------------------------------------------
--------------------------------------------------
Text: Undirected graph with 1 connected component, 116 edges, with cycle, 45 nodes, min degree 1, max diameter 11, max degree 13.
Results: [43, 106, 0, 10, 6, -5, True]
--------------------------------------------------

INFO:root:Elapsed [2:21:01], Iteration [15/100]:
l_D/R: 1.41, l_D/F: -3.84, l_D: -3.80, l_G: 3.82, l_R: 0.00, l_R/N: 0.00, l_R/M: 0.00
property_match: 0.21, closeness: 0.35, n_match: 0.38, m_match: 0.08, min_deg_match: 0.01, max_deg_match: 0.15, diam_match: 0.18, cc_match: 0.01, cycle_match: 0.31
INFO:root:5 sample adjacenecy matrices
--------------------------------------------------
Text: Undirected graph with min degree 1, 1 connected component, 5 nodes, 4 edges, without cycle, max diameter 3.
Results: [6, 5, 0, 3, 3, -42, False]
--------------------------------------------------
--------------------------------------------------
Text: Undirected graph with 1 connected component, 10 nodes, with cycle, 10 edges, min degree 1, max diameter 5.
Results: [11, 15, 0, 5, 3, -36, False]
--------------------------------------------------
--------------------------------------------------
Text: Undirected graph with 30 nodes, min degree 1, with cycle, 1 connected component, max diameter 4, max degree 15, 51 edges.
Results: [32, 61, 0, 7, 6, -16, True]
--------------------------------------------------
--------------------------------------------------
Text: Undirected graph with 54 edges, max diameter 4, with cycle, 1 connected component, max degree 8, 23 nodes, min degree 2.
Results: [21, 54, 0, 8, 5, -27, True]
--------------------------------------------------
--------------------------------------------------
Text: Undirected graph with min degree 1, 1 connected component, 116 edges, max degree 13, 45 nodes, max diameter 11.
Results: [45, 107, 0, 9, 5, -3, True]
--------------------------------------------------

INFO:root:Elapsed [2:29:04], Iteration [16/100]:
l_D/R: 1.66, l_D/F: -3.81, l_D: -4.10, l_G: 3.84, l_R: 0.00, l_R/N: 0.00, l_R/M: 0.00
property_match: 0.21, closeness: 0.35, n_match: 0.41, m_match: 0.07, min_deg_match: 0.01, max_deg_match: 0.15, diam_match: 0.18, cc_match: 0.01, cycle_match: 0.32
INFO:root:5 sample adjacenecy matrices
--------------------------------------------------
Text: Undirected graph with max degree 3, min degree 1, 4 edges, 5 nodes, without cycle.
Results: [7, 7, 0, 4, 3, -40, False]
--------------------------------------------------
--------------------------------------------------
Text: Undirected graph with 10 nodes, min degree 1, with cycle, 10 edges, max degree 4.
Results: [11, 13, 0, 5, 5, -37, False]
--------------------------------------------------
--------------------------------------------------
Text: Undirected graph with max diameter 4, 30 nodes, 51 edges, min degree 1, max degree 15, with cycle.
Results: [28, 33, 0, 7, 9, -18, False]
--------------------------------------------------
--------------------------------------------------
Text: Undirected graph with 1 connected component, with cycle, min degree 2, max diameter 4, 23 nodes, 54 edges, max degree 8.
Results: [23, 51, 0, 9, 5, -25, True]
--------------------------------------------------
--------------------------------------------------
Text: Undirected graph with with cycle, max diameter 11, 45 nodes, max degree 13, 1 connected component, 116 edges, min degree 1.
Results: [46, 111, 0, 9, 5, -2, True]
--------------------------------------------------

INFO:root:Elapsed [2:36:56], Iteration [17/100]:
l_D/R: 1.90, l_D/F: -3.29, l_D: -3.95, l_G: 3.27, l_R: 0.00, l_R/N: 0.00, l_R/M: 0.00
property_match: 0.20, closeness: 0.34, n_match: 0.34, m_match: 0.07, min_deg_match: 0.01, max_deg_match: 0.16, diam_match: 0.18, cc_match: 0.01, cycle_match: 0.33
INFO:root:5 sample adjacenecy matrices
--------------------------------------------------
Text: Undirected graph with max degree 3, 1 connected component, 5 nodes, 4 edges, without cycle, min degree 1, max diameter 3.
Results: [6, 7, 0, 3, 4, -42, False]
--------------------------------------------------
--------------------------------------------------
Text: Undirected graph with 10 nodes, 10 edges, max degree 4, with cycle, min degree 1, 1 connected component, max diameter 5.
Results: [12, 9, 0, 5, 3, -35, False]
--------------------------------------------------
--------------------------------------------------
Text: Undirected graph with 30 nodes, max diameter 4, 1 connected component, 51 edges, with cycle.
Results: [32, 75, 0, 10, 6, -16, True]
--------------------------------------------------
--------------------------------------------------
Text: Undirected graph with max degree 8, 23 nodes, max diameter 4, 1 connected component, 54 edges, min degree 2.
Results: [22, 53, 0, 8, 4, -26, True]
--------------------------------------------------
--------------------------------------------------
Text: Undirected graph with 45 nodes, max degree 13, 1 connected component, 116 edges, with cycle, min degree 1, max diameter 11.
Results: [45, 115, 0, 9, 5, -3, True]
--------------------------------------------------

INFO:root:Elapsed [2:45:24], Iteration [18/100]:
l_D/R: 1.55, l_D/F: -3.69, l_D: -3.78, l_G: 3.67, l_R: 0.00, l_R/N: 0.00, l_R/M: 0.00
property_match: 0.22, closeness: 0.36, n_match: 0.43, m_match: 0.07, min_deg_match: 0.02, max_deg_match: 0.15, diam_match: 0.19, cc_match: 0.01, cycle_match: 0.33
INFO:root:5 sample adjacenecy matrices
--------------------------------------------------
Text: Undirected graph with 4 edges, 5 nodes, max diameter 3, max degree 3.
Results: [6, 6, 0, 3, 4, -41, False]
--------------------------------------------------
--------------------------------------------------
Text: Undirected graph with 10 edges, max diameter 5, 10 nodes, with cycle, max degree 4, 1 connected component, min degree 1.
Results: [10, 12, 0, 5, 3, -36, False]
--------------------------------------------------
--------------------------------------------------
Text: Undirected graph with max diameter 4, with cycle, 30 nodes, 51 edges, 1 connected component.
Results: [29, 56, 0, 8, 6, -19, True]
--------------------------------------------------
--------------------------------------------------
Text: Undirected graph with min degree 2, 1 connected component, with cycle, max diameter 4, max degree 8, 54 edges, 23 nodes.
Results: [23, 59, 0, 9, 6, -24, True]
--------------------------------------------------
--------------------------------------------------
Text: Undirected graph with max degree 13, 1 connected component, min degree 1, 116 edges, 45 nodes.
Results: [46, 88, 0, 8, 6, -2, True]
--------------------------------------------------

INFO:root:Elapsed [2:54:12], Iteration [19/100]:
l_D/R: 1.02, l_D/F: -2.63, l_D: -3.09, l_G: 2.62, l_R: 0.00, l_R/N: 0.00, l_R/M: 0.00
property_match: 0.22, closeness: 0.36, n_match: 0.43, m_match: 0.08, min_deg_match: 0.01, max_deg_match: 0.15, diam_match: 0.20, cc_match: 0.01, cycle_match: 0.34
INFO:root:5 sample adjacenecy matrices
--------------------------------------------------
Text: Undirected graph with without cycle, max degree 3, min degree 1, 4 edges, 1 connected component, 5 nodes.
Results: [5, 2, 0, 1, 2, -43, False]
--------------------------------------------------
--------------------------------------------------
Text: Undirected graph with 10 edges, 10 nodes, 1 connected component, min degree 1, max degree 4.
Results: [13, 12, 0, 5, 5, -35, False]
--------------------------------------------------
--------------------------------------------------
Text: Undirected graph with 30 nodes, 51 edges, min degree 1, max diameter 4, max degree 15, 1 connected component, with cycle.
Results: [30, 59, 0, 15, 4, -17, True]
--------------------------------------------------
--------------------------------------------------
Text: Undirected graph with 23 nodes, min degree 2, 54 edges, with cycle.
Results: [23, 52, 0, 8, 5, -25, True]
--------------------------------------------------
--------------------------------------------------
Text: Undirected graph with 45 nodes, min degree 1, with cycle, max diameter 11, 116 edges.
Results: [45, 127, 0, 12, 5, -3, True]
--------------------------------------------------

INFO:root:Saved model checkpoints into results/2023-04-22_15-23/models...
INFO:root:Elapsed [3:02:08], Iteration [20/100]:
l_D/R: 3.15, l_D/F: -2.21, l_D: -3.93, l_G: 2.20, l_R: 0.00, l_R/N: 0.00, l_R/M: 0.00
property_match: 0.23, closeness: 0.36, n_match: 0.46, m_match: 0.08, min_deg_match: 0.01, max_deg_match: 0.14, diam_match: 0.20, cc_match: 0.01, cycle_match: 0.34
INFO:root:5 sample adjacenecy matrices
--------------------------------------------------
Text: Undirected graph with max diameter 6, 14 nodes, min degree 1, 28 edges, max degree 7.
Results: [14, 29, 0, 7, 4, -34, False]
--------------------------------------------------
--------------------------------------------------
Text: Undirected graph with max degree 5, 11 edges, with cycle, max diameter 5, min degree 1, 1 connected component, 9 nodes.
Results: [10, 12, 0, 4, 4, -38, False]
--------------------------------------------------
--------------------------------------------------
Text: Undirected graph with 2 connected component, 11 nodes, max degree 4, min degree 1, 10 edges.
Results: [11, 15, 0, 5, 6, -37, False]
--------------------------------------------------
--------------------------------------------------
Text: Undirected graph with 16 nodes, with cycle, 2 connected component, 39 edges, min degree 1, max degree 8, max diameter 4.
Results: [15, 46, 0, 8, 4, -33, False]
--------------------------------------------------
--------------------------------------------------
Text: Undirected graph with 108 edges, 45 nodes, max diameter 11, with cycle, min degree 1, max degree 9, 1 connected component.
Results: [44, 97, 0, 10, 5, -4, True]
--------------------------------------------------

INFO:root:Saved model checkpoints into results/2023-04-22_15-23/models...
INFO:root:Elapsed [3:02:17], Iteration [20/100]:
l_D/R: 3.16, l_D/F: -2.21, l_D: -3.92, l_G: 2.31, l_R: 0.00, l_R/N: 0.00, l_R/M: 0.00
property_match: 0.23, closeness: 0.36, n_match: 0.48, m_match: 0.06, min_deg_match: 0.01, max_deg_match: 0.15, diam_match: 0.19, cc_match: 0.01, cycle_match: 0.35
INFO:root:5 sample adjacenecy matrices
--------------------------------------------------
Text: Undirected graph with 5 nodes, 4 edges, max diameter 3, max degree 3, without cycle, min degree 1.
Results: [5, 5, 0, 2, 3, -42, False]
--------------------------------------------------
--------------------------------------------------
Text: Undirected graph with 10 edges, 10 nodes, min degree 1, 1 connected component.
Results: [11, 11, 0, 5, 4, -36, False]
--------------------------------------------------
--------------------------------------------------
Text: Undirected graph with max diameter 4, max degree 15, 1 connected component, with cycle, 51 edges, 30 nodes.
Results: [32, 44, 0, 10, 7, -16, False]
--------------------------------------------------
--------------------------------------------------
Text: Undirected graph with max diameter 4, max degree 8, min degree 2, 23 nodes, 54 edges, with cycle, 1 connected component.
Results: [23, 52, 0, 8, 4, -24, True]
--------------------------------------------------
--------------------------------------------------
Text: Undirected graph with max diameter 11, max degree 13, with cycle, 45 nodes, min degree 1, 116 edges.
Results: [45, 96, 0, 9, 6, -3, True]
--------------------------------------------------

INFO:root:Elapsed [3:11:40], Iteration [21/100]:
l_D/R: 3.39, l_D/F: -1.84, l_D: -3.59, l_G: 1.82, l_R: 0.00, l_R/N: 0.00, l_R/M: 0.00
property_match: 0.29, closeness: 0.41, n_match: 0.41, m_match: 0.09, min_deg_match: 0.01, max_deg_match: 0.16, diam_match: 0.20, cc_match: 0.09, cycle_match: 0.61
INFO:root:5 sample adjacenecy matrices
--------------------------------------------------
Text: Undirected graph with 4 edges, 5 nodes, without cycle, max degree 3.
Results: [5, 1, 0, 1, 2, -43, False]
--------------------------------------------------
--------------------------------------------------
Text: Undirected graph with 10 nodes, 10 edges, max degree 4, with cycle, 1 connected component, min degree 1.
Results: [11, 9, 0, 4, 5, -36, False]
--------------------------------------------------
--------------------------------------------------
Text: Undirected graph with max diameter 4, with cycle, 30 nodes, 51 edges, min degree 1, max degree 15.
Results: [30, 61, 0, 6, 5, -18, True]
--------------------------------------------------
--------------------------------------------------
Text: Undirected graph with max diameter 4, with cycle, 23 nodes, 1 connected component, 54 edges.
Results: [23, 74, 0, 10, 4, -25, True]
--------------------------------------------------
--------------------------------------------------
Text: Undirected graph with max diameter 11, 1 connected component, min degree 1, 45 nodes, 116 edges, max degree 13.
Results: [44, 132, 0, 11, 5, -4, True]
--------------------------------------------------

INFO:root:Elapsed [3:19:30], Iteration [22/100]:
l_D/R: 3.42, l_D/F: -1.93, l_D: -4.06, l_G: 1.90, l_R: 0.00, l_R/N: 0.00, l_R/M: 0.00
property_match: 0.29, closeness: 0.42, n_match: 0.45, m_match: 0.08, min_deg_match: 0.01, max_deg_match: 0.15, diam_match: 0.20, cc_match: 0.09, cycle_match: 0.61
