INFO:root:Namespace(lm_model='bert-base-uncased', N=50, max_len=128, z_dim=8, mha_dim=768, n_heads=8, hid_dims=[128, 256, 768], hid_dims_2=[512, 256, 128], m_dim=128, conv_dim=[[128, 256], 768, [256, 64]], lambda_gp=10.0, post_method='sigmoid', batch_size=128, num_epochs=100, g_lr=0.0002, d_lr=0.0002, dropout=0.0, n_critic=5, resume_epoch=None, test_epochs=100, num_workers=1, mode='train', data_dir='data', saving_dir='results/2023-04-06', log_step=1, sample_step=1000, model_save_step=20, lr_update_step=1000, lambda_wgan=0, log_dir='results/2023-04-06/logs', model_dir='results/2023-04-06/models')
INFO:root:Generator(
  (activation_f): Tanh()
  (multi_dense_layer): MultiDenseLayer(
    (linear_layer): Sequential(
      (0): Linear(in_features=8, out_features=128, bias=True)
      (1): Dropout(p=0.0, inplace=False)
      (2): Tanh()
      (3): Linear(in_features=128, out_features=256, bias=True)
      (4): Dropout(p=0.0, inplace=False)
      (5): Tanh()
      (6): Linear(in_features=256, out_features=768, bias=True)
      (7): Dropout(p=0.0, inplace=False)
      (8): Tanh()
    )
  )
  (mha): MultiheadAttention(
    (out_proj): NonDynamicallyQuantizableLinear(in_features=768, out_features=768, bias=True)
  )
  (multi_dense_layer_2): MultiDenseLayer(
    (linear_layer): Sequential(
      (0): Linear(in_features=768, out_features=512, bias=True)
      (1): Dropout(p=0.0, inplace=False)
      (2): Tanh()
      (3): Linear(in_features=512, out_features=256, bias=True)
      (4): Dropout(p=0.0, inplace=False)
      (5): Tanh()
      (6): Linear(in_features=256, out_features=128, bias=True)
      (7): Dropout(p=0.0, inplace=False)
      (8): Tanh()
    )
  )
  (adjM_layer): Linear(in_features=128, out_features=2500, bias=True)
  (dropoout): Dropout(p=0.0, inplace=False)
)
INFO:root:G
INFO:root:The number of parameters: 3474372
INFO:root:Discriminator(
  (activation_f): Tanh()
  (gcn_layer): GraphConvolution(
    (activation_f): Tanh()
    (multi_graph_convolution_layers): MultiGraphConvolutionLayers(
      (conv_nets): ModuleList(
        (0): GraphConvolutionLayer(
          (adj_list): Linear(in_features=128, out_features=128, bias=True)
          (linear_2): Linear(in_features=128, out_features=128, bias=True)
          (activation): Tanh()
          (dropout): Dropout(p=0.0, inplace=False)
          (pe): PositionalEncoder()
        )
        (1): GraphConvolutionLayer(
          (adj_list): Linear(in_features=128, out_features=256, bias=True)
          (linear_2): Linear(in_features=128, out_features=256, bias=True)
          (activation): Tanh()
          (dropout): Dropout(p=0.0, inplace=False)
          (pe): PositionalEncoder()
        )
      )
    )
  )
  (agg_layer): GraphAggregation(
    (activation): Tanh()
    (i): Sequential(
      (0): Linear(in_features=256, out_features=768, bias=True)
      (1): Sigmoid()
    )
    (j): Sequential(
      (0): Linear(in_features=256, out_features=768, bias=True)
      (1): Tanh()
    )
    (dropout): Dropout(p=0.0, inplace=False)
    (pe): PositionalEncoder()
  )
  (mha): MultiheadAttention(
    (out_proj): NonDynamicallyQuantizableLinear(in_features=768, out_features=768, bias=True)
  )
  (multi_dense_layer): MultiDenseLayer(
    (linear_layer): Sequential(
      (0): Linear(in_features=768, out_features=256, bias=True)
      (1): Dropout(p=0.0, inplace=False)
      (2): Tanh()
      (3): Linear(in_features=256, out_features=64, bias=True)
      (4): Dropout(p=0.0, inplace=False)
      (5): Tanh()
    )
  )
  (output_layer): Linear(in_features=64, out_features=1, bias=True)
)
INFO:root:D
INFO:root:The number of parameters: 3069569
INFO:root:BertModel(
  (embeddings): BertEmbeddings(
    (word_embeddings): Embedding(30522, 768, padding_idx=0)
    (position_embeddings): Embedding(512, 768)
    (token_type_embeddings): Embedding(2, 768)
    (LayerNorm): LayerNorm((768,), eps=1e-12, elementwise_affine=True)
    (dropout): Dropout(p=0.1, inplace=False)
  )
  (encoder): BertEncoder(
    (layer): ModuleList(
      (0-11): 12 x BertLayer(
        (attention): BertAttention(
          (self): BertSelfAttention(
            (query): Linear(in_features=768, out_features=768, bias=True)
            (key): Linear(in_features=768, out_features=768, bias=True)
            (value): Linear(in_features=768, out_features=768, bias=True)
            (dropout): Dropout(p=0.1, inplace=False)
          )
          (output): BertSelfOutput(
            (dense): Linear(in_features=768, out_features=768, bias=True)
            (LayerNorm): LayerNorm((768,), eps=1e-12, elementwise_affine=True)
            (dropout): Dropout(p=0.1, inplace=False)
          )
        )
        (intermediate): BertIntermediate(
          (dense): Linear(in_features=768, out_features=3072, bias=True)
          (intermediate_act_fn): GELUActivation()
        )
        (output): BertOutput(
          (dense): Linear(in_features=3072, out_features=768, bias=True)
          (LayerNorm): LayerNorm((768,), eps=1e-12, elementwise_affine=True)
          (dropout): Dropout(p=0.1, inplace=False)
        )
      )
    )
  )
  (pooler): BertPooler(
    (dense): Linear(in_features=768, out_features=768, bias=True)
    (activation): Tanh()
  )
)
INFO:root:bert-base-uncased
INFO:root:The number of parameters: 109482240
INFO:root:Elapsed [0:05:55], Iteration [1/100]:
l_G: -0.12
INFO:root:Elapsed [0:11:52], Iteration [2/100]:
l_D/R: 0.12, l_D/F: 0.12, l_D: 9.92, l_G: -0.12
INFO:root:Elapsed [0:17:49], Iteration [3/100]:
l_D/R: 0.12, l_D/F: 0.12, l_D: 9.92, l_G: -0.12
INFO:root:Elapsed [0:23:46], Iteration [4/100]:
l_D/R: 0.12, l_D/F: 0.12, l_D: 9.92, l_G: -0.12
INFO:root:Elapsed [0:29:44], Iteration [5/100]:
l_D/R: 0.12, l_D/F: 0.12, l_D: 9.92, l_G: -0.12
INFO:root:Elapsed [0:35:41], Iteration [6/100]:
l_D/R: 0.12, l_D/F: 0.12, l_D: 9.92, l_G: -0.12
INFO:root:Elapsed [0:41:39], Iteration [7/100]:
l_D/R: 0.12, l_D/F: 0.12, l_D: 9.92, l_G: -0.12
INFO:root:Elapsed [0:47:37], Iteration [8/100]:
l_D/R: 0.12, l_D/F: 0.12, l_D: 9.92, l_G: -0.12
INFO:root:Elapsed [0:53:34], Iteration [9/100]:
l_D/R: 0.12, l_D/F: 0.12, l_D: 9.92, l_G: -0.12
INFO:root:Elapsed [0:59:32], Iteration [10/100]:
l_D/R: 0.12, l_D/F: 0.12, l_D: 9.92, l_G: -0.12
INFO:root:Elapsed [1:05:30], Iteration [11/100]:
l_D/R: 0.12, l_D/F: 0.12, l_D: 9.92, l_G: -0.12
INFO:root:Elapsed [1:11:27], Iteration [12/100]:
l_D/R: 0.12, l_D/F: 0.12, l_D: 9.92, l_G: -0.12
INFO:root:Elapsed [1:17:24], Iteration [13/100]:
l_D/R: 0.12, l_D/F: 0.12, l_D: 9.92, l_G: -0.12
INFO:root:Elapsed [1:23:22], Iteration [14/100]:
l_D/R: 0.12, l_D/F: 0.12, l_D: 9.92, l_G: -0.12
INFO:root:Elapsed [1:29:19], Iteration [15/100]:
l_D/R: 0.12, l_D/F: 0.12, l_D: 9.92, l_G: -0.12
INFO:root:Elapsed [1:35:17], Iteration [16/100]:
l_D/R: 0.12, l_D/F: 0.12, l_D: 9.92, l_G: -0.12
INFO:root:Elapsed [1:41:15], Iteration [17/100]:
l_D/R: 0.12, l_D/F: 0.12, l_D: 9.92, l_G: -0.12
INFO:root:Elapsed [1:47:12], Iteration [18/100]:
l_D/R: 0.12, l_D/F: 0.12, l_D: 9.92, l_G: -0.12
INFO:root:Elapsed [1:53:10], Iteration [19/100]:
l_D/R: 0.12, l_D/F: 0.12, l_D: 9.92, l_G: -0.12
INFO:root:Saved model checkpoints into results/2023-04-06/models...
INFO:root:Elapsed [2:18:34], Iteration [20/100]:
l_D/R: 0.12, l_D/F: 0.12, l_D: 9.92, l_G: -0.12
property_match: 0.13
INFO:root:Elapsed [2:24:31], Iteration [21/100]:
l_D/R: 0.12, l_D/F: 0.12, l_D: 9.92, l_G: -0.12
INFO:root:Elapsed [2:30:30], Iteration [22/100]:
l_D/R: 0.12, l_D/F: 0.12, l_D: 9.92, l_G: -0.12
INFO:root:Elapsed [2:36:27], Iteration [23/100]:
l_D/R: 0.12, l_D/F: 0.12, l_D: 9.92, l_G: -0.12
INFO:root:Elapsed [2:42:26], Iteration [24/100]:
l_D/R: 0.12, l_D/F: 0.12, l_D: 9.92, l_G: -0.12
INFO:root:Elapsed [2:48:23], Iteration [25/100]:
l_D/R: 0.12, l_D/F: 0.12, l_D: 9.92, l_G: -0.12
INFO:root:Elapsed [2:54:21], Iteration [26/100]:
l_D/R: 0.12, l_D/F: 0.12, l_D: 9.92, l_G: -0.12
INFO:root:Elapsed [3:00:19], Iteration [27/100]:
l_D/R: 0.12, l_D/F: 0.12, l_D: 9.92, l_G: -0.12
INFO:root:Elapsed [3:06:17], Iteration [28/100]:
l_D/R: 0.12, l_D/F: 0.12, l_D: 9.92, l_G: -0.12
INFO:root:Elapsed [3:12:14], Iteration [29/100]:
l_D/R: 0.12, l_D/F: 0.12, l_D: 9.92, l_G: -0.12
INFO:root:Elapsed [3:18:11], Iteration [30/100]:
l_D/R: 0.12, l_D/F: 0.12, l_D: 9.92, l_G: -0.12
INFO:root:Elapsed [3:24:09], Iteration [31/100]:
l_D/R: 0.12, l_D/F: 0.12, l_D: 9.92, l_G: -0.12
INFO:root:Elapsed [3:30:07], Iteration [32/100]:
l_D/R: 0.12, l_D/F: 0.12, l_D: 9.92, l_G: -0.12
INFO:root:Elapsed [3:36:05], Iteration [33/100]:
l_D/R: 0.12, l_D/F: 0.12, l_D: 9.92, l_G: -0.12
INFO:root:Elapsed [3:42:01], Iteration [34/100]:
l_D/R: 0.12, l_D/F: 0.12, l_D: 9.92, l_G: -0.12
INFO:root:Elapsed [3:47:58], Iteration [35/100]:
l_D/R: 0.12, l_D/F: 0.12, l_D: 9.92, l_G: -0.12
INFO:root:Elapsed [3:53:56], Iteration [36/100]:
l_D/R: 0.12, l_D/F: 0.12, l_D: 9.92, l_G: -0.12
INFO:root:Elapsed [3:59:53], Iteration [37/100]:
l_D/R: 0.12, l_D/F: 0.12, l_D: 9.92, l_G: -0.12
INFO:root:Elapsed [4:05:51], Iteration [38/100]:
l_D/R: 0.12, l_D/F: 0.12, l_D: 9.92, l_G: -0.12
INFO:root:Elapsed [4:11:48], Iteration [39/100]:
l_D/R: 0.12, l_D/F: 0.12, l_D: 9.92, l_G: -0.12
INFO:root:Saved model checkpoints into results/2023-04-06/models...
INFO:root:Elapsed [4:37:02], Iteration [40/100]:
l_D/R: 0.12, l_D/F: 0.12, l_D: 9.92, l_G: -0.12
property_match: 0.13
INFO:root:Elapsed [4:42:58], Iteration [41/100]:
l_D/R: 0.12, l_D/F: 0.12, l_D: 9.92, l_G: -0.12
INFO:root:Elapsed [4:48:56], Iteration [42/100]:
l_D/R: 0.12, l_D/F: 0.12, l_D: 9.92, l_G: -0.12
INFO:root:Elapsed [4:54:53], Iteration [43/100]:
l_D/R: 0.12, l_D/F: 0.12, l_D: 9.92, l_G: -0.12
INFO:root:Elapsed [5:00:51], Iteration [44/100]:
l_D/R: 0.12, l_D/F: 0.12, l_D: 9.92, l_G: -0.12
INFO:root:Elapsed [5:06:49], Iteration [45/100]:
l_D/R: 0.12, l_D/F: 0.12, l_D: 9.92, l_G: -0.12
INFO:root:Elapsed [5:12:48], Iteration [46/100]:
l_D/R: 0.12, l_D/F: 0.12, l_D: 9.92, l_G: -0.12
INFO:root:Elapsed [5:18:46], Iteration [47/100]:
l_D/R: 0.12, l_D/F: 0.12, l_D: 9.92, l_G: -0.12
INFO:root:Elapsed [5:24:44], Iteration [48/100]:
l_D/R: 0.12, l_D/F: 0.12, l_D: 9.92, l_G: -0.12
INFO:root:Elapsed [5:30:41], Iteration [49/100]:
l_D/R: 0.12, l_D/F: 0.12, l_D: 9.92, l_G: -0.12
INFO:root:Elapsed [5:36:39], Iteration [50/100]:
l_D/R: 0.12, l_D/F: 0.12, l_D: 9.92, l_G: -0.12
INFO:root:Elapsed [5:42:37], Iteration [51/100]:
l_D/R: 0.12, l_D/F: 0.12, l_D: 9.92, l_G: -0.12
INFO:root:Elapsed [5:48:34], Iteration [52/100]:
l_D/R: 0.12, l_D/F: 0.12, l_D: 9.92, l_G: -0.12
INFO:root:Elapsed [5:54:31], Iteration [53/100]:
l_D/R: 0.12, l_D/F: 0.12, l_D: 9.92, l_G: -0.12
INFO:root:Elapsed [6:00:29], Iteration [54/100]:
l_D/R: 0.12, l_D/F: 0.12, l_D: 9.92, l_G: -0.12
INFO:root:Elapsed [6:06:27], Iteration [55/100]:
l_D/R: 0.12, l_D/F: 0.12, l_D: 9.92, l_G: -0.12
INFO:root:Elapsed [6:12:24], Iteration [56/100]:
l_D/R: 0.12, l_D/F: 0.12, l_D: 9.92, l_G: -0.12
INFO:root:Elapsed [6:18:22], Iteration [57/100]:
l_D/R: 0.12, l_D/F: 0.12, l_D: 9.92, l_G: -0.12
INFO:root:Elapsed [6:24:19], Iteration [58/100]:
l_D/R: 0.12, l_D/F: 0.12, l_D: 9.92, l_G: -0.12
INFO:root:Elapsed [6:30:17], Iteration [59/100]:
l_D/R: 0.12, l_D/F: 0.12, l_D: 9.92, l_G: -0.12
INFO:root:Saved model checkpoints into results/2023-04-06/models...
INFO:root:Elapsed [6:55:27], Iteration [60/100]:
l_D/R: 0.12, l_D/F: 0.12, l_D: 9.92, l_G: -0.12
property_match: 0.13
INFO:root:Elapsed [7:01:24], Iteration [61/100]:
l_D/R: 0.12, l_D/F: 0.12, l_D: 9.92, l_G: -0.12
INFO:root:Elapsed [7:07:22], Iteration [62/100]:
l_D/R: 0.12, l_D/F: 0.12, l_D: 9.92, l_G: -0.12
INFO:root:Elapsed [7:13:20], Iteration [63/100]:
l_D/R: 0.12, l_D/F: 0.12, l_D: 9.92, l_G: -0.12
INFO:root:Elapsed [7:19:18], Iteration [64/100]:
l_D/R: 0.12, l_D/F: 0.12, l_D: 9.92, l_G: -0.12
INFO:root:Elapsed [7:25:15], Iteration [65/100]:
l_D/R: 0.12, l_D/F: 0.12, l_D: 9.92, l_G: -0.12
INFO:root:Elapsed [7:31:16], Iteration [66/100]:
l_D/R: 0.12, l_D/F: 0.12, l_D: 9.92, l_G: -0.12
INFO:root:Elapsed [7:37:14], Iteration [67/100]:
l_D/R: 0.12, l_D/F: 0.12, l_D: 9.92, l_G: -0.12
INFO:root:Elapsed [7:43:12], Iteration [68/100]:
l_D/R: 0.12, l_D/F: 0.12, l_D: 9.92, l_G: -0.12
INFO:root:Elapsed [7:49:10], Iteration [69/100]:
l_D/R: 0.12, l_D/F: 0.12, l_D: 9.92, l_G: -0.12
INFO:root:Elapsed [7:55:08], Iteration [70/100]:
l_D/R: 0.12, l_D/F: 0.12, l_D: 9.92, l_G: -0.12
INFO:root:Elapsed [8:01:06], Iteration [71/100]:
l_D/R: 0.12, l_D/F: 0.12, l_D: 9.92, l_G: -0.12
INFO:root:Elapsed [8:07:04], Iteration [72/100]:
l_D/R: 0.12, l_D/F: 0.12, l_D: 9.92, l_G: -0.12
INFO:root:Elapsed [8:13:02], Iteration [73/100]:
l_D/R: 0.12, l_D/F: 0.12, l_D: 9.92, l_G: -0.12
INFO:root:Elapsed [8:19:00], Iteration [74/100]:
l_D/R: 0.12, l_D/F: 0.12, l_D: 9.92, l_G: -0.12
INFO:root:Elapsed [8:24:58], Iteration [75/100]:
l_D/R: 0.12, l_D/F: 0.12, l_D: 9.92, l_G: -0.12
INFO:root:Elapsed [8:30:56], Iteration [76/100]:
l_D/R: 0.12, l_D/F: 0.12, l_D: 9.92, l_G: -0.12
INFO:root:Elapsed [8:36:56], Iteration [77/100]:
l_D/R: 0.12, l_D/F: 0.12, l_D: 9.92, l_G: -0.12
INFO:root:Elapsed [8:42:57], Iteration [78/100]:
l_D/R: 0.12, l_D/F: 0.12, l_D: 9.93, l_G: -0.12
INFO:root:Elapsed [8:48:59], Iteration [79/100]:
l_D/R: 0.12, l_D/F: 0.12, l_D: 9.92, l_G: -0.12
INFO:root:Saved model checkpoints into results/2023-04-06/models...
INFO:root:Elapsed [9:15:34], Iteration [80/100]:
l_D/R: 0.12, l_D/F: 0.12, l_D: 9.92, l_G: -0.12
property_match: 0.13
INFO:root:Elapsed [9:21:32], Iteration [81/100]:
l_D/R: 0.12, l_D/F: 0.12, l_D: 9.92, l_G: -0.12
INFO:root:Elapsed [9:27:31], Iteration [82/100]:
l_D/R: 0.12, l_D/F: 0.12, l_D: 9.92, l_G: -0.12
INFO:root:Elapsed [9:33:31], Iteration [83/100]:
l_D/R: 0.12, l_D/F: 0.12, l_D: 9.92, l_G: -0.12
INFO:root:Elapsed [9:39:30], Iteration [84/100]:
l_D/R: 0.12, l_D/F: 0.12, l_D: 9.92, l_G: -0.12
INFO:root:Elapsed [9:45:29], Iteration [85/100]:
l_D/R: 0.12, l_D/F: 0.12, l_D: 9.92, l_G: -0.12
INFO:root:Elapsed [9:51:28], Iteration [86/100]:
l_D/R: 0.12, l_D/F: 0.12, l_D: 9.92, l_G: -0.12
INFO:root:Elapsed [9:57:28], Iteration [87/100]:
l_D/R: 0.12, l_D/F: 0.12, l_D: 9.92, l_G: -0.12
INFO:root:Elapsed [10:03:27], Iteration [88/100]:
l_D/R: 0.12, l_D/F: 0.12, l_D: 9.92, l_G: -0.12
INFO:root:Elapsed [10:09:26], Iteration [89/100]:
l_D/R: 0.12, l_D/F: 0.12, l_D: 9.92, l_G: -0.12
INFO:root:Elapsed [10:15:24], Iteration [90/100]:
l_D/R: 0.12, l_D/F: 0.12, l_D: 9.92, l_G: -0.12
INFO:root:Elapsed [10:21:22], Iteration [91/100]:
l_D/R: 0.12, l_D/F: 0.12, l_D: 9.92, l_G: -0.12
INFO:root:Elapsed [10:27:22], Iteration [92/100]:
l_D/R: 0.12, l_D/F: 0.12, l_D: 9.92, l_G: -0.12
INFO:root:Elapsed [10:33:21], Iteration [93/100]:
l_D/R: 0.12, l_D/F: 0.12, l_D: 9.92, l_G: -0.12
INFO:root:Elapsed [10:39:21], Iteration [94/100]:
l_D/R: 0.12, l_D/F: 0.12, l_D: 9.92, l_G: -0.12
INFO:root:Elapsed [10:45:20], Iteration [95/100]:
l_D/R: 0.12, l_D/F: 0.12, l_D: 9.92, l_G: -0.12
INFO:root:Elapsed [10:51:19], Iteration [96/100]:
l_D/R: 0.12, l_D/F: 0.12, l_D: 9.92, l_G: -0.12
INFO:root:Elapsed [10:57:18], Iteration [97/100]:
l_D/R: 0.12, l_D/F: 0.12, l_D: 9.92, l_G: -0.12
INFO:root:Elapsed [11:03:16], Iteration [98/100]:
l_D/R: 0.12, l_D/F: 0.12, l_D: 9.92, l_G: -0.12
INFO:root:Elapsed [11:09:15], Iteration [99/100]:
l_D/R: 0.12, l_D/F: 0.12, l_D: 9.92, l_G: -0.12
INFO:root:Saved model checkpoints into results/2023-04-06/models...
INFO:root:Elapsed [11:35:53], Iteration [100/100]:
l_D/R: 0.12, l_D/F: 0.12, l_D: 9.92, l_G: -0.12
property_match: 0.13
