INFO:root:Namespace(lm_model='roberta-base', N=50, max_len=128, z_dim=8, mha_dim=768, n_heads=8, gen_dims=[[128, 256, 768], [512, 512]], disc_dims=[[128, 128], [512, 768], [512, 256, 128]], lambda_gp=5, lambda_rew=0.5, lambda_wgan=1, post_method='hard_gumbel', batch_size=128, num_epochs=100, g_lr=0.0002, d_lr=0.0002, b_lr=1e-05, dropout=0, n_critic=4, test_epochs=100, num_workers=1, mode='train', bert_unfreeze=0, data_dir='data/graphgen', saving_dir='results/2023-04-24_10-59', model_save_step=20, lr_update_step=1000, restore_G=None, restore_D=None, restore_B_D=None, restore_B_G=None, model_mode=1, ds_mode=0, name='symm_fcn_final_ds_just_num_shuffle_gumbel_roberta_rew_m1_mask', test_category_wise=1, log_dir='results/2023-04-24_10-59/logs', model_dir='results/2023-04-24_10-59/models')
INFO:root:Generator(
  (activation_f): ReLU()
  (multi_dense_layer): MultiDenseLayer(
    (linear_layer): Sequential(
      (0): Linear(in_features=8, out_features=128, bias=True)
      (1): Dropout(p=0, inplace=False)
      (2): LayerNorm((128,), eps=1e-05, elementwise_affine=True)
      (3): ReLU()
      (4): Linear(in_features=128, out_features=256, bias=True)
      (5): Dropout(p=0, inplace=False)
      (6): LayerNorm((256,), eps=1e-05, elementwise_affine=True)
      (7): ReLU()
      (8): Linear(in_features=256, out_features=768, bias=True)
      (9): Dropout(p=0, inplace=False)
      (10): LayerNorm((768,), eps=1e-05, elementwise_affine=True)
      (11): ReLU()
    )
  )
  (mha): MultiheadAttention(
    (out_proj): NonDynamicallyQuantizableLinear(in_features=768, out_features=768, bias=True)
  )
  (multi_dense_layer_2): MultiDenseLayer(
    (linear_layer): Sequential(
      (0): Linear(in_features=1536, out_features=512, bias=True)
      (1): Dropout(p=0, inplace=False)
      (2): LayerNorm((512,), eps=1e-05, elementwise_affine=True)
      (3): ReLU()
      (4): Linear(in_features=512, out_features=512, bias=True)
      (5): Dropout(p=0, inplace=False)
      (6): LayerNorm((512,), eps=1e-05, elementwise_affine=True)
      (7): ReLU()
    )
  )
  (adjM_layer): Sequential(
    (0): Linear(in_features=512, out_features=128, bias=True)
    (1): LayerNorm((128,), eps=1e-05, elementwise_affine=True)
    (2): ReLU()
    (3): Linear(in_features=128, out_features=2500, bias=True)
  )
  (node_layer): Sequential(
    (0): Linear(in_features=512, out_features=64, bias=True)
    (1): LayerNorm((64,), eps=1e-05, elementwise_affine=True)
    (2): ReLU()
    (3): Linear(in_features=64, out_features=50, bias=True)
  )
)
INFO:root:G
INFO:root:The number of parameters: 4072502
INFO:root:Discriminator(
  (activation_f): ReLU()
  (multi_dense_layer): MultiDenseLayer(
    (linear_layer): Sequential(
      (0): Linear(in_features=50, out_features=128, bias=True)
      (1): Dropout(p=0.0, inplace=False)
      (2): LayerNorm((128,), eps=1e-05, elementwise_affine=True)
      (3): ReLU()
      (4): Linear(in_features=128, out_features=128, bias=True)
      (5): Dropout(p=0.0, inplace=False)
      (6): LayerNorm((128,), eps=1e-05, elementwise_affine=True)
      (7): ReLU()
    )
  )
  (node_dense_layer): MultiDenseLayer(
    (linear_layer): Sequential(
      (0): Linear(in_features=50, out_features=64, bias=True)
      (1): Dropout(p=0.2, inplace=False)
      (2): LayerNorm((64,), eps=1e-05, elementwise_affine=True)
      (3): ReLU()
      (4): Linear(in_features=64, out_features=128, bias=True)
      (5): Dropout(p=0.2, inplace=False)
      (6): LayerNorm((128,), eps=1e-05, elementwise_affine=True)
      (7): ReLU()
    )
  )
  (multi_dense_layer_2): MultiDenseLayer(
    (linear_layer): Sequential(
      (0): Linear(in_features=6528, out_features=512, bias=True)
      (1): Dropout(p=0, inplace=False)
      (2): LayerNorm((512,), eps=1e-05, elementwise_affine=True)
      (3): ReLU()
      (4): Linear(in_features=512, out_features=768, bias=True)
      (5): Dropout(p=0, inplace=False)
      (6): LayerNorm((768,), eps=1e-05, elementwise_affine=True)
      (7): ReLU()
    )
  )
  (mha): MultiheadAttention(
    (out_proj): NonDynamicallyQuantizableLinear(in_features=768, out_features=768, bias=True)
  )
  (multi_dense_layer_3): MultiDenseLayer(
    (linear_layer): Sequential(
      (0): Linear(in_features=1536, out_features=512, bias=True)
      (1): Dropout(p=0, inplace=False)
      (2): LayerNorm((512,), eps=1e-05, elementwise_affine=True)
      (3): ReLU()
      (4): Linear(in_features=512, out_features=256, bias=True)
      (5): Dropout(p=0, inplace=False)
      (6): LayerNorm((256,), eps=1e-05, elementwise_affine=True)
      (7): ReLU()
      (8): Linear(in_features=256, out_features=128, bias=True)
      (9): Dropout(p=0, inplace=False)
      (10): LayerNorm((128,), eps=1e-05, elementwise_affine=True)
      (11): ReLU()
    )
  )
  (output_layer): Linear(in_features=128, out_features=1, bias=True)
)
INFO:root:D
INFO:root:The number of parameters: 7090369
INFO:root:RobertaModel(
  (embeddings): RobertaEmbeddings(
    (word_embeddings): Embedding(50265, 768, padding_idx=1)
    (position_embeddings): Embedding(514, 768, padding_idx=1)
    (token_type_embeddings): Embedding(1, 768)
    (LayerNorm): LayerNorm((768,), eps=1e-05, elementwise_affine=True)
    (dropout): Dropout(p=0.1, inplace=False)
  )
  (encoder): RobertaEncoder(
    (layer): ModuleList(
      (0-11): 12 x RobertaLayer(
        (attention): RobertaAttention(
          (self): RobertaSelfAttention(
            (query): Linear(in_features=768, out_features=768, bias=True)
            (key): Linear(in_features=768, out_features=768, bias=True)
            (value): Linear(in_features=768, out_features=768, bias=True)
            (dropout): Dropout(p=0.1, inplace=False)
          )
          (output): RobertaSelfOutput(
            (dense): Linear(in_features=768, out_features=768, bias=True)
            (LayerNorm): LayerNorm((768,), eps=1e-05, elementwise_affine=True)
            (dropout): Dropout(p=0.1, inplace=False)
          )
        )
        (intermediate): RobertaIntermediate(
          (dense): Linear(in_features=768, out_features=3072, bias=True)
          (intermediate_act_fn): GELUActivation()
        )
        (output): RobertaOutput(
          (dense): Linear(in_features=3072, out_features=768, bias=True)
          (LayerNorm): LayerNorm((768,), eps=1e-05, elementwise_affine=True)
          (dropout): Dropout(p=0.1, inplace=False)
        )
      )
    )
  )
  (pooler): RobertaPooler(
    (dense): Linear(in_features=768, out_features=768, bias=True)
    (activation): Tanh()
  )
)
INFO:root:roberta-base_G
INFO:root:The number of parameters: 124645632
INFO:root:RobertaModel(
  (embeddings): RobertaEmbeddings(
    (word_embeddings): Embedding(50265, 768, padding_idx=1)
    (position_embeddings): Embedding(514, 768, padding_idx=1)
    (token_type_embeddings): Embedding(1, 768)
    (LayerNorm): LayerNorm((768,), eps=1e-05, elementwise_affine=True)
    (dropout): Dropout(p=0.1, inplace=False)
  )
  (encoder): RobertaEncoder(
    (layer): ModuleList(
      (0-11): 12 x RobertaLayer(
        (attention): RobertaAttention(
          (self): RobertaSelfAttention(
            (query): Linear(in_features=768, out_features=768, bias=True)
            (key): Linear(in_features=768, out_features=768, bias=True)
            (value): Linear(in_features=768, out_features=768, bias=True)
            (dropout): Dropout(p=0.1, inplace=False)
          )
          (output): RobertaSelfOutput(
            (dense): Linear(in_features=768, out_features=768, bias=True)
            (LayerNorm): LayerNorm((768,), eps=1e-05, elementwise_affine=True)
            (dropout): Dropout(p=0.1, inplace=False)
          )
        )
        (intermediate): RobertaIntermediate(
          (dense): Linear(in_features=768, out_features=3072, bias=True)
          (intermediate_act_fn): GELUActivation()
        )
        (output): RobertaOutput(
          (dense): Linear(in_features=3072, out_features=768, bias=True)
          (LayerNorm): LayerNorm((768,), eps=1e-05, elementwise_affine=True)
          (dropout): Dropout(p=0.1, inplace=False)
        )
      )
    )
  )
  (pooler): RobertaPooler(
    (dense): Linear(in_features=768, out_features=768, bias=True)
    (activation): Tanh()
  )
)
INFO:root:roberta-base_D
INFO:root:The number of parameters: 124645632
INFO:root:5 sample adjacenecy matrices
--------------------------------------------------
Text: Undirected graph with max degree 3, 1 connected component, min degree 1, 9 nodes, 8 edges.
Results: [25, 164, 0, 18, 2, 1, True]
--------------------------------------------------
--------------------------------------------------
Text: Undirected graph with max degree 8, 9 nodes, with cycle, 14 edges, min degree 1.
Results: [30, 220, 0, 19, 2, 1, True]
--------------------------------------------------
--------------------------------------------------
Text: Undirected graph with max degree 19, 1 connected component, 42 nodes, 52 edges.
Results: [28, 193, 0, 18, 3, 1, True]
--------------------------------------------------
--------------------------------------------------
Text: Undirected graph with max diameter 3, 1 connected component, 6 edges, min degree 1, 5 nodes.
Results: [19, 82, 0, 12, 2, 1, True]
--------------------------------------------------
--------------------------------------------------
Text: Undirected graph with with cycle, 26 edges, 9 nodes, 1 connected component.
Results: [25, 146, 0, 16, 3, 1, True]
--------------------------------------------------

INFO:root:Saved model checkpoints into results/2023-04-24_10-59/models...
INFO:root:Elapsed [0:04:22], Iteration [0/100]:
l_D/R: -0.11, l_D/F: -0.09, l_D: 5.95, l_G: 0.09, l_R: 0.32, l_R/N: 0.09, l_R/M: 0.23
property_match: 0.23, closeness: 0.29, n_match: 0.02, m_match: 0.00, min_deg_match: 0.01, max_deg_match: 0.02, diam_match: 0.08, cc_match: 0.85, cycle_match: 0.87
INFO:root:5 sample adjacenecy matrices
--------------------------------------------------
Text: Undirected graph with max diameter 5, 8 edges, without cycle, 1 connected component, max degree 3, min degree 1, 9 nodes.
Results: [28, 168, 1, 20, 4, -21, True]
--------------------------------------------------
--------------------------------------------------
Text: Undirected graph with 14 edges, 9 nodes, max diameter 2, 1 connected component.
Results: [32, 176, 1, 18, 5, -17, True]
--------------------------------------------------
--------------------------------------------------
Text: Undirected graph with 52 edges, 1 connected component, min degree 1, 42 nodes.
Results: [29, 178, 1, 24, 4, -20, True]
--------------------------------------------------
--------------------------------------------------
Text: Undirected graph with min degree 1, with cycle, 1 connected component, 6 edges, max diameter 3, max degree 3, 5 nodes.
Results: [20, 167, 0, 20, 4, -28, True]
--------------------------------------------------
--------------------------------------------------
Text: Undirected graph with 26 edges, 1 connected component, max diameter 2, 9 nodes, min degree 4.
Results: [17, 150, 0, 19, 5, -31, True]
--------------------------------------------------

INFO:root:Elapsed [0:15:18], Iteration [1/100]:
l_D/R: 4.94, l_D/F: -10.04, l_D: -13.35, l_G: 10.03, l_R: 0.10, l_R/N: 0.09, l_R/M: 0.01
INFO:root:5 sample adjacenecy matrices
--------------------------------------------------
Text: Undirected graph with 1 connected component, 8 edges, max diameter 5, 9 nodes.
Results: [22, 16, 0, 5, 7, 11, True]
--------------------------------------------------
--------------------------------------------------
Text: Undirected graph with max degree 8, min degree 1, 9 nodes, with cycle, 14 edges, 1 connected component, max diameter 2.
Results: [26, 25, 0, 7, 4, 9, True]
--------------------------------------------------
--------------------------------------------------
Text: Undirected graph with max degree 19, 1 connected component, max diameter 5, 52 edges, 42 nodes, with cycle.
Results: [28, 30, 0, 6, 6, 5, True]
--------------------------------------------------
--------------------------------------------------
Text: Undirected graph with 1 connected component, 6 edges, min degree 1, max degree 3, 5 nodes, with cycle.
Results: [27, 25, 0, 6, 5, 9, True]
--------------------------------------------------
--------------------------------------------------
Text: Undirected graph with max degree 8, 9 nodes, 1 connected component, 26 edges.
Results: [28, 24, 0, 5, 6, 10, True]
--------------------------------------------------

INFO:root:Elapsed [0:30:18], Iteration [2/100]:
l_D/R: 0.39, l_D/F: -6.29, l_D: -6.26, l_G: 6.27, l_R: 0.08, l_R/N: 0.07, l_R/M: 0.00
property_match: 0.14, closeness: 0.22, n_match: 0.02, m_match: 0.01, min_deg_match: 0.01, max_deg_match: 0.11, diam_match: 0.12, cc_match: 0.02, cycle_match: 0.83
INFO:root:5 sample adjacenecy matrices
--------------------------------------------------
Text: Undirected graph with 8 edges, 1 connected component, 9 nodes, min degree 1.
Results: [16, 25, 0, 6, 6, -7, True]
--------------------------------------------------
--------------------------------------------------
Text: Undirected graph with 9 nodes, 14 edges, with cycle, 1 connected component, min degree 1.
Results: [16, 20, 0, 4, 8, -2, True]
--------------------------------------------------
--------------------------------------------------
Text: Undirected graph with 1 connected component, 52 edges, max degree 19, 42 nodes, with cycle, max diameter 5, min degree 1.
Results: [32, 65, 0, 11, 7, -9, True]
--------------------------------------------------
--------------------------------------------------
Text: Undirected graph with max degree 3, 6 edges, max diameter 3, with cycle, min degree 1, 5 nodes, 1 connected component.
Results: [18, 28, 0, 5, 9, -4, True]
--------------------------------------------------
--------------------------------------------------
Text: Undirected graph with 1 connected component, min degree 4, with cycle, 9 nodes, max degree 8, 26 edges.
Results: [20, 30, 0, 8, 6, -1, True]
--------------------------------------------------

INFO:root:Elapsed [0:36:00], Iteration [3/100]:
l_D/R: 4.13, l_D/F: -1.91, l_D: -5.67, l_G: 1.89, l_R: 0.04, l_R/N: 0.04, l_R/M: 0.00
INFO:root:5 sample adjacenecy matrices
--------------------------------------------------
Text: Undirected graph with 8 edges, without cycle, 1 connected component, 9 nodes.
Results: [12, 9, 0, 5, 3, 5, True]
--------------------------------------------------
--------------------------------------------------
Text: Undirected graph with max degree 8, 9 nodes, min degree 1, 14 edges, max diameter 2, with cycle.
Results: [12, 9, 0, 5, 4, 5, True]
--------------------------------------------------
--------------------------------------------------
Text: Undirected graph with 42 nodes, max diameter 5, min degree 1, 1 connected component, with cycle, 52 edges.
Results: [38, 42, 0, 7, 6, 7, True]
--------------------------------------------------
--------------------------------------------------
Text: Undirected graph with with cycle, max degree 3, 1 connected component, max diameter 3, 5 nodes, min degree 1, 6 edges.
Results: [12, 5, 0, 3, 3, 8, True]
--------------------------------------------------
--------------------------------------------------
Text: Undirected graph with max diameter 2, min degree 4, max degree 8, 26 edges, 9 nodes, 1 connected component, with cycle.
Results: [13, 7, 0, 5, 3, 7, True]
--------------------------------------------------

INFO:root:Elapsed [0:43:45], Iteration [4/100]:
l_D/R: 2.83, l_D/F: -3.06, l_D: -5.45, l_G: 3.08, l_R: 0.02, l_R/N: 0.02, l_R/M: 0.00
property_match: 0.18, closeness: 0.28, n_match: 0.06, m_match: 0.05, min_deg_match: 0.01, max_deg_match: 0.16, diam_match: 0.22, cc_match: 0.06, cycle_match: 0.84
INFO:root:5 sample adjacenecy matrices
--------------------------------------------------
Text: Undirected graph with max diameter 5, min degree 1, without cycle, max degree 3, 8 edges, 9 nodes, 1 connected component.
Results: [10, 21, 0, 7, 4, -2, True]
--------------------------------------------------
--------------------------------------------------
Text: Undirected graph with 1 connected component, 9 nodes, max degree 8, 14 edges.
Results: [12, 17, 0, 5, 4, 0, True]
--------------------------------------------------
--------------------------------------------------
Text: Undirected graph with 42 nodes, min degree 1, 52 edges, max degree 19, 1 connected component.
Results: [40, 53, 0, 14, 5, 9, True]
--------------------------------------------------
--------------------------------------------------
Text: Undirected graph with with cycle, 1 connected component, 6 edges, max degree 3, min degree 1, 5 nodes.
Results: [11, 15, 0, 8, 6, -2, True]
--------------------------------------------------
--------------------------------------------------
Text: Undirected graph with max diameter 2, min degree 4, 26 edges, 9 nodes.
Results: [12, 40, 0, 7, 5, -12, True]
--------------------------------------------------

INFO:root:Elapsed [0:49:22], Iteration [5/100]:
l_D/R: 4.30, l_D/F: -2.74, l_D: -4.97, l_G: 2.72, l_R: 0.01, l_R/N: 0.01, l_R/M: 0.00
INFO:root:5 sample adjacenecy matrices
--------------------------------------------------
Text: Undirected graph with without cycle, 9 nodes, max diameter 5, 8 edges, max degree 3, 1 connected component, min degree 1.
Results: [10, 13, 0, 4, 3, 3, True]
--------------------------------------------------
--------------------------------------------------
Text: Undirected graph with max degree 8, 1 connected component, max diameter 2, 9 nodes, 14 edges, min degree 1.
Results: [6, 10, 0, 5, 2, 1, True]
--------------------------------------------------
--------------------------------------------------
Text: Undirected graph with 42 nodes, 1 connected component, min degree 1, with cycle, 52 edges, max degree 19, max diameter 5.
Results: [44, 49, 0, 15, 4, 14, True]
--------------------------------------------------
--------------------------------------------------
Text: Undirected graph with max degree 3, 5 nodes, 6 edges, with cycle.
Results: [11, 7, 0, 4, 3, 6, True]
--------------------------------------------------
--------------------------------------------------
Text: Undirected graph with max degree 8, 9 nodes, max diameter 2, 26 edges.
Results: [9, 21, 0, 6, 3, 1, True]
--------------------------------------------------

INFO:root:Elapsed [0:57:02], Iteration [6/100]:
l_D/R: 4.70, l_D/F: -0.87, l_D: -3.70, l_G: 0.86, l_R: 0.00, l_R/N: 0.00, l_R/M: 0.00
property_match: 0.22, closeness: 0.34, n_match: 0.15, m_match: 0.06, min_deg_match: 0.01, max_deg_match: 0.19, diam_match: 0.26, cc_match: 0.14, cycle_match: 0.83
INFO:root:5 sample adjacenecy matrices
--------------------------------------------------
Text: Undirected graph with 8 edges, 1 connected component, 9 nodes, min degree 1.
Results: [9, 13, 0, 5, 4, 0, True]
--------------------------------------------------
--------------------------------------------------
Text: Undirected graph with 9 nodes, min degree 1, with cycle, 14 edges.
Results: [11, 12, 0, 4, 5, 1, True]
--------------------------------------------------
--------------------------------------------------
Text: Undirected graph with 1 connected component, 42 nodes, 52 edges, with cycle.
Results: [39, 47, 0, 12, 6, 4, True]
--------------------------------------------------
--------------------------------------------------
Text: Undirected graph with max degree 3, 6 edges, with cycle, min degree 1, 5 nodes.
Results: [7, 7, 0, 3, 4, 0, False]
--------------------------------------------------
--------------------------------------------------
Text: Undirected graph with max diameter 2, 9 nodes, with cycle, 26 edges.
Results: [12, 20, 0, 6, 5, 0, True]
--------------------------------------------------

INFO:root:Elapsed [1:02:39], Iteration [7/100]:
l_D/R: 3.60, l_D/F: -0.45, l_D: -3.23, l_G: 0.45, l_R: 0.00, l_R/N: 0.00, l_R/M: 0.00
INFO:root:5 sample adjacenecy matrices
--------------------------------------------------
Text: Undirected graph with min degree 1, 9 nodes, 8 edges, max diameter 5.
Results: [11, 9, 0, 4, 5, 4, True]
--------------------------------------------------
--------------------------------------------------
Text: Undirected graph with 1 connected component, 14 edges, max degree 8, 9 nodes.
Results: [8, 12, 0, 5, 3, 1, True]
--------------------------------------------------
--------------------------------------------------
Text: Undirected graph with with cycle, min degree 1, max diameter 5, max degree 19, 1 connected component, 42 nodes, 52 edges.
Results: [41, 51, 0, 15, 5, 10, True]
--------------------------------------------------
--------------------------------------------------
Text: Undirected graph with 5 nodes, 6 edges, max degree 3, max diameter 3.
Results: [8, 8, 0, 4, 3, 2, True]
--------------------------------------------------
--------------------------------------------------
Text: Undirected graph with min degree 4, 26 edges, 9 nodes, 1 connected component.
Results: [9, 20, 0, 7, 3, 1, True]
--------------------------------------------------

INFO:root:Elapsed [1:10:21], Iteration [8/100]:
l_D/R: 2.24, l_D/F: -1.56, l_D: -3.17, l_G: 1.52, l_R: 0.00, l_R/N: 0.00, l_R/M: 0.00
property_match: 0.26, closeness: 0.39, n_match: 0.24, m_match: 0.07, min_deg_match: 0.01, max_deg_match: 0.21, diam_match: 0.29, cc_match: 0.24, cycle_match: 0.85
INFO:root:5 sample adjacenecy matrices
--------------------------------------------------
Text: Undirected graph with 8 edges, without cycle, max degree 3, 9 nodes.
Results: [9, 13, 0, 4, 3, 2, True]
--------------------------------------------------
--------------------------------------------------
Text: Undirected graph with 14 edges, max degree 8, min degree 1, max diameter 2, with cycle, 9 nodes.
Results: [9, 20, 0, 6, 4, -1, True]
--------------------------------------------------
--------------------------------------------------
Text: Undirected graph with min degree 1, 52 edges, max diameter 5, 42 nodes, max degree 19, 1 connected component, with cycle.
Results: [44, 61, 0, 17, 5, 8, True]
--------------------------------------------------
--------------------------------------------------
Text: Undirected graph with max degree 3, 6 edges, 5 nodes, 1 connected component.
Results: [6, 5, 0, 3, 3, 2, True]
--------------------------------------------------
--------------------------------------------------
Text: Undirected graph with 1 connected component, max diameter 2, max degree 8, 26 edges, 9 nodes.
Results: [12, 188, 0, 21, 4, -31, True]
--------------------------------------------------

INFO:root:Elapsed [1:15:58], Iteration [9/100]:
l_D/R: 4.08, l_D/F: -0.41, l_D: -3.33, l_G: 0.41, l_R: 0.00, l_R/N: 0.00, l_R/M: 0.00
INFO:root:5 sample adjacenecy matrices
--------------------------------------------------
Text: Undirected graph with max diameter 5, 1 connected component, 8 edges, min degree 1, 9 nodes, without cycle.
Results: [11, 13, 0, 6, 3, 3, True]
--------------------------------------------------
--------------------------------------------------
Text: Undirected graph with 9 nodes, max degree 8, with cycle, max diameter 2, min degree 1, 1 connected component, 14 edges.
Results: [9, 9, 0, 4, 5, 2, True]
--------------------------------------------------
--------------------------------------------------
Text: Undirected graph with 42 nodes, 1 connected component, max degree 19, max diameter 5, with cycle, 52 edges.
Results: [42, 64, 0, 13, 6, 5, True]
--------------------------------------------------
--------------------------------------------------
Text: Undirected graph with 5 nodes, max degree 3, 6 edges, 1 connected component.
Results: [5, 7, 0, 4, 2, 1, True]
--------------------------------------------------
--------------------------------------------------
Text: Undirected graph with max diameter 2, max degree 8, min degree 4, 26 edges, 9 nodes, 1 connected component, with cycle.
Results: [11, 17, 0, 6, 3, 3, True]
--------------------------------------------------

INFO:root:Elapsed [1:23:40], Iteration [10/100]:
l_D/R: 4.10, l_D/F: 0.43, l_D: -2.91, l_G: -0.45, l_R: 0.00, l_R/N: 0.00, l_R/M: 0.00
property_match: 0.27, closeness: 0.40, n_match: 0.31, m_match: 0.08, min_deg_match: 0.01, max_deg_match: 0.19, diam_match: 0.29, cc_match: 0.27, cycle_match: 0.84
INFO:root:5 sample adjacenecy matrices
--------------------------------------------------
Text: Undirected graph with 9 nodes, 1 connected component, max degree 3, 8 edges.
Results: [9, 12, 0, 5, 4, 1, True]
--------------------------------------------------
--------------------------------------------------
Text: Undirected graph with with cycle, 9 nodes, 14 edges, 1 connected component, max degree 8, max diameter 2, min degree 1.
Results: [7, 15, 0, 5, 4, -2, True]
--------------------------------------------------
--------------------------------------------------
Text: Undirected graph with max diameter 5, 42 nodes, min degree 1, max degree 19, 52 edges, with cycle, 1 connected component.
Results: [42, 73, 0, 16, 6, 3, True]
--------------------------------------------------
--------------------------------------------------
Text: Undirected graph with max diameter 3, 5 nodes, max degree 3, 6 edges.
Results: [6, 6, 0, 3, 3, 1, True]
--------------------------------------------------
--------------------------------------------------
Text: Undirected graph with 26 edges, 9 nodes, 1 connected component, min degree 4.
Results: [9, 20, 0, 7, 2, 1, True]
--------------------------------------------------

INFO:root:Elapsed [1:29:16], Iteration [11/100]:
l_D/R: 5.40, l_D/F: 1.62, l_D: -2.77, l_G: -1.61, l_R: 0.00, l_R/N: 0.00, l_R/M: 0.00
INFO:root:5 sample adjacenecy matrices
--------------------------------------------------
Text: Undirected graph with 1 connected component, min degree 1, 8 edges, max degree 3, 9 nodes, max diameter 5, without cycle.
Results: [9, 4, 0, 2, 3, 5, False]
--------------------------------------------------
--------------------------------------------------
Text: Undirected graph with 9 nodes, 1 connected component, 14 edges, max degree 8, min degree 1, max diameter 2.
Results: [10, 12, 0, 6, 4, 2, True]
--------------------------------------------------
--------------------------------------------------
Text: Undirected graph with max diameter 5, min degree 1, max degree 19, 1 connected component, 52 edges, 42 nodes.
Results: [44, 60, 0, 16, 5, 13, True]
--------------------------------------------------
--------------------------------------------------
Text: Undirected graph with max diameter 3, min degree 1, max degree 3, 6 edges, 1 connected component, 5 nodes.
Results: [7, 5, 0, 3, 2, 4, True]
--------------------------------------------------
--------------------------------------------------
Text: Undirected graph with 1 connected component, min degree 4, with cycle, 26 edges, 9 nodes, max diameter 2.
Results: [10, 19, 0, 6, 2, 2, True]
--------------------------------------------------

INFO:root:Elapsed [1:36:59], Iteration [12/100]:
l_D/R: 3.35, l_D/F: 0.40, l_D: -2.28, l_G: -0.43, l_R: 0.00, l_R/N: 0.00, l_R/M: 0.00
property_match: 0.29, closeness: 0.42, n_match: 0.37, m_match: 0.08, min_deg_match: 0.01, max_deg_match: 0.23, diam_match: 0.29, cc_match: 0.25, cycle_match: 0.87
INFO:root:5 sample adjacenecy matrices
--------------------------------------------------
Text: Undirected graph with 9 nodes, 8 edges, max degree 3, max diameter 5, 1 connected component, min degree 1.
Results: [9, 15, 0, 5, 3, 1, True]
--------------------------------------------------
--------------------------------------------------
Text: Undirected graph with max degree 8, with cycle, 14 edges, 1 connected component, 9 nodes, min degree 1.
Results: [9, 10, 0, 5, 3, 1, True]
--------------------------------------------------
--------------------------------------------------
Text: Undirected graph with max diameter 5, 1 connected component, 52 edges, 42 nodes, max degree 19, with cycle.
Results: [39, 61, 0, 17, 6, 2, True]
--------------------------------------------------
--------------------------------------------------
Text: Undirected graph with 5 nodes, 1 connected component, 6 edges, max degree 3.
Results: [5, 4, 0, 3, 3, 1, False]
--------------------------------------------------
--------------------------------------------------
Text: Undirected graph with max diameter 2, 26 edges, max degree 8, with cycle, 1 connected component, 9 nodes.
Results: [9, 23, 0, 7, 2, 1, True]
--------------------------------------------------

INFO:root:Elapsed [1:42:34], Iteration [13/100]:
l_D/R: 6.22, l_D/F: 2.14, l_D: -2.49, l_G: -2.14, l_R: 0.00, l_R/N: 0.00, l_R/M: 0.00
INFO:root:5 sample adjacenecy matrices
--------------------------------------------------
Text: Undirected graph with 8 edges, max degree 3, 1 connected component, without cycle, 9 nodes, min degree 1, max diameter 5.
Results: [9, 7, 0, 3, 4, 4, True]
--------------------------------------------------
--------------------------------------------------
Text: Undirected graph with 14 edges, with cycle, min degree 1, 9 nodes, max diameter 2.
Results: [9, 14, 0, 5, 3, 1, True]
--------------------------------------------------
--------------------------------------------------
Text: Undirected graph with 52 edges, with cycle, 1 connected component, 42 nodes, max diameter 5.
Results: [41, 61, 0, 17, 6, 6, True]
--------------------------------------------------
--------------------------------------------------
Text: Undirected graph with with cycle, min degree 1, 5 nodes, max degree 3, 1 connected component, 6 edges.
Results: [5, 3, 0, 3, 2, 2, False]
--------------------------------------------------
--------------------------------------------------
Text: Undirected graph with min degree 4, 9 nodes, max diameter 2, 26 edges, max degree 8.
Results: [9, 22, 0, 6, 2, 1, True]
--------------------------------------------------

INFO:root:Elapsed [1:50:13], Iteration [14/100]:
l_D/R: 4.70, l_D/F: 1.16, l_D: -2.36, l_G: -1.15, l_R: 0.00, l_R/N: 0.00, l_R/M: 0.00
property_match: 0.31, closeness: 0.44, n_match: 0.42, m_match: 0.08, min_deg_match: 0.01, max_deg_match: 0.23, diam_match: 0.30, cc_match: 0.28, cycle_match: 0.87
INFO:root:5 sample adjacenecy matrices
--------------------------------------------------
Text: Undirected graph with max degree 3, 9 nodes, min degree 1, 8 edges.
Results: [10, 9, 0, 4, 4, 4, True]
--------------------------------------------------
--------------------------------------------------
Text: Undirected graph with max diameter 2, 14 edges, 9 nodes, with cycle, max degree 8, 1 connected component.
Results: [8, 17, 0, 5, 3, 0, True]
--------------------------------------------------
--------------------------------------------------
Text: Undirected graph with 52 edges, 42 nodes, min degree 1, max diameter 5, 1 connected component.
Results: [43, 58, 0, 21, 5, 11, True]
--------------------------------------------------
--------------------------------------------------
Text: Undirected graph with with cycle, max diameter 3, 6 edges, 5 nodes, 1 connected component.
Results: [5, 5, 0, 4, 2, 1, True]
--------------------------------------------------
--------------------------------------------------
Text: Undirected graph with with cycle, max degree 8, 26 edges, max diameter 2, 9 nodes.
Results: [9, 21, 0, 6, 3, 0, True]
--------------------------------------------------

INFO:root:Elapsed [1:55:48], Iteration [15/100]:
l_D/R: 6.01, l_D/F: 2.71, l_D: -2.66, l_G: -2.69, l_R: 0.00, l_R/N: 0.00, l_R/M: 0.00
INFO:root:5 sample adjacenecy matrices
--------------------------------------------------
Text: Undirected graph with 1 connected component, min degree 1, 9 nodes, 8 edges.
Results: [10, 5, 0, 3, 4, 5, False]
--------------------------------------------------
--------------------------------------------------
Text: Undirected graph with min degree 1, max diameter 2, 1 connected component, with cycle, max degree 8, 14 edges, 9 nodes.
Results: [9, 11, 0, 5, 4, 1, True]
--------------------------------------------------
--------------------------------------------------
Text: Undirected graph with max degree 19, 42 nodes, with cycle, 52 edges.
Results: [42, 53, 0, 13, 6, 11, True]
--------------------------------------------------
--------------------------------------------------
Text: Undirected graph with min degree 1, 1 connected component, 6 edges, 5 nodes, max degree 3.
Results: [5, 5, 0, 3, 3, 1, True]
--------------------------------------------------
--------------------------------------------------
Text: Undirected graph with max diameter 2, 1 connected component, 26 edges, with cycle, max degree 8, 9 nodes, min degree 4.
Results: [10, 20, 0, 6, 2, 3, True]
--------------------------------------------------

INFO:root:Elapsed [2:03:28], Iteration [16/100]:
l_D/R: 5.71, l_D/F: 1.65, l_D: -2.92, l_G: -1.64, l_R: 0.00, l_R/N: 0.00, l_R/M: 0.00
property_match: 0.32, closeness: 0.45, n_match: 0.46, m_match: 0.08, min_deg_match: 0.01, max_deg_match: 0.23, diam_match: 0.31, cc_match: 0.32, cycle_match: 0.87
INFO:root:5 sample adjacenecy matrices
--------------------------------------------------
Text: Undirected graph with 9 nodes, max diameter 5, 1 connected component, without cycle, 8 edges, min degree 1, max degree 3.
Results: [10, 8, 0, 3, 5, 3, True]
--------------------------------------------------
--------------------------------------------------
Text: Undirected graph with min degree 1, max degree 8, with cycle, max diameter 2, 14 edges, 1 connected component, 9 nodes.
Results: [9, 19, 0, 7, 2, 1, True]
--------------------------------------------------
--------------------------------------------------
Text: Undirected graph with 1 connected component, max diameter 5, min degree 1, max degree 19, 42 nodes, 52 edges, with cycle.
Results: [43, 50, 0, 14, 6, 11, True]
--------------------------------------------------
--------------------------------------------------
Text: Undirected graph with min degree 1, with cycle, max degree 3, 6 edges, 1 connected component, max diameter 3, 5 nodes.
Results: [5, 4, 0, 2, 2, 2, True]
--------------------------------------------------
--------------------------------------------------
Text: Undirected graph with 1 connected component, 9 nodes, 26 edges, with cycle, max degree 8, max diameter 2.
Results: [10, 24, 0, 7, 2, 2, True]
--------------------------------------------------

INFO:root:Elapsed [2:09:05], Iteration [17/100]:
l_D/R: 6.39, l_D/F: 2.04, l_D: -2.75, l_G: -2.05, l_R: 0.00, l_R/N: 0.00, l_R/M: 0.00
INFO:root:5 sample adjacenecy matrices
--------------------------------------------------
Text: Undirected graph with without cycle, 8 edges, 1 connected component, max diameter 5, 9 nodes, min degree 1, max degree 3.
Results: [9, 8, 0, 3, 5, 1, False]
--------------------------------------------------
--------------------------------------------------
Text: Undirected graph with min degree 1, 9 nodes, 14 edges, max diameter 2, with cycle, 1 connected component.
Results: [9, 13, 0, 4, 4, 1, True]
--------------------------------------------------
--------------------------------------------------
Text: Undirected graph with max diameter 5, 42 nodes, 1 connected component, max degree 19, min degree 1, 52 edges, with cycle.
Results: [43, 53, 0, 15, 4, 9, True]
--------------------------------------------------
--------------------------------------------------
Text: Undirected graph with with cycle, 5 nodes, max degree 3, max diameter 3, 6 edges.
Results: [5, 2, 0, 1, 2, 3, False]
--------------------------------------------------
--------------------------------------------------
Text: Undirected graph with 9 nodes, 1 connected component, min degree 4, 26 edges, with cycle, max diameter 2.
Results: [9, 19, 0, 6, 3, 1, True]
--------------------------------------------------

INFO:root:Elapsed [2:16:42], Iteration [18/100]:
l_D/R: 6.29, l_D/F: 1.94, l_D: -3.10, l_G: -1.94, l_R: 0.00, l_R/N: 0.00, l_R/M: 0.00
property_match: 0.32, closeness: 0.45, n_match: 0.50, m_match: 0.09, min_deg_match: 0.01, max_deg_match: 0.22, diam_match: 0.30, cc_match: 0.31, cycle_match: 0.87
INFO:root:5 sample adjacenecy matrices
--------------------------------------------------
Text: Undirected graph with 8 edges, min degree 1, max diameter 5, 9 nodes, without cycle.
Results: [9, 10, 0, 5, 3, 2, True]
--------------------------------------------------
--------------------------------------------------
Text: Undirected graph with 9 nodes, with cycle, 1 connected component, 14 edges, max diameter 2, max degree 8.
Results: [9, 11, 0, 5, 3, 2, True]
--------------------------------------------------
--------------------------------------------------
Text: Undirected graph with 42 nodes, with cycle, min degree 1, max degree 19, 52 edges.
Results: [40, 50, 0, 15, 4, 9, True]
--------------------------------------------------
--------------------------------------------------
Text: Undirected graph with 6 edges, with cycle, 5 nodes, max degree 3, max diameter 3.
Results: [6, 8, 0, 4, 3, 1, True]
--------------------------------------------------
--------------------------------------------------
Text: Undirected graph with 26 edges, max diameter 2, with cycle, min degree 4, max degree 8, 9 nodes.
Results: [11, 17, 0, 5, 3, 3, True]
--------------------------------------------------

INFO:root:Elapsed [2:22:17], Iteration [19/100]:
l_D/R: 5.99, l_D/F: 2.38, l_D: -3.02, l_G: -2.37, l_R: 0.00, l_R/N: 0.00, l_R/M: 0.00
INFO:root:5 sample adjacenecy matrices
--------------------------------------------------
Text: Undirected graph with 8 edges, 9 nodes, 1 connected component, max degree 3, min degree 1.
Results: [9, 6, 0, 2, 4, 3, False]
--------------------------------------------------
--------------------------------------------------
Text: Undirected graph with 1 connected component, 9 nodes, min degree 1, 14 edges.
Results: [9, 14, 0, 4, 3, 1, True]
--------------------------------------------------
--------------------------------------------------
Text: Undirected graph with 52 edges, 42 nodes, 1 connected component, min degree 1.
Results: [41, 57, 0, 14, 6, 3, True]
--------------------------------------------------
--------------------------------------------------
Text: Undirected graph with with cycle, 5 nodes, 1 connected component, max diameter 3, 6 edges.
Results: [5, 7, 0, 4, 2, 1, True]
--------------------------------------------------
--------------------------------------------------
Text: Undirected graph with max degree 8, 1 connected component, max diameter 2, with cycle, 26 edges, 9 nodes.
Results: [9, 24, 0, 8, 2, 1, True]
--------------------------------------------------

INFO:root:Saved model checkpoints into results/2023-04-24_10-59/models...
INFO:root:Elapsed [2:29:58], Iteration [20/100]:
l_D/R: 6.63, l_D/F: 2.22, l_D: -3.54, l_G: -2.24, l_R: 0.00, l_R/N: 0.00, l_R/M: 0.00
property_match: 0.33, closeness: 0.46, n_match: 0.50, m_match: 0.09, min_deg_match: 0.01, max_deg_match: 0.21, diam_match: 0.28, cc_match: 0.39, cycle_match: 0.88
INFO:root:5 sample adjacenecy matrices
--------------------------------------------------
Text: Undirected graph with min degree 4, 5 nodes, with cycle, 10 edges, max degree 4.
Results: [5, 6, 0, 4, 2, 1, True]
--------------------------------------------------
--------------------------------------------------
Text: Undirected graph with 2 connected component, max degree 2, 5 nodes, min degree 1, without cycle, 3 edges.
Results: [5, 2, 0, 2, 2, 3, False]
--------------------------------------------------
--------------------------------------------------
Text: Undirected graph with 1 connected component, min degree 2, 46 edges, with cycle, max degree 9, 22 nodes, max diameter 4.
Results: [23, 57, 0, 9, 5, 1, True]
--------------------------------------------------
--------------------------------------------------
Text: Undirected graph with 1 connected component, max diameter 5, 52 edges, max degree 11, 16 nodes, min degree 1.
Results: [16, 50, 0, 12, 3, 1, True]
--------------------------------------------------
--------------------------------------------------
Text: Undirected graph with max diameter 5, 77 edges, 1 connected component, with cycle, 23 nodes, max degree 11.
Results: [23, 84, 0, 11, 3, 1, True]
--------------------------------------------------

INFO:root:Saved model checkpoints into results/2023-04-24_10-59/models...
INFO:root:Elapsed [2:30:07], Iteration [20/100]:
l_D/R: 6.66, l_D/F: 2.27, l_D: -3.48, l_G: -2.33, l_R: 0.00, l_R/N: 0.00, l_R/M: 0.00
property_match: 0.34, closeness: 0.46, n_match: 0.54, m_match: 0.07, min_deg_match: 0.02, max_deg_match: 0.21, diam_match: 0.28, cc_match: 0.43, cycle_match: 0.85
INFO:root:5 sample adjacenecy matrices
--------------------------------------------------
Text: Undirected graph with 9 nodes, 1 connected component, without cycle, max degree 3, 8 edges, max diameter 5, min degree 1.
Results: [9, 10, 0, 4, 4, 2, True]
--------------------------------------------------
--------------------------------------------------
Text: Undirected graph with 9 nodes, with cycle, 1 connected component, min degree 1, 14 edges.
Results: [10, 17, 0, 5, 3, 1, True]
--------------------------------------------------
--------------------------------------------------
Text: Undirected graph with 1 connected component, 52 edges, min degree 1, max degree 19, 42 nodes.
Results: [40, 52, 0, 15, 5, 6, True]
--------------------------------------------------
--------------------------------------------------
Text: Undirected graph with max degree 3, with cycle, min degree 1, max diameter 3, 6 edges, 5 nodes.
Results: [5, 7, 0, 4, 3, 0, True]
--------------------------------------------------
--------------------------------------------------
Text: Undirected graph with min degree 4, with cycle, 9 nodes, 26 edges.
Results: [9, 27, 0, 7, 2, 1, True]
--------------------------------------------------

INFO:root:Elapsed [2:35:44], Iteration [21/100]:
l_D/R: 7.10, l_D/F: 2.42, l_D: -3.31, l_G: -2.44, l_R: 0.00, l_R/N: 0.00, l_R/M: 0.00
INFO:root:5 sample adjacenecy matrices
--------------------------------------------------
Text: Undirected graph with max degree 3, 1 connected component, 8 edges, 9 nodes.
Results: [9, 7, 0, 4, 3, 4, True]
--------------------------------------------------
--------------------------------------------------
Text: Undirected graph with 1 connected component, 9 nodes, max diameter 2, min degree 1, with cycle, 14 edges.
Results: [9, 7, 0, 3, 5, 3, True]
--------------------------------------------------
--------------------------------------------------
Text: Undirected graph with max degree 19, 42 nodes, 52 edges, min degree 1.
Results: [43, 54, 0, 15, 5, 9, True]
--------------------------------------------------
--------------------------------------------------
Text: Undirected graph with max degree 3, 6 edges, with cycle, 5 nodes, max diameter 3.
Results: [5, 4, 0, 3, 2, 2, True]
--------------------------------------------------
--------------------------------------------------
Text: Undirected graph with max diameter 2, 26 edges, 9 nodes, with cycle, 1 connected component.
Results: [9, 20, 0, 6, 3, 1, True]
--------------------------------------------------

INFO:root:Elapsed [2:43:26], Iteration [22/100]:
l_D/R: 7.38, l_D/F: 2.73, l_D: -3.55, l_G: -2.76, l_R: 0.00, l_R/N: 0.00, l_R/M: 0.00
property_match: 0.33, closeness: 0.45, n_match: 0.50, m_match: 0.08, min_deg_match: 0.01, max_deg_match: 0.20, diam_match: 0.29, cc_match: 0.36, cycle_match: 0.87
INFO:root:5 sample adjacenecy matrices
--------------------------------------------------
Text: Undirected graph with min degree 1, max degree 3, 9 nodes, without cycle, 8 edges, max diameter 5, 1 connected component.
Results: [9, 12, 0, 4, 4, 0, True]
--------------------------------------------------
--------------------------------------------------
Text: Undirected graph with with cycle, min degree 1, 9 nodes, 1 connected component, 14 edges, max degree 8.
Results: [9, 16, 0, 7, 3, 1, True]
--------------------------------------------------
--------------------------------------------------
Text: Undirected graph with max degree 19, min degree 1, 1 connected component, 52 edges, max diameter 5, 42 nodes.
Results: [41, 55, 0, 16, 5, 7, True]
--------------------------------------------------
--------------------------------------------------
Text: Undirected graph with max degree 3, min degree 1, 6 edges, 5 nodes, 1 connected component, with cycle.
Results: [5, 4, 0, 3, 3, 1, False]
--------------------------------------------------
--------------------------------------------------
Text: Undirected graph with with cycle, max degree 8, 26 edges, max diameter 2, 9 nodes.
Results: [9, 22, 0, 6, 3, 1, True]
--------------------------------------------------

INFO:root:Elapsed [2:49:04], Iteration [23/100]:
l_D/R: 7.92, l_D/F: 2.46, l_D: -2.94, l_G: -2.49, l_R: 0.00, l_R/N: 0.00, l_R/M: 0.00
INFO:root:5 sample adjacenecy matrices
--------------------------------------------------
Text: Undirected graph with max degree 3, 8 edges, 9 nodes, 1 connected component, without cycle.
Results: [9, 10, 0, 6, 3, 2, True]
--------------------------------------------------
--------------------------------------------------
Text: Undirected graph with 14 edges, min degree 1, 9 nodes, max degree 8, max diameter 2.
Results: [9, 19, 0, 5, 3, 1, True]
--------------------------------------------------
--------------------------------------------------
Text: Undirected graph with 42 nodes, min degree 1, with cycle, 52 edges, max degree 19.
Results: [41, 51, 0, 16, 6, 10, True]
--------------------------------------------------
--------------------------------------------------
Text: Undirected graph with max diameter 3, 5 nodes, 6 edges, min degree 1, 1 connected component.
Results: [6, 5, 0, 3, 3, 2, True]
--------------------------------------------------
--------------------------------------------------
Text: Undirected graph with min degree 4, 26 edges, max diameter 2, 1 connected component, max degree 8, 9 nodes.
Results: [9, 24, 0, 7, 2, 1, True]
--------------------------------------------------

INFO:root:Elapsed [2:56:47], Iteration [24/100]:
l_D/R: 7.84, l_D/F: 2.96, l_D: -3.62, l_G: -2.97, l_R: 0.00, l_R/N: 0.00, l_R/M: 0.00
property_match: 0.34, closeness: 0.46, n_match: 0.52, m_match: 0.09, min_deg_match: 0.01, max_deg_match: 0.22, diam_match: 0.29, cc_match: 0.36, cycle_match: 0.87
INFO:root:5 sample adjacenecy matrices
--------------------------------------------------
Text: Undirected graph with max diameter 5, 9 nodes, 1 connected component, min degree 1, max degree 3, 8 edges.
Results: [9, 12, 0, 5, 4, 0, True]
--------------------------------------------------
--------------------------------------------------
Text: Undirected graph with 9 nodes, with cycle, max diameter 2, 14 edges.
Results: [9, 8, 0, 3, 5, 1, False]
--------------------------------------------------
--------------------------------------------------
Text: Undirected graph with max diameter 5, 42 nodes, 1 connected component, 52 edges, with cycle, min degree 1.
Results: [42, 55, 0, 15, 6, 7, True]
--------------------------------------------------
--------------------------------------------------
Text: Undirected graph with with cycle, 6 edges, 5 nodes, max degree 3, max diameter 3, min degree 1, 1 connected component.
Results: [5, 8, 0, 4, 2, 0, True]
--------------------------------------------------
--------------------------------------------------
Text: Undirected graph with 26 edges, 9 nodes, min degree 4, max diameter 2, with cycle.
Results: [9, 24, 0, 8, 3, 0, True]
--------------------------------------------------

INFO:root:Elapsed [3:02:26], Iteration [25/100]:
l_D/R: 7.32, l_D/F: 2.24, l_D: -3.40, l_G: -2.25, l_R: 0.00, l_R/N: 0.00, l_R/M: 0.00
INFO:root:5 sample adjacenecy matrices
--------------------------------------------------
Text: Undirected graph with 9 nodes, without cycle, max degree 3, 8 edges.
Results: [8, 5, 0, 4, 3, 3, False]
--------------------------------------------------
--------------------------------------------------
Text: Undirected graph with min degree 1, 1 connected component, 9 nodes, 14 edges.
Results: [9, 9, 0, 3, 6, 1, True]
--------------------------------------------------
--------------------------------------------------
Text: Undirected graph with max diameter 5, 42 nodes, 1 connected component, 52 edges, with cycle.
Results: [41, 42, 0, 15, 3, 15, True]
--------------------------------------------------
--------------------------------------------------
Text: Undirected graph with min degree 1, max degree 3, with cycle, max diameter 3, 5 nodes, 6 edges, 1 connected component.
Results: [5, 5, 0, 4, 2, 1, True]
--------------------------------------------------
--------------------------------------------------
Text: Undirected graph with 26 edges, with cycle, min degree 4, 9 nodes.
Results: [10, 25, 0, 7, 2, 2, True]
--------------------------------------------------

INFO:root:Elapsed [3:10:11], Iteration [26/100]:
l_D/R: 8.10, l_D/F: 3.34, l_D: -3.50, l_G: -3.32, l_R: 0.00, l_R/N: 0.00, l_R/M: 0.00
property_match: 0.33, closeness: 0.46, n_match: 0.52, m_match: 0.09, min_deg_match: 0.01, max_deg_match: 0.23, diam_match: 0.30, cc_match: 0.31, cycle_match: 0.88
