INFO:root:Namespace(lm_model='roberta-base', N=50, max_len=128, z_dim=8, mha_dim=768, n_heads=8, gen_dims=[[128, 256, 768], [512, 512]], disc_dims=[[128, 128], [512, 768], [512, 256, 128]], lambda_gp=5, lambda_rew=0, lambda_wgan=1, post_method='hard_gumbel', batch_size=128, num_epochs=100, g_lr=0.0002, d_lr=0.0002, b_lr=1e-05, dropout=0.0, n_critic=4, test_epochs=100, num_workers=1, mode='train', bert_unfreeze=0, data_dir='data/graphgen', saving_dir='results/2023-04-21_21-40', model_save_step=20, lr_update_step=1000, restore_G=None, restore_D=None, restore_B_D=None, restore_B_G=None, name='symm_fcn_final_ds_gumbel_roberta', log_dir='results/2023-04-21_21-40/logs', model_dir='results/2023-04-21_21-40/models')
INFO:root:Generator(
  (activation_f): ReLU()
  (multi_dense_layer): MultiDenseLayer(
    (linear_layer): Sequential(
      (0): Linear(in_features=8, out_features=128, bias=True)
      (1): Dropout(p=0.0, inplace=False)
      (2): LayerNorm((128,), eps=1e-05, elementwise_affine=True)
      (3): ReLU()
      (4): Linear(in_features=128, out_features=256, bias=True)
      (5): Dropout(p=0.0, inplace=False)
      (6): LayerNorm((256,), eps=1e-05, elementwise_affine=True)
      (7): ReLU()
      (8): Linear(in_features=256, out_features=768, bias=True)
      (9): Dropout(p=0.0, inplace=False)
      (10): LayerNorm((768,), eps=1e-05, elementwise_affine=True)
      (11): ReLU()
    )
  )
  (mha): MultiheadAttention(
    (out_proj): NonDynamicallyQuantizableLinear(in_features=768, out_features=768, bias=True)
  )
  (multi_dense_layer_2): MultiDenseLayer(
    (linear_layer): Sequential(
      (0): Linear(in_features=768, out_features=512, bias=True)
      (1): Dropout(p=0.0, inplace=False)
      (2): LayerNorm((512,), eps=1e-05, elementwise_affine=True)
      (3): ReLU()
      (4): Linear(in_features=512, out_features=512, bias=True)
      (5): Dropout(p=0.0, inplace=False)
      (6): LayerNorm((512,), eps=1e-05, elementwise_affine=True)
      (7): ReLU()
    )
  )
  (adjM_layer): MultiDenseLayer(
    (linear_layer): Sequential(
      (0): Linear(in_features=512, out_features=256, bias=True)
      (1): Dropout(p=0.0, inplace=False)
      (2): LayerNorm((256,), eps=1e-05, elementwise_affine=True)
      (3): ReLU()
      (4): Linear(in_features=256, out_features=2500, bias=True)
      (5): Dropout(p=0.0, inplace=False)
      (6): LayerNorm((2500,), eps=1e-05, elementwise_affine=True)
      (7): ReLU()
    )
  )
  (node_layer): MultiDenseLayer(
    (linear_layer): Sequential(
      (0): Linear(in_features=512, out_features=64, bias=True)
      (1): Dropout(p=0.0, inplace=False)
      (2): LayerNorm((64,), eps=1e-05, elementwise_affine=True)
      (3): ReLU()
      (4): Linear(in_features=64, out_features=50, bias=True)
      (5): Dropout(p=0.0, inplace=False)
      (6): LayerNorm((50,), eps=1e-05, elementwise_affine=True)
      (7): ReLU()
    )
  )
)
INFO:root:G
INFO:root:The number of parameters: 4070306
INFO:root:Discriminator(
  (activation_f): ReLU()
  (multi_dense_layer): MultiDenseLayer(
    (linear_layer): Sequential(
      (0): Linear(in_features=50, out_features=128, bias=True)
      (1): Dropout(p=0.0, inplace=False)
      (2): LayerNorm((128,), eps=1e-05, elementwise_affine=True)
      (3): ReLU()
      (4): Linear(in_features=128, out_features=128, bias=True)
      (5): Dropout(p=0.0, inplace=False)
      (6): LayerNorm((128,), eps=1e-05, elementwise_affine=True)
      (7): ReLU()
    )
  )
  (node_dense_layer): MultiDenseLayer(
    (linear_layer): Sequential(
      (0): Linear(in_features=50, out_features=64, bias=True)
      (1): Dropout(p=0.0, inplace=False)
      (2): LayerNorm((64,), eps=1e-05, elementwise_affine=True)
      (3): ReLU()
      (4): Linear(in_features=64, out_features=128, bias=True)
      (5): Dropout(p=0.0, inplace=False)
      (6): LayerNorm((128,), eps=1e-05, elementwise_affine=True)
      (7): ReLU()
    )
  )
  (multi_dense_layer_2): MultiDenseLayer(
    (linear_layer): Sequential(
      (0): Linear(in_features=6528, out_features=512, bias=True)
      (1): Dropout(p=0.0, inplace=False)
      (2): LayerNorm((512,), eps=1e-05, elementwise_affine=True)
      (3): ReLU()
      (4): Linear(in_features=512, out_features=768, bias=True)
      (5): Dropout(p=0.0, inplace=False)
      (6): LayerNorm((768,), eps=1e-05, elementwise_affine=True)
      (7): ReLU()
    )
  )
  (mha): MultiheadAttention(
    (out_proj): NonDynamicallyQuantizableLinear(in_features=768, out_features=768, bias=True)
  )
  (multi_dense_layer_3): MultiDenseLayer(
    (linear_layer): Sequential(
      (0): Linear(in_features=768, out_features=512, bias=True)
      (1): Dropout(p=0.0, inplace=False)
      (2): LayerNorm((512,), eps=1e-05, elementwise_affine=True)
      (3): ReLU()
      (4): Linear(in_features=512, out_features=256, bias=True)
      (5): Dropout(p=0.0, inplace=False)
      (6): LayerNorm((256,), eps=1e-05, elementwise_affine=True)
      (7): ReLU()
      (8): Linear(in_features=256, out_features=128, bias=True)
      (9): Dropout(p=0.0, inplace=False)
      (10): LayerNorm((128,), eps=1e-05, elementwise_affine=True)
      (11): ReLU()
    )
  )
  (output_layer): Linear(in_features=128, out_features=1, bias=True)
)
INFO:root:D
INFO:root:The number of parameters: 6697153
INFO:root:RobertaModel(
  (embeddings): RobertaEmbeddings(
    (word_embeddings): Embedding(50265, 768, padding_idx=1)
    (position_embeddings): Embedding(514, 768, padding_idx=1)
    (token_type_embeddings): Embedding(1, 768)
    (LayerNorm): LayerNorm((768,), eps=1e-05, elementwise_affine=True)
    (dropout): Dropout(p=0.1, inplace=False)
  )
  (encoder): RobertaEncoder(
    (layer): ModuleList(
      (0-11): 12 x RobertaLayer(
        (attention): RobertaAttention(
          (self): RobertaSelfAttention(
            (query): Linear(in_features=768, out_features=768, bias=True)
            (key): Linear(in_features=768, out_features=768, bias=True)
            (value): Linear(in_features=768, out_features=768, bias=True)
            (dropout): Dropout(p=0.1, inplace=False)
          )
          (output): RobertaSelfOutput(
            (dense): Linear(in_features=768, out_features=768, bias=True)
            (LayerNorm): LayerNorm((768,), eps=1e-05, elementwise_affine=True)
            (dropout): Dropout(p=0.1, inplace=False)
          )
        )
        (intermediate): RobertaIntermediate(
          (dense): Linear(in_features=768, out_features=3072, bias=True)
          (intermediate_act_fn): GELUActivation()
        )
        (output): RobertaOutput(
          (dense): Linear(in_features=3072, out_features=768, bias=True)
          (LayerNorm): LayerNorm((768,), eps=1e-05, elementwise_affine=True)
          (dropout): Dropout(p=0.1, inplace=False)
        )
      )
    )
  )
  (pooler): RobertaPooler(
    (dense): Linear(in_features=768, out_features=768, bias=True)
    (activation): Tanh()
  )
)
INFO:root:roberta-base_G
INFO:root:The number of parameters: 124645632
INFO:root:RobertaModel(
  (embeddings): RobertaEmbeddings(
    (word_embeddings): Embedding(50265, 768, padding_idx=1)
    (position_embeddings): Embedding(514, 768, padding_idx=1)
    (token_type_embeddings): Embedding(1, 768)
    (LayerNorm): LayerNorm((768,), eps=1e-05, elementwise_affine=True)
    (dropout): Dropout(p=0.1, inplace=False)
  )
  (encoder): RobertaEncoder(
    (layer): ModuleList(
      (0-11): 12 x RobertaLayer(
        (attention): RobertaAttention(
          (self): RobertaSelfAttention(
            (query): Linear(in_features=768, out_features=768, bias=True)
            (key): Linear(in_features=768, out_features=768, bias=True)
            (value): Linear(in_features=768, out_features=768, bias=True)
            (dropout): Dropout(p=0.1, inplace=False)
          )
          (output): RobertaSelfOutput(
            (dense): Linear(in_features=768, out_features=768, bias=True)
            (LayerNorm): LayerNorm((768,), eps=1e-05, elementwise_affine=True)
            (dropout): Dropout(p=0.1, inplace=False)
          )
        )
        (intermediate): RobertaIntermediate(
          (dense): Linear(in_features=768, out_features=3072, bias=True)
          (intermediate_act_fn): GELUActivation()
        )
        (output): RobertaOutput(
          (dense): Linear(in_features=3072, out_features=768, bias=True)
          (LayerNorm): LayerNorm((768,), eps=1e-05, elementwise_affine=True)
          (dropout): Dropout(p=0.1, inplace=False)
        )
      )
    )
  )
  (pooler): RobertaPooler(
    (dense): Linear(in_features=768, out_features=768, bias=True)
    (activation): Tanh()
  )
)
INFO:root:roberta-base_D
INFO:root:The number of parameters: 124645632
INFO:root:Namespace(lm_model='roberta-base', N=50, max_len=128, z_dim=8, mha_dim=768, n_heads=8, gen_dims=[[128, 256, 768], [512, 512]], disc_dims=[[128, 128], [512, 768], [512, 256, 128]], lambda_gp=5, lambda_rew=0.5, lambda_wgan=1, post_method='hard_gumbel', batch_size=128, num_epochs=100, g_lr=0.0002, d_lr=0.0002, b_lr=1e-05, dropout=0.0, n_critic=4, test_epochs=100, num_workers=1, mode='train', bert_unfreeze=0, data_dir='data/graphgen', saving_dir='results/2023-04-21_21-40', model_save_step=20, lr_update_step=1000, restore_G=None, restore_D=None, restore_B_D=None, restore_B_G=None, name='symm_fcn_final_ds_gumbel_roberta_rew', log_dir='results/2023-04-21_21-40/logs', model_dir='results/2023-04-21_21-40/models')
INFO:root:Generator(
  (activation_f): ReLU()
  (multi_dense_layer): MultiDenseLayer(
    (linear_layer): Sequential(
      (0): Linear(in_features=8, out_features=128, bias=True)
      (1): Dropout(p=0.0, inplace=False)
      (2): LayerNorm((128,), eps=1e-05, elementwise_affine=True)
      (3): ReLU()
      (4): Linear(in_features=128, out_features=256, bias=True)
      (5): Dropout(p=0.0, inplace=False)
      (6): LayerNorm((256,), eps=1e-05, elementwise_affine=True)
      (7): ReLU()
      (8): Linear(in_features=256, out_features=768, bias=True)
      (9): Dropout(p=0.0, inplace=False)
      (10): LayerNorm((768,), eps=1e-05, elementwise_affine=True)
      (11): ReLU()
    )
  )
  (mha): MultiheadAttention(
    (out_proj): NonDynamicallyQuantizableLinear(in_features=768, out_features=768, bias=True)
  )
  (multi_dense_layer_2): MultiDenseLayer(
    (linear_layer): Sequential(
      (0): Linear(in_features=768, out_features=512, bias=True)
      (1): Dropout(p=0.0, inplace=False)
      (2): LayerNorm((512,), eps=1e-05, elementwise_affine=True)
      (3): ReLU()
      (4): Linear(in_features=512, out_features=512, bias=True)
      (5): Dropout(p=0.0, inplace=False)
      (6): LayerNorm((512,), eps=1e-05, elementwise_affine=True)
      (7): ReLU()
    )
  )
  (adjM_layer): MultiDenseLayer(
    (linear_layer): Sequential(
      (0): Linear(in_features=512, out_features=256, bias=True)
      (1): Dropout(p=0.0, inplace=False)
      (2): LayerNorm((256,), eps=1e-05, elementwise_affine=True)
      (3): ReLU()
      (4): Linear(in_features=256, out_features=2500, bias=True)
      (5): Dropout(p=0.0, inplace=False)
      (6): LayerNorm((2500,), eps=1e-05, elementwise_affine=True)
      (7): ReLU()
    )
  )
  (node_layer): MultiDenseLayer(
    (linear_layer): Sequential(
      (0): Linear(in_features=512, out_features=64, bias=True)
      (1): Dropout(p=0.0, inplace=False)
      (2): LayerNorm((64,), eps=1e-05, elementwise_affine=True)
      (3): ReLU()
      (4): Linear(in_features=64, out_features=50, bias=True)
      (5): Dropout(p=0.0, inplace=False)
      (6): LayerNorm((50,), eps=1e-05, elementwise_affine=True)
      (7): ReLU()
    )
  )
)
INFO:root:G
INFO:root:The number of parameters: 4070306
INFO:root:Discriminator(
  (activation_f): ReLU()
  (multi_dense_layer): MultiDenseLayer(
    (linear_layer): Sequential(
      (0): Linear(in_features=50, out_features=128, bias=True)
      (1): Dropout(p=0.0, inplace=False)
      (2): LayerNorm((128,), eps=1e-05, elementwise_affine=True)
      (3): ReLU()
      (4): Linear(in_features=128, out_features=128, bias=True)
      (5): Dropout(p=0.0, inplace=False)
      (6): LayerNorm((128,), eps=1e-05, elementwise_affine=True)
      (7): ReLU()
    )
  )
  (node_dense_layer): MultiDenseLayer(
    (linear_layer): Sequential(
      (0): Linear(in_features=50, out_features=64, bias=True)
      (1): Dropout(p=0.0, inplace=False)
      (2): LayerNorm((64,), eps=1e-05, elementwise_affine=True)
      (3): ReLU()
      (4): Linear(in_features=64, out_features=128, bias=True)
      (5): Dropout(p=0.0, inplace=False)
      (6): LayerNorm((128,), eps=1e-05, elementwise_affine=True)
      (7): ReLU()
    )
  )
  (multi_dense_layer_2): MultiDenseLayer(
    (linear_layer): Sequential(
      (0): Linear(in_features=6528, out_features=512, bias=True)
      (1): Dropout(p=0.0, inplace=False)
      (2): LayerNorm((512,), eps=1e-05, elementwise_affine=True)
      (3): ReLU()
      (4): Linear(in_features=512, out_features=768, bias=True)
      (5): Dropout(p=0.0, inplace=False)
      (6): LayerNorm((768,), eps=1e-05, elementwise_affine=True)
      (7): ReLU()
    )
  )
  (mha): MultiheadAttention(
    (out_proj): NonDynamicallyQuantizableLinear(in_features=768, out_features=768, bias=True)
  )
  (multi_dense_layer_3): MultiDenseLayer(
    (linear_layer): Sequential(
      (0): Linear(in_features=768, out_features=512, bias=True)
      (1): Dropout(p=0.0, inplace=False)
      (2): LayerNorm((512,), eps=1e-05, elementwise_affine=True)
      (3): ReLU()
      (4): Linear(in_features=512, out_features=256, bias=True)
      (5): Dropout(p=0.0, inplace=False)
      (6): LayerNorm((256,), eps=1e-05, elementwise_affine=True)
      (7): ReLU()
      (8): Linear(in_features=256, out_features=128, bias=True)
      (9): Dropout(p=0.0, inplace=False)
      (10): LayerNorm((128,), eps=1e-05, elementwise_affine=True)
      (11): ReLU()
    )
  )
  (output_layer): Linear(in_features=128, out_features=1, bias=True)
)
INFO:root:D
INFO:root:The number of parameters: 6697153
INFO:root:RobertaModel(
  (embeddings): RobertaEmbeddings(
    (word_embeddings): Embedding(50265, 768, padding_idx=1)
    (position_embeddings): Embedding(514, 768, padding_idx=1)
    (token_type_embeddings): Embedding(1, 768)
    (LayerNorm): LayerNorm((768,), eps=1e-05, elementwise_affine=True)
    (dropout): Dropout(p=0.1, inplace=False)
  )
  (encoder): RobertaEncoder(
    (layer): ModuleList(
      (0-11): 12 x RobertaLayer(
        (attention): RobertaAttention(
          (self): RobertaSelfAttention(
            (query): Linear(in_features=768, out_features=768, bias=True)
            (key): Linear(in_features=768, out_features=768, bias=True)
            (value): Linear(in_features=768, out_features=768, bias=True)
            (dropout): Dropout(p=0.1, inplace=False)
          )
          (output): RobertaSelfOutput(
            (dense): Linear(in_features=768, out_features=768, bias=True)
            (LayerNorm): LayerNorm((768,), eps=1e-05, elementwise_affine=True)
            (dropout): Dropout(p=0.1, inplace=False)
          )
        )
        (intermediate): RobertaIntermediate(
          (dense): Linear(in_features=768, out_features=3072, bias=True)
          (intermediate_act_fn): GELUActivation()
        )
        (output): RobertaOutput(
          (dense): Linear(in_features=3072, out_features=768, bias=True)
          (LayerNorm): LayerNorm((768,), eps=1e-05, elementwise_affine=True)
          (dropout): Dropout(p=0.1, inplace=False)
        )
      )
    )
  )
  (pooler): RobertaPooler(
    (dense): Linear(in_features=768, out_features=768, bias=True)
    (activation): Tanh()
  )
)
INFO:root:roberta-base_G
INFO:root:The number of parameters: 124645632
INFO:root:RobertaModel(
  (embeddings): RobertaEmbeddings(
    (word_embeddings): Embedding(50265, 768, padding_idx=1)
    (position_embeddings): Embedding(514, 768, padding_idx=1)
    (token_type_embeddings): Embedding(1, 768)
    (LayerNorm): LayerNorm((768,), eps=1e-05, elementwise_affine=True)
    (dropout): Dropout(p=0.1, inplace=False)
  )
  (encoder): RobertaEncoder(
    (layer): ModuleList(
      (0-11): 12 x RobertaLayer(
        (attention): RobertaAttention(
          (self): RobertaSelfAttention(
            (query): Linear(in_features=768, out_features=768, bias=True)
            (key): Linear(in_features=768, out_features=768, bias=True)
            (value): Linear(in_features=768, out_features=768, bias=True)
            (dropout): Dropout(p=0.1, inplace=False)
          )
          (output): RobertaSelfOutput(
            (dense): Linear(in_features=768, out_features=768, bias=True)
            (LayerNorm): LayerNorm((768,), eps=1e-05, elementwise_affine=True)
            (dropout): Dropout(p=0.1, inplace=False)
          )
        )
        (intermediate): RobertaIntermediate(
          (dense): Linear(in_features=768, out_features=3072, bias=True)
          (intermediate_act_fn): GELUActivation()
        )
        (output): RobertaOutput(
          (dense): Linear(in_features=3072, out_features=768, bias=True)
          (LayerNorm): LayerNorm((768,), eps=1e-05, elementwise_affine=True)
          (dropout): Dropout(p=0.1, inplace=False)
        )
      )
    )
  )
  (pooler): RobertaPooler(
    (dense): Linear(in_features=768, out_features=768, bias=True)
    (activation): Tanh()
  )
)
INFO:root:roberta-base_D
INFO:root:The number of parameters: 124645632
INFO:root:5 sample adjacenecy matrices
--------------------------------------------------
Text: Undirected graph with 4 edges, 5 nodes, 1 connected component, max degree 3, min degree 1, without cycle, max diameter 3.
Results: [31, 791, 25, 40, 2, -18, True]
--------------------------------------------------
--------------------------------------------------
Text: Undirected graph with with cycle, 10 edges, max degree 4, 10 nodes, 1 connected component.
Results: [32, 775, 24, 39, 2, -17, True]
--------------------------------------------------
--------------------------------------------------
Text: Undirected graph with min degree 1, 51 edges, 1 connected component, max degree 15, max diameter 4, with cycle, 30 nodes.
Results: [29, 806, 24, 41, 2, -20, True]
--------------------------------------------------
--------------------------------------------------
Text: Undirected graph with 1 connected component, 54 edges, with cycle, 23 nodes, min degree 2, max diameter 4, max degree 8.
Results: [36, 745, 22, 38, 2, -13, True]
--------------------------------------------------
--------------------------------------------------
Text: Undirected graph with with cycle, 45 nodes, max degree 13, 1 connected component, min degree 1, 116 edges, max diameter 11.
Results: [32, 767, 23, 41, 2, -17, True]
--------------------------------------------------

INFO:root:Saved model checkpoints into results/2023-04-21_21-40/models...
INFO:root:Elapsed [0:06:05], Iteration [0/100]:
l_D/R: -0.28, l_D/F: -0.28, l_D: 9.79, l_G: 0.28, l_R: 0.47, l_R/N: 0.11, l_R/M: 0.36
property_match: 0.12, closeness: 0.14, n_match: 0.01, m_match: 0.00, min_deg_match: 0.00, max_deg_match: 0.00, diam_match: 0.05, cc_match: 0.00, cycle_match: 0.61
INFO:root:5 sample adjacenecy matrices
--------------------------------------------------
Text: Undirected graph with max degree 3, max diameter 3, 1 connected component, 4 edges, min degree 1, without cycle, 5 nodes.
Results: [26, 766, 20, 38, 2, -23, True]
--------------------------------------------------
--------------------------------------------------
Text: Undirected graph with min degree 1, 1 connected component, 10 edges, max diameter 5, with cycle, 10 nodes, max degree 4.
Results: [28, 785, 26, 38, 2, -21, True]
--------------------------------------------------
--------------------------------------------------
Text: Undirected graph with min degree 1, with cycle, 1 connected component, 30 nodes, max diameter 4, max degree 15, 51 edges.
Results: [33, 792, 25, 41, 2, -16, True]
--------------------------------------------------
--------------------------------------------------
Text: Undirected graph with with cycle, 54 edges, max degree 8, 23 nodes, max diameter 4, 1 connected component.
Results: [34, 755, 21, 38, 2, -15, True]
--------------------------------------------------
--------------------------------------------------
Text: Undirected graph with with cycle, max diameter 11, min degree 1, max degree 13, 1 connected component, 116 edges, 45 nodes.
Results: [29, 787, 24, 41, 2, -20, True]
--------------------------------------------------

INFO:root:Saved model checkpoints into results/2023-04-21_21-40/models...
INFO:root:Elapsed [0:06:09], Iteration [0/100]:
l_D/R: 0.19, l_D/F: 0.19, l_D: 9.86, l_G: -0.19, l_R: 0.47, l_R/N: 0.11, l_R/M: 0.36
property_match: 0.12, closeness: 0.14, n_match: 0.01, m_match: 0.00, min_deg_match: 0.00, max_deg_match: 0.00, diam_match: 0.05, cc_match: 0.00, cycle_match: 0.62
INFO:root:5 sample adjacenecy matrices
--------------------------------------------------
Text: Undirected graph with max diameter 3, 5 nodes, max degree 3, 1 connected component, without cycle, min degree 1, 4 edges.
Results: [23, 692, 20, 40, 2, -26, True]
--------------------------------------------------
--------------------------------------------------
Text: Undirected graph with 1 connected component, 10 edges, with cycle, max degree 4, 10 nodes.
Results: [28, 692, 18, 39, 2, -21, True]
--------------------------------------------------
--------------------------------------------------
Text: Undirected graph with 51 edges, 30 nodes, min degree 1, max degree 15.
Results: [32, 703, 19, 42, 2, -17, True]
--------------------------------------------------
--------------------------------------------------
Text: Undirected graph with 23 nodes, 1 connected component, with cycle, 54 edges.
Results: [28, 685, 17, 40, 2, -21, True]
--------------------------------------------------
--------------------------------------------------
Text: Undirected graph with max diameter 11, with cycle, 116 edges, 45 nodes, max degree 13.
Results: [26, 669, 18, 38, 2, -23, True]
--------------------------------------------------

INFO:root:Elapsed [0:17:15], Iteration [1/100]:
l_D/R: 13.26, l_D/F: -13.22, l_D: -24.99, l_G: 13.22, l_R: 0.38, l_R/N: 0.10, l_R/M: 0.28
property_match: 0.12, closeness: 0.14, n_match: 0.01, m_match: 0.00, min_deg_match: 0.00, max_deg_match: 0.00, diam_match: 0.05, cc_match: 0.00, cycle_match: 0.61
INFO:root:5 sample adjacenecy matrices
--------------------------------------------------
Text: Undirected graph with without cycle, 5 nodes, max degree 3, max diameter 3, 4 edges.
Results: [31, 672, 17, 41, 2, -18, True]
--------------------------------------------------
--------------------------------------------------
Text: Undirected graph with min degree 1, max diameter 5, with cycle, 10 edges, 10 nodes.
Results: [20, 725, 21, 43, 2, -29, True]
--------------------------------------------------
--------------------------------------------------
Text: Undirected graph with 51 edges, min degree 1, with cycle, 30 nodes, 1 connected component, max degree 15, max diameter 4.
Results: [27, 704, 19, 41, 2, -22, True]
--------------------------------------------------
--------------------------------------------------
Text: Undirected graph with max degree 8, 23 nodes, with cycle, 54 edges.
Results: [30, 691, 19, 42, 2, -19, True]
--------------------------------------------------
--------------------------------------------------
Text: Undirected graph with 116 edges, 45 nodes, max diameter 11, 1 connected component.
Results: [29, 694, 17, 46, 2, -20, True]
--------------------------------------------------

INFO:root:Elapsed [0:17:26], Iteration [1/100]:
l_D/R: 13.07, l_D/F: -13.01, l_D: -23.19, l_G: 13.01, l_R: 0.39, l_R/N: 0.10, l_R/M: 0.29
property_match: 0.12, closeness: 0.14, n_match: 0.01, m_match: 0.00, min_deg_match: 0.00, max_deg_match: 0.00, diam_match: 0.05, cc_match: 0.00, cycle_match: 0.61
