INFO:root:Namespace(lm_model='bert-base-uncased', N=50, max_len=128, z_dim=8, mha_dim=768, n_heads=8, gen_dims=[[128, 256, 768], [512, 256, 128]], disc_dims=[[128, 128], [512, 768], [512, 256, 128]], lambda_gp=5, lambda_rew=0, lambda_wgan=1, post_method='hard_gumbel', batch_size=128, num_epochs=100, g_lr=0.0005, d_lr=0.0005, r_lr=0.001, dropout=0.0, n_critic=4, test_epochs=100, num_workers=1, mode='train', bert_unfreeze=1, b_lr=1e-05, data_dir='data', saving_dir='results/2023-04-18_14-06', model_save_step=20, lr_update_step=1000, restore_G=None, restore_D=None, restore_R=None, restore_B_D=None, restore_B_G=None, name='symm_fcn_simple_ds_gumbel_bert', log_dir='results/2023-04-18_14-06/logs', model_dir='results/2023-04-18_14-06/models')
INFO:root:Generator(
  (activation_f): ReLU()
  (multi_dense_layer): MultiDenseLayer(
    (linear_layer): Sequential(
      (0): Linear(in_features=8, out_features=128, bias=True)
      (1): Dropout(p=0.0, inplace=False)
      (2): LayerNorm((128,), eps=1e-05, elementwise_affine=True)
      (3): ReLU()
      (4): Linear(in_features=128, out_features=256, bias=True)
      (5): Dropout(p=0.0, inplace=False)
      (6): LayerNorm((256,), eps=1e-05, elementwise_affine=True)
      (7): ReLU()
      (8): Linear(in_features=256, out_features=768, bias=True)
      (9): Dropout(p=0.0, inplace=False)
      (10): LayerNorm((768,), eps=1e-05, elementwise_affine=True)
      (11): ReLU()
    )
  )
  (mha): MultiheadAttention(
    (out_proj): NonDynamicallyQuantizableLinear(in_features=768, out_features=768, bias=True)
  )
  (multi_dense_layer_2): MultiDenseLayer(
    (linear_layer): Sequential(
      (0): Linear(in_features=768, out_features=512, bias=True)
      (1): Dropout(p=0.0, inplace=False)
      (2): LayerNorm((512,), eps=1e-05, elementwise_affine=True)
      (3): ReLU()
      (4): Linear(in_features=512, out_features=256, bias=True)
      (5): Dropout(p=0.0, inplace=False)
      (6): LayerNorm((256,), eps=1e-05, elementwise_affine=True)
      (7): ReLU()
      (8): Linear(in_features=256, out_features=128, bias=True)
      (9): Dropout(p=0.0, inplace=False)
      (10): LayerNorm((128,), eps=1e-05, elementwise_affine=True)
      (11): ReLU()
    )
  )
  (adjM_layer): Linear(in_features=128, out_features=2500, bias=True)
  (dropoout): Dropout(p=0.0, inplace=False)
)
INFO:root:G
INFO:root:The number of parameters: 3478468
INFO:root:Discriminator(
  (activation_f): ReLU()
  (multi_dense_layer): MultiDenseLayer(
    (linear_layer): Sequential(
      (0): Linear(in_features=50, out_features=128, bias=True)
      (1): Dropout(p=0.0, inplace=False)
      (2): LayerNorm((128,), eps=1e-05, elementwise_affine=True)
      (3): ReLU()
      (4): Linear(in_features=128, out_features=128, bias=True)
      (5): Dropout(p=0.0, inplace=False)
      (6): LayerNorm((128,), eps=1e-05, elementwise_affine=True)
      (7): ReLU()
    )
  )
  (multi_dense_layer_2): MultiDenseLayer(
    (linear_layer): Sequential(
      (0): Linear(in_features=6400, out_features=512, bias=True)
      (1): Dropout(p=0.0, inplace=False)
      (2): LayerNorm((512,), eps=1e-05, elementwise_affine=True)
      (3): ReLU()
      (4): Linear(in_features=512, out_features=768, bias=True)
      (5): Dropout(p=0.0, inplace=False)
      (6): LayerNorm((768,), eps=1e-05, elementwise_affine=True)
      (7): ReLU()
    )
  )
  (mha): MultiheadAttention(
    (out_proj): NonDynamicallyQuantizableLinear(in_features=768, out_features=768, bias=True)
  )
  (multi_dense_layer_3): MultiDenseLayer(
    (linear_layer): Sequential(
      (0): Linear(in_features=768, out_features=512, bias=True)
      (1): Dropout(p=0.0, inplace=False)
      (2): LayerNorm((512,), eps=1e-05, elementwise_affine=True)
      (3): ReLU()
      (4): Linear(in_features=512, out_features=256, bias=True)
      (5): Dropout(p=0.0, inplace=False)
      (6): LayerNorm((256,), eps=1e-05, elementwise_affine=True)
      (7): ReLU()
      (8): Linear(in_features=256, out_features=128, bias=True)
      (9): Dropout(p=0.0, inplace=False)
      (10): LayerNorm((128,), eps=1e-05, elementwise_affine=True)
      (11): ReLU()
    )
  )
  (output_layer): Linear(in_features=128, out_features=1, bias=True)
)
INFO:root:D
INFO:root:The number of parameters: 6619649
INFO:root:RewardNet(
  (node_cnt): Sequential(
    (0): Linear(in_features=2500, out_features=256, bias=True)
    (1): ReLU()
    (2): Linear(in_features=256, out_features=128, bias=True)
    (3): ReLU()
    (4): Linear(in_features=128, out_features=1, bias=True)
    (5): Sigmoid()
  )
)
INFO:root:R
INFO:root:The number of parameters: 673281
INFO:root:BertModel(
  (embeddings): BertEmbeddings(
    (word_embeddings): Embedding(30522, 768, padding_idx=0)
    (position_embeddings): Embedding(512, 768)
    (token_type_embeddings): Embedding(2, 768)
    (LayerNorm): LayerNorm((768,), eps=1e-12, elementwise_affine=True)
    (dropout): Dropout(p=0.1, inplace=False)
  )
  (encoder): BertEncoder(
    (layer): ModuleList(
      (0-11): 12 x BertLayer(
        (attention): BertAttention(
          (self): BertSelfAttention(
            (query): Linear(in_features=768, out_features=768, bias=True)
            (key): Linear(in_features=768, out_features=768, bias=True)
            (value): Linear(in_features=768, out_features=768, bias=True)
            (dropout): Dropout(p=0.1, inplace=False)
          )
          (output): BertSelfOutput(
            (dense): Linear(in_features=768, out_features=768, bias=True)
            (LayerNorm): LayerNorm((768,), eps=1e-12, elementwise_affine=True)
            (dropout): Dropout(p=0.1, inplace=False)
          )
        )
        (intermediate): BertIntermediate(
          (dense): Linear(in_features=768, out_features=3072, bias=True)
          (intermediate_act_fn): GELUActivation()
        )
        (output): BertOutput(
          (dense): Linear(in_features=3072, out_features=768, bias=True)
          (LayerNorm): LayerNorm((768,), eps=1e-12, elementwise_affine=True)
          (dropout): Dropout(p=0.1, inplace=False)
        )
      )
    )
  )
  (pooler): BertPooler(
    (dense): Linear(in_features=768, out_features=768, bias=True)
    (activation): Tanh()
  )
)
INFO:root:bert-base-uncased_G
INFO:root:The number of parameters: 109482240
INFO:root:BertModel(
  (embeddings): BertEmbeddings(
    (word_embeddings): Embedding(30522, 768, padding_idx=0)
    (position_embeddings): Embedding(512, 768)
    (token_type_embeddings): Embedding(2, 768)
    (LayerNorm): LayerNorm((768,), eps=1e-12, elementwise_affine=True)
    (dropout): Dropout(p=0.1, inplace=False)
  )
  (encoder): BertEncoder(
    (layer): ModuleList(
      (0-11): 12 x BertLayer(
        (attention): BertAttention(
          (self): BertSelfAttention(
            (query): Linear(in_features=768, out_features=768, bias=True)
            (key): Linear(in_features=768, out_features=768, bias=True)
            (value): Linear(in_features=768, out_features=768, bias=True)
            (dropout): Dropout(p=0.1, inplace=False)
          )
          (output): BertSelfOutput(
            (dense): Linear(in_features=768, out_features=768, bias=True)
            (LayerNorm): LayerNorm((768,), eps=1e-12, elementwise_affine=True)
            (dropout): Dropout(p=0.1, inplace=False)
          )
        )
        (intermediate): BertIntermediate(
          (dense): Linear(in_features=768, out_features=3072, bias=True)
          (intermediate_act_fn): GELUActivation()
        )
        (output): BertOutput(
          (dense): Linear(in_features=3072, out_features=768, bias=True)
          (LayerNorm): LayerNorm((768,), eps=1e-12, elementwise_affine=True)
          (dropout): Dropout(p=0.1, inplace=False)
        )
      )
    )
  )
  (pooler): BertPooler(
    (dense): Linear(in_features=768, out_features=768, bias=True)
    (activation): Tanh()
  )
)
INFO:root:bert-base-uncased_D
INFO:root:The number of parameters: 109482240
INFO:root:5 sample adjacenecy matrices
--------------------------------------------------
Text: Generate undirected graph with 5 nodes and 4 edges.
Num Nodes: 50 | Num Edges: 661 | Edg: 1323.0 | Node: 0.49934282898902893
--------------------------------------------------
--------------------------------------------------
Text: Generate undirected graph with 10 nodes and 9 edges.
Num Nodes: 50 | Num Edges: 622 | Edg: 1245.0 | Node: 0.4989127814769745
--------------------------------------------------
--------------------------------------------------
Text: Generate undirected graph with 10 nodes and 7 edges.
Num Nodes: 50 | Num Edges: 614 | Edg: 1229.0 | Node: 0.4967731535434723
--------------------------------------------------
--------------------------------------------------
Text: Generate undirected graph with 25 nodes and 34 edges.
Num Nodes: 50 | Num Edges: 623 | Edg: 1246.0 | Node: 0.4943743944168091
--------------------------------------------------
--------------------------------------------------
Text: Generate undirected graph with 10 nodes and 10 edges.
Num Nodes: 50 | Num Edges: 638 | Edg: 1277.0 | Node: 0.4980723261833191
--------------------------------------------------

INFO:root:Saved model checkpoints into results/2023-04-18_14-06/models...
INFO:root:Elapsed [0:02:41], Iteration [0/100]:
l_D/R: 0.49, l_D/F: 0.48, l_D: 4.72, l_G: -0.48, l_R: 0.35, l_R/N: 0.12, l_R/M: 0.23
property_match: 0.12, closeness: 0.12, n_match: 0.25, m_match: 0.00
INFO:root:5 sample adjacenecy matrices
--------------------------------------------------
Text: Generate undirected graph with 5 nodes and 4 edges.
Num Nodes: 41 | Num Edges: 52 | Edg: 104.0 | Node: 0.5092287659645081
--------------------------------------------------
--------------------------------------------------
Text: Generate undirected graph with 10 nodes and 9 edges.
Num Nodes: 41 | Num Edges: 52 | Edg: 105.0 | Node: 0.5069839358329773
--------------------------------------------------
--------------------------------------------------
Text: Generate undirected graph with 10 nodes and 7 edges.
Num Nodes: 45 | Num Edges: 58 | Edg: 116.0 | Node: 0.5098375082015991
--------------------------------------------------
--------------------------------------------------
Text: Generate undirected graph with 25 nodes and 34 edges.
Num Nodes: 42 | Num Edges: 56 | Edg: 112.0 | Node: 0.5062757730484009
--------------------------------------------------
--------------------------------------------------
Text: Generate undirected graph with 10 nodes and 10 edges.
Num Nodes: 43 | Num Edges: 57 | Edg: 115.0 | Node: 0.511152982711792
--------------------------------------------------

INFO:root:Elapsed [0:16:51], Iteration [1/100]:
l_D/R: -5.10, l_D/F: -7.96, l_D: -2.51, l_G: 7.95, l_R: 0.12, l_R/N: 0.12, l_R/M: 0.00
property_match: 0.00, closeness: 0.00, n_match: 0.00, m_match: 0.00
INFO:root:5 sample adjacenecy matrices
--------------------------------------------------
Text: Generate undirected graph with 5 nodes and 4 edges.
Num Nodes: 17 | Num Edges: 16 | Edg: 32.0 | Node: 0.5042444467544556
--------------------------------------------------
--------------------------------------------------
Text: Generate undirected graph with 10 nodes and 9 edges.
Num Nodes: 16 | Num Edges: 13 | Edg: 26.0 | Node: 0.5052008032798767
--------------------------------------------------
--------------------------------------------------
Text: Generate undirected graph with 10 nodes and 7 edges.
Num Nodes: 27 | Num Edges: 24 | Edg: 49.0 | Node: 0.5029425024986267
--------------------------------------------------
--------------------------------------------------
Text: Generate undirected graph with 25 nodes and 34 edges.
Num Nodes: 23 | Num Edges: 20 | Edg: 40.0 | Node: 0.5045097470283508
--------------------------------------------------
--------------------------------------------------
Text: Generate undirected graph with 10 nodes and 10 edges.
Num Nodes: 20 | Num Edges: 19 | Edg: 38.0 | Node: 0.5008392930030823
--------------------------------------------------

INFO:root:Elapsed [0:31:01], Iteration [2/100]:
l_D/R: 2.92, l_D/F: -3.64, l_D: -4.44, l_G: 3.61, l_R: 0.12, l_R/N: 0.12, l_R/M: 0.00
property_match: 0.02, closeness: 0.03, n_match: 0.03, m_match: 0.01
INFO:root:5 sample adjacenecy matrices
--------------------------------------------------
Text: Generate undirected graph with 5 nodes and 4 edges.
Num Nodes: 21 | Num Edges: 20 | Edg: 41.0 | Node: 0.5082079172134399
--------------------------------------------------
--------------------------------------------------
Text: Generate undirected graph with 10 nodes and 9 edges.
Num Nodes: 24 | Num Edges: 20 | Edg: 40.0 | Node: 0.5009731650352478
--------------------------------------------------
--------------------------------------------------
Text: Generate undirected graph with 10 nodes and 7 edges.
Num Nodes: 23 | Num Edges: 21 | Edg: 43.0 | Node: 0.5042464733123779
--------------------------------------------------
--------------------------------------------------
Text: Generate undirected graph with 25 nodes and 34 edges.
Num Nodes: 29 | Num Edges: 22 | Edg: 45.0 | Node: 0.5079492330551147
--------------------------------------------------
--------------------------------------------------
Text: Generate undirected graph with 10 nodes and 10 edges.
Num Nodes: 15 | Num Edges: 9 | Edg: 19.0 | Node: 0.5042691826820374
--------------------------------------------------

INFO:root:Elapsed [0:45:10], Iteration [3/100]:
l_D/R: 2.81, l_D/F: -5.08, l_D: -4.49, l_G: 5.09, l_R: 0.12, l_R/N: 0.12, l_R/M: 0.00
property_match: 0.01, closeness: 0.02, n_match: 0.00, m_match: 0.02
INFO:root:5 sample adjacenecy matrices
--------------------------------------------------
Text: Generate undirected graph with 5 nodes and 4 edges.
Num Nodes: 12 | Num Edges: 10 | Edg: 20.0 | Node: 0.5059677958488464
--------------------------------------------------
--------------------------------------------------
Text: Generate undirected graph with 10 nodes and 9 edges.
Num Nodes: 19 | Num Edges: 20 | Edg: 40.0 | Node: 0.5078170299530029
--------------------------------------------------
--------------------------------------------------
Text: Generate undirected graph with 10 nodes and 7 edges.
Num Nodes: 10 | Num Edges: 6 | Edg: 13.0 | Node: 0.5016179084777832
--------------------------------------------------
--------------------------------------------------
Text: Generate undirected graph with 25 nodes and 34 edges.
Num Nodes: 22 | Num Edges: 26 | Edg: 53.0 | Node: 0.5057830214500427
--------------------------------------------------
--------------------------------------------------
Text: Generate undirected graph with 10 nodes and 10 edges.
Num Nodes: 16 | Num Edges: 21 | Edg: 42.0 | Node: 0.5065196752548218
--------------------------------------------------

INFO:root:Elapsed [0:59:20], Iteration [4/100]:
l_D/R: -0.93, l_D/F: -3.74, l_D: -0.86, l_G: 3.73, l_R: 0.12, l_R/N: 0.12, l_R/M: 0.00
property_match: 0.07, closeness: 0.09, n_match: 0.12, m_match: 0.02
INFO:root:5 sample adjacenecy matrices
--------------------------------------------------
Text: Generate undirected graph with 5 nodes and 4 edges.
Num Nodes: 6 | Num Edges: 7 | Edg: 14.0 | Node: 0.5020372867584229
--------------------------------------------------
--------------------------------------------------
Text: Generate undirected graph with 10 nodes and 9 edges.
Num Nodes: 10 | Num Edges: 12 | Edg: 24.0 | Node: 0.5048670768737793
--------------------------------------------------
--------------------------------------------------
Text: Generate undirected graph with 10 nodes and 7 edges.
Num Nodes: 11 | Num Edges: 9 | Edg: 18.0 | Node: 0.5029991865158081
--------------------------------------------------
--------------------------------------------------
Text: Generate undirected graph with 25 nodes and 34 edges.
Num Nodes: 27 | Num Edges: 27 | Edg: 54.0 | Node: 0.5074430108070374
--------------------------------------------------
--------------------------------------------------
Text: Generate undirected graph with 10 nodes and 10 edges.
Num Nodes: 18 | Num Edges: 20 | Edg: 40.0 | Node: 0.5025585293769836
--------------------------------------------------

INFO:root:Elapsed [1:13:30], Iteration [5/100]:
l_D/R: -0.33, l_D/F: -2.48, l_D: -1.65, l_G: 2.48, l_R: 0.12, l_R/N: 0.12, l_R/M: 0.00
property_match: 0.09, closeness: 0.14, n_match: 0.13, m_match: 0.05
INFO:root:5 sample adjacenecy matrices
--------------------------------------------------
Text: Generate undirected graph with 5 nodes and 4 edges.
Num Nodes: 6 | Num Edges: 4 | Edg: 8.0 | Node: 0.5024771094322205
--------------------------------------------------
--------------------------------------------------
Text: Generate undirected graph with 10 nodes and 9 edges.
Num Nodes: 10 | Num Edges: 13 | Edg: 26.0 | Node: 0.5043845772743225
--------------------------------------------------
--------------------------------------------------
Text: Generate undirected graph with 10 nodes and 7 edges.
Num Nodes: 6 | Num Edges: 6 | Edg: 12.0 | Node: 0.5034279227256775
--------------------------------------------------
--------------------------------------------------
Text: Generate undirected graph with 25 nodes and 34 edges.
Num Nodes: 23 | Num Edges: 29 | Edg: 58.0 | Node: 0.506095290184021
--------------------------------------------------
--------------------------------------------------
Text: Generate undirected graph with 10 nodes and 10 edges.
Num Nodes: 8 | Num Edges: 9 | Edg: 18.0 | Node: 0.5013618469238281
--------------------------------------------------

INFO:root:Elapsed [1:27:39], Iteration [6/100]:
l_D/R: 1.07, l_D/F: -1.17, l_D: -1.59, l_G: 1.17, l_R: 0.12, l_R/N: 0.12, l_R/M: 0.00
property_match: 0.10, closeness: 0.17, n_match: 0.12, m_match: 0.08
INFO:root:5 sample adjacenecy matrices
--------------------------------------------------
Text: Generate undirected graph with 5 nodes and 4 edges.
Num Nodes: 5 | Num Edges: 4 | Edg: 8.0 | Node: 0.5033494830131531
--------------------------------------------------
--------------------------------------------------
Text: Generate undirected graph with 10 nodes and 9 edges.
Num Nodes: 10 | Num Edges: 8 | Edg: 16.0 | Node: 0.5047028660774231
--------------------------------------------------
--------------------------------------------------
Text: Generate undirected graph with 10 nodes and 7 edges.
Num Nodes: 11 | Num Edges: 8 | Edg: 16.0 | Node: 0.502886176109314
--------------------------------------------------
--------------------------------------------------
Text: Generate undirected graph with 25 nodes and 34 edges.
Num Nodes: 23 | Num Edges: 30 | Edg: 60.0 | Node: 0.5042893886566162
--------------------------------------------------
--------------------------------------------------
Text: Generate undirected graph with 10 nodes and 10 edges.
Num Nodes: 11 | Num Edges: 13 | Edg: 26.0 | Node: 0.5042696595191956
--------------------------------------------------

INFO:root:Elapsed [1:41:48], Iteration [7/100]:
l_D/R: -1.80, l_D/F: -3.60, l_D: -1.27, l_G: 3.59, l_R: 0.12, l_R/N: 0.12, l_R/M: 0.00
property_match: 0.16, closeness: 0.25, n_match: 0.24, m_match: 0.09
INFO:root:5 sample adjacenecy matrices
--------------------------------------------------
Text: Generate undirected graph with 5 nodes and 4 edges.
Num Nodes: 5 | Num Edges: 4 | Edg: 8.0 | Node: 0.5016864538192749
--------------------------------------------------
--------------------------------------------------
Text: Generate undirected graph with 10 nodes and 9 edges.
Num Nodes: 7 | Num Edges: 7 | Edg: 14.0 | Node: 0.5025116205215454
--------------------------------------------------
--------------------------------------------------
Text: Generate undirected graph with 10 nodes and 7 edges.
Num Nodes: 6 | Num Edges: 4 | Edg: 8.0 | Node: 0.5025380849838257
--------------------------------------------------
--------------------------------------------------
Text: Generate undirected graph with 25 nodes and 34 edges.
Num Nodes: 23 | Num Edges: 34 | Edg: 68.0 | Node: 0.5053364634513855
--------------------------------------------------
--------------------------------------------------
Text: Generate undirected graph with 10 nodes and 10 edges.
Num Nodes: 9 | Num Edges: 11 | Edg: 22.0 | Node: 0.5053136944770813
--------------------------------------------------

INFO:root:Elapsed [1:56:13], Iteration [8/100]:
l_D/R: 1.11, l_D/F: -0.97, l_D: -1.42, l_G: 0.97, l_R: 0.12, l_R/N: 0.12, l_R/M: 0.00
property_match: 0.16, closeness: 0.23, n_match: 0.22, m_match: 0.09
INFO:root:5 sample adjacenecy matrices
--------------------------------------------------
Text: Generate undirected graph with 5 nodes and 4 edges.
Num Nodes: 5 | Num Edges: 5 | Edg: 10.0 | Node: 0.5030534267425537
--------------------------------------------------
--------------------------------------------------
Text: Generate undirected graph with 10 nodes and 9 edges.
Num Nodes: 10 | Num Edges: 15 | Edg: 30.0 | Node: 0.5060043334960938
--------------------------------------------------
--------------------------------------------------
Text: Generate undirected graph with 10 nodes and 7 edges.
Num Nodes: 8 | Num Edges: 6 | Edg: 12.0 | Node: 0.5038201212882996
--------------------------------------------------
--------------------------------------------------
Text: Generate undirected graph with 25 nodes and 34 edges.
Num Nodes: 21 | Num Edges: 26 | Edg: 53.0 | Node: 0.5037976503372192
--------------------------------------------------
--------------------------------------------------
Text: Generate undirected graph with 10 nodes and 10 edges.
Num Nodes: 8 | Num Edges: 8 | Edg: 16.0 | Node: 0.5029478073120117
--------------------------------------------------

INFO:root:Elapsed [2:10:50], Iteration [9/100]:
l_D/R: -0.55, l_D/F: -2.02, l_D: -1.13, l_G: 2.03, l_R: 0.12, l_R/N: 0.12, l_R/M: 0.00
property_match: 0.18, closeness: 0.27, n_match: 0.26, m_match: 0.11
INFO:root:5 sample adjacenecy matrices
--------------------------------------------------
Text: Generate undirected graph with 5 nodes and 4 edges.
Num Nodes: 5 | Num Edges: 4 | Edg: 8.0 | Node: 0.5020123720169067
--------------------------------------------------
--------------------------------------------------
Text: Generate undirected graph with 10 nodes and 9 edges.
Num Nodes: 10 | Num Edges: 10 | Edg: 20.0 | Node: 0.502884566783905
--------------------------------------------------
--------------------------------------------------
Text: Generate undirected graph with 10 nodes and 7 edges.
Num Nodes: 11 | Num Edges: 12 | Edg: 24.0 | Node: 0.5029951930046082
--------------------------------------------------
--------------------------------------------------
Text: Generate undirected graph with 25 nodes and 34 edges.
Num Nodes: 24 | Num Edges: 37 | Edg: 74.0 | Node: 0.5044098496437073
--------------------------------------------------
--------------------------------------------------
Text: Generate undirected graph with 10 nodes and 10 edges.
Num Nodes: 9 | Num Edges: 7 | Edg: 15.0 | Node: 0.5036844611167908
--------------------------------------------------

INFO:root:Elapsed [2:25:27], Iteration [10/100]:
l_D/R: 0.08, l_D/F: -1.84, l_D: -1.09, l_G: 1.84, l_R: 0.12, l_R/N: 0.12, l_R/M: 0.00
property_match: 0.18, closeness: 0.27, n_match: 0.26, m_match: 0.11
INFO:root:5 sample adjacenecy matrices
--------------------------------------------------
Text: Generate undirected graph with 5 nodes and 4 edges.
Num Nodes: 4 | Num Edges: 4 | Edg: 8.0 | Node: 0.5030909180641174
--------------------------------------------------
--------------------------------------------------
Text: Generate undirected graph with 10 nodes and 9 edges.
Num Nodes: 10 | Num Edges: 15 | Edg: 30.0 | Node: 0.5042315721511841
--------------------------------------------------
--------------------------------------------------
Text: Generate undirected graph with 10 nodes and 7 edges.
Num Nodes: 8 | Num Edges: 4 | Edg: 8.0 | Node: 0.5000249743461609
--------------------------------------------------
--------------------------------------------------
Text: Generate undirected graph with 25 nodes and 34 edges.
Num Nodes: 20 | Num Edges: 21 | Edg: 42.0 | Node: 0.5077431797981262
--------------------------------------------------
--------------------------------------------------
Text: Generate undirected graph with 10 nodes and 10 edges.
Num Nodes: 8 | Num Edges: 8 | Edg: 16.0 | Node: 0.5037994980812073
--------------------------------------------------

INFO:root:Elapsed [2:40:04], Iteration [11/100]:
l_D/R: -1.32, l_D/F: -2.98, l_D: -1.17, l_G: 2.97, l_R: 0.12, l_R/N: 0.12, l_R/M: 0.00
property_match: 0.16, closeness: 0.24, n_match: 0.20, m_match: 0.11
INFO:root:5 sample adjacenecy matrices
--------------------------------------------------
Text: Generate undirected graph with 5 nodes and 4 edges.
Num Nodes: 4 | Num Edges: 3 | Edg: 6.0 | Node: 0.5023443102836609
--------------------------------------------------
--------------------------------------------------
Text: Generate undirected graph with 10 nodes and 9 edges.
Num Nodes: 8 | Num Edges: 7 | Edg: 15.0 | Node: 0.5036845207214355
--------------------------------------------------
--------------------------------------------------
Text: Generate undirected graph with 10 nodes and 7 edges.
Num Nodes: 7 | Num Edges: 7 | Edg: 14.0 | Node: 0.502911388874054
--------------------------------------------------
--------------------------------------------------
Text: Generate undirected graph with 25 nodes and 34 edges.
Num Nodes: 21 | Num Edges: 33 | Edg: 66.0 | Node: 0.5017173290252686
--------------------------------------------------
--------------------------------------------------
Text: Generate undirected graph with 10 nodes and 10 edges.
Num Nodes: 8 | Num Edges: 8 | Edg: 16.0 | Node: 0.5032263994216919
--------------------------------------------------

INFO:root:Elapsed [2:54:41], Iteration [12/100]:
l_D/R: -1.84, l_D/F: -3.23, l_D: -1.09, l_G: 3.23, l_R: 0.12, l_R/N: 0.12, l_R/M: 0.00
property_match: 0.19, closeness: 0.28, n_match: 0.26, m_match: 0.12
INFO:root:5 sample adjacenecy matrices
--------------------------------------------------
Text: Generate undirected graph with 5 nodes and 4 edges.
Num Nodes: 3 | Num Edges: 2 | Edg: 4.0 | Node: 0.5023027658462524
--------------------------------------------------
--------------------------------------------------
Text: Generate undirected graph with 10 nodes and 9 edges.
Num Nodes: 8 | Num Edges: 6 | Edg: 12.0 | Node: 0.5018417239189148
--------------------------------------------------
--------------------------------------------------
Text: Generate undirected graph with 10 nodes and 7 edges.
Num Nodes: 4 | Num Edges: 2 | Edg: 4.0 | Node: 0.5013900399208069
--------------------------------------------------
--------------------------------------------------
Text: Generate undirected graph with 25 nodes and 34 edges.
Num Nodes: 23 | Num Edges: 27 | Edg: 54.0 | Node: 0.5099208950996399
--------------------------------------------------
--------------------------------------------------
Text: Generate undirected graph with 10 nodes and 10 edges.
Num Nodes: 7 | Num Edges: 8 | Edg: 16.0 | Node: 0.5023446679115295
--------------------------------------------------

INFO:root:Elapsed [3:09:17], Iteration [13/100]:
l_D/R: 0.07, l_D/F: -1.68, l_D: -1.43, l_G: 1.70, l_R: 0.12, l_R/N: 0.12, l_R/M: 0.00
property_match: 0.18, closeness: 0.26, n_match: 0.25, m_match: 0.11
INFO:root:5 sample adjacenecy matrices
--------------------------------------------------
Text: Generate undirected graph with 5 nodes and 4 edges.
Num Nodes: 2 | Num Edges: 1 | Edg: 2.0 | Node: 0.5011107921600342
--------------------------------------------------
--------------------------------------------------
Text: Generate undirected graph with 10 nodes and 9 edges.
Num Nodes: 10 | Num Edges: 16 | Edg: 32.0 | Node: 0.5071812272071838
--------------------------------------------------
--------------------------------------------------
Text: Generate undirected graph with 10 nodes and 7 edges.
Num Nodes: 7 | Num Edges: 8 | Edg: 16.0 | Node: 0.5030655860900879
--------------------------------------------------
--------------------------------------------------
Text: Generate undirected graph with 25 nodes and 34 edges.
Num Nodes: 22 | Num Edges: 35 | Edg: 70.0 | Node: 0.5055042505264282
--------------------------------------------------
--------------------------------------------------
Text: Generate undirected graph with 10 nodes and 10 edges.
Num Nodes: 8 | Num Edges: 8 | Edg: 16.0 | Node: 0.5044036507606506
--------------------------------------------------

INFO:root:Elapsed [3:23:53], Iteration [14/100]:
l_D/R: -1.79, l_D/F: -2.98, l_D: -0.92, l_G: 2.99, l_R: 0.12, l_R/N: 0.12, l_R/M: 0.00
property_match: 0.20, closeness: 0.29, n_match: 0.29, m_match: 0.12
INFO:root:5 sample adjacenecy matrices
--------------------------------------------------
Text: Generate undirected graph with 5 nodes and 4 edges.
Num Nodes: 4 | Num Edges: 3 | Edg: 6.0 | Node: 0.5030707716941833
--------------------------------------------------
--------------------------------------------------
Text: Generate undirected graph with 10 nodes and 9 edges.
Num Nodes: 9 | Num Edges: 12 | Edg: 24.0 | Node: 0.5024897456169128
--------------------------------------------------
--------------------------------------------------
Text: Generate undirected graph with 10 nodes and 7 edges.
Num Nodes: 10 | Num Edges: 15 | Edg: 30.0 | Node: 0.5062181949615479
--------------------------------------------------
--------------------------------------------------
Text: Generate undirected graph with 25 nodes and 34 edges.
Num Nodes: 27 | Num Edges: 33 | Edg: 66.0 | Node: 0.504187285900116
--------------------------------------------------
--------------------------------------------------
Text: Generate undirected graph with 10 nodes and 10 edges.
Num Nodes: 10 | Num Edges: 12 | Edg: 24.0 | Node: 0.5052774548530579
--------------------------------------------------

INFO:root:Elapsed [3:38:29], Iteration [15/100]:
l_D/R: -0.70, l_D/F: -2.62, l_D: -1.32, l_G: 2.62, l_R: 0.12, l_R/N: 0.12, l_R/M: 0.00
property_match: 0.22, closeness: 0.31, n_match: 0.32, m_match: 0.12
INFO:root:5 sample adjacenecy matrices
--------------------------------------------------
Text: Generate undirected graph with 5 nodes and 4 edges.
Num Nodes: 5 | Num Edges: 4 | Edg: 8.0 | Node: 0.502649188041687
--------------------------------------------------
--------------------------------------------------
Text: Generate undirected graph with 10 nodes and 9 edges.
Num Nodes: 9 | Num Edges: 10 | Edg: 20.0 | Node: 0.5033234357833862
--------------------------------------------------
--------------------------------------------------
Text: Generate undirected graph with 10 nodes and 7 edges.
Num Nodes: 5 | Num Edges: 3 | Edg: 7.0 | Node: 0.5019240379333496
--------------------------------------------------
--------------------------------------------------
Text: Generate undirected graph with 25 nodes and 34 edges.
Num Nodes: 25 | Num Edges: 29 | Edg: 58.0 | Node: 0.5037378668785095
--------------------------------------------------
--------------------------------------------------
Text: Generate undirected graph with 10 nodes and 10 edges.
Num Nodes: 9 | Num Edges: 7 | Edg: 14.0 | Node: 0.5039392113685608
--------------------------------------------------

INFO:root:Elapsed [3:53:05], Iteration [16/100]:
l_D/R: -1.21, l_D/F: -2.92, l_D: -1.39, l_G: 2.92, l_R: 0.12, l_R/N: 0.12, l_R/M: 0.00
property_match: 0.18, closeness: 0.27, n_match: 0.25, m_match: 0.11
INFO:root:5 sample adjacenecy matrices
--------------------------------------------------
Text: Generate undirected graph with 5 nodes and 4 edges.
Num Nodes: 5 | Num Edges: 4 | Edg: 8.0 | Node: 0.5031032562255859
--------------------------------------------------
--------------------------------------------------
Text: Generate undirected graph with 10 nodes and 9 edges.
Num Nodes: 8 | Num Edges: 8 | Edg: 16.0 | Node: 0.504774808883667
--------------------------------------------------
--------------------------------------------------
Text: Generate undirected graph with 10 nodes and 7 edges.
Num Nodes: 11 | Num Edges: 9 | Edg: 18.0 | Node: 0.5023975968360901
--------------------------------------------------
--------------------------------------------------
Text: Generate undirected graph with 25 nodes and 34 edges.
Num Nodes: 25 | Num Edges: 26 | Edg: 52.0 | Node: 0.5033517479896545
--------------------------------------------------
--------------------------------------------------
Text: Generate undirected graph with 10 nodes and 10 edges.
Num Nodes: 13 | Num Edges: 12 | Edg: 24.0 | Node: 0.5036866068840027
--------------------------------------------------

INFO:root:Elapsed [4:07:41], Iteration [17/100]:
l_D/R: -0.42, l_D/F: -2.17, l_D: -1.33, l_G: 2.17, l_R: 0.12, l_R/N: 0.12, l_R/M: 0.00
property_match: 0.21, closeness: 0.29, n_match: 0.29, m_match: 0.12
INFO:root:5 sample adjacenecy matrices
--------------------------------------------------
Text: Generate undirected graph with 5 nodes and 4 edges.
Num Nodes: 5 | Num Edges: 7 | Edg: 14.0 | Node: 0.5035731792449951
--------------------------------------------------
--------------------------------------------------
Text: Generate undirected graph with 10 nodes and 9 edges.
Num Nodes: 9 | Num Edges: 7 | Edg: 14.0 | Node: 0.5064749717712402
--------------------------------------------------
--------------------------------------------------
Text: Generate undirected graph with 10 nodes and 7 edges.
Num Nodes: 5 | Num Edges: 3 | Edg: 6.0 | Node: 0.5023531913757324
--------------------------------------------------
--------------------------------------------------
Text: Generate undirected graph with 25 nodes and 34 edges.
Num Nodes: 23 | Num Edges: 30 | Edg: 60.0 | Node: 0.5040137767791748
--------------------------------------------------
--------------------------------------------------
Text: Generate undirected graph with 10 nodes and 10 edges.
Num Nodes: 8 | Num Edges: 7 | Edg: 14.0 | Node: 0.5047643184661865
--------------------------------------------------

INFO:root:Elapsed [4:22:19], Iteration [18/100]:
l_D/R: 0.15, l_D/F: -1.91, l_D: -1.58, l_G: 1.92, l_R: 0.12, l_R/N: 0.12, l_R/M: 0.00
property_match: 0.19, closeness: 0.27, n_match: 0.26, m_match: 0.12
INFO:root:5 sample adjacenecy matrices
--------------------------------------------------
Text: Generate undirected graph with 5 nodes and 4 edges.
Num Nodes: 5 | Num Edges: 6 | Edg: 12.0 | Node: 0.5045107007026672
--------------------------------------------------
--------------------------------------------------
Text: Generate undirected graph with 10 nodes and 9 edges.
Num Nodes: 10 | Num Edges: 11 | Edg: 22.0 | Node: 0.5033208131790161
--------------------------------------------------
--------------------------------------------------
Text: Generate undirected graph with 10 nodes and 7 edges.
Num Nodes: 8 | Num Edges: 9 | Edg: 18.0 | Node: 0.503779411315918
--------------------------------------------------
--------------------------------------------------
Text: Generate undirected graph with 25 nodes and 34 edges.
Num Nodes: 24 | Num Edges: 31 | Edg: 62.0 | Node: 0.5102532505989075
--------------------------------------------------
--------------------------------------------------
Text: Generate undirected graph with 10 nodes and 10 edges.
Num Nodes: 9 | Num Edges: 14 | Edg: 28.0 | Node: 0.5057910084724426
--------------------------------------------------

INFO:root:Elapsed [4:36:58], Iteration [19/100]:
l_D/R: -1.68, l_D/F: -3.80, l_D: -1.31, l_G: 3.80, l_R: 0.12, l_R/N: 0.12, l_R/M: 0.00
property_match: 0.19, closeness: 0.28, n_match: 0.27, m_match: 0.12
