INFO:root:Namespace(lm_model='bert-base-uncased', N=50, max_len=128, z_dim=8, mha_dim=768, n_heads=8, gen_dims=[[128, 256, 768], [512, 256, 128]], disc_dims=[[128, 128], [512, 768], [512, 256, 128]], lambda_gp=10.0, post_method='sigmoid', batch_size=128, num_epochs=100, g_lr=0.0002, d_lr=0.0002, dropout=0.0, n_critic=5, resume_epoch=None, test_epochs=100, num_workers=1, mode='train', data_dir='data', saving_dir='results/2023-04-14_11-47', log_step=1, sample_step=1000, model_save_step=20, lr_update_step=1000, lambda_wgan=1, restore_G=None, restore_D=None, log_dir='results/2023-04-14_11-47/logs', model_dir='results/2023-04-14_11-47/models')
INFO:root:Generator(
  (activation_f): ReLU()
  (multi_dense_layer): MultiDenseLayer(
    (linear_layer): Sequential(
      (0): Linear(in_features=8, out_features=128, bias=True)
      (1): Dropout(p=0.0, inplace=False)
      (2): LayerNorm((128,), eps=1e-05, elementwise_affine=True)
      (3): ReLU()
      (4): Linear(in_features=128, out_features=256, bias=True)
      (5): Dropout(p=0.0, inplace=False)
      (6): LayerNorm((256,), eps=1e-05, elementwise_affine=True)
      (7): ReLU()
      (8): Linear(in_features=256, out_features=768, bias=True)
      (9): Dropout(p=0.0, inplace=False)
      (10): LayerNorm((768,), eps=1e-05, elementwise_affine=True)
      (11): ReLU()
    )
  )
  (mha): MultiheadAttention(
    (out_proj): NonDynamicallyQuantizableLinear(in_features=768, out_features=768, bias=True)
  )
  (multi_dense_layer_2): MultiDenseLayer(
    (linear_layer): Sequential(
      (0): Linear(in_features=768, out_features=512, bias=True)
      (1): Dropout(p=0.0, inplace=False)
      (2): LayerNorm((512,), eps=1e-05, elementwise_affine=True)
      (3): ReLU()
      (4): Linear(in_features=512, out_features=256, bias=True)
      (5): Dropout(p=0.0, inplace=False)
      (6): LayerNorm((256,), eps=1e-05, elementwise_affine=True)
      (7): ReLU()
      (8): Linear(in_features=256, out_features=128, bias=True)
      (9): Dropout(p=0.0, inplace=False)
      (10): LayerNorm((128,), eps=1e-05, elementwise_affine=True)
      (11): ReLU()
    )
  )
  (adjM_layer): Linear(in_features=128, out_features=2500, bias=True)
  (dropoout): Dropout(p=0.0, inplace=False)
)
INFO:root:G
INFO:root:The number of parameters: 3478468
INFO:root:Discriminator(
  (activation_f): ReLU()
  (multi_dense_layer): MultiDenseLayer(
    (linear_layer): Sequential(
      (0): Linear(in_features=50, out_features=128, bias=True)
      (1): Dropout(p=0.0, inplace=False)
      (2): LayerNorm((128,), eps=1e-05, elementwise_affine=True)
      (3): ReLU()
      (4): Linear(in_features=128, out_features=128, bias=True)
      (5): Dropout(p=0.0, inplace=False)
      (6): LayerNorm((128,), eps=1e-05, elementwise_affine=True)
      (7): ReLU()
    )
  )
  (multi_dense_layer_2): MultiDenseLayer(
    (linear_layer): Sequential(
      (0): Linear(in_features=6400, out_features=512, bias=True)
      (1): Dropout(p=0.0, inplace=False)
      (2): LayerNorm((512,), eps=1e-05, elementwise_affine=True)
      (3): ReLU()
      (4): Linear(in_features=512, out_features=768, bias=True)
      (5): Dropout(p=0.0, inplace=False)
      (6): LayerNorm((768,), eps=1e-05, elementwise_affine=True)
      (7): ReLU()
    )
  )
  (mha): MultiheadAttention(
    (out_proj): NonDynamicallyQuantizableLinear(in_features=768, out_features=768, bias=True)
  )
  (multi_dense_layer_3): MultiDenseLayer(
    (linear_layer): Sequential(
      (0): Linear(in_features=768, out_features=512, bias=True)
      (1): Dropout(p=0.0, inplace=False)
      (2): LayerNorm((512,), eps=1e-05, elementwise_affine=True)
      (3): ReLU()
      (4): Linear(in_features=512, out_features=256, bias=True)
      (5): Dropout(p=0.0, inplace=False)
      (6): LayerNorm((256,), eps=1e-05, elementwise_affine=True)
      (7): ReLU()
      (8): Linear(in_features=256, out_features=128, bias=True)
      (9): Dropout(p=0.0, inplace=False)
      (10): LayerNorm((128,), eps=1e-05, elementwise_affine=True)
      (11): ReLU()
    )
  )
  (output_layer): Linear(in_features=128, out_features=1, bias=True)
)
INFO:root:D
INFO:root:The number of parameters: 6619649
INFO:root:BertModel(
  (embeddings): BertEmbeddings(
    (word_embeddings): Embedding(30522, 768, padding_idx=0)
    (position_embeddings): Embedding(512, 768)
    (token_type_embeddings): Embedding(2, 768)
    (LayerNorm): LayerNorm((768,), eps=1e-12, elementwise_affine=True)
    (dropout): Dropout(p=0.1, inplace=False)
  )
  (encoder): BertEncoder(
    (layer): ModuleList(
      (0-11): 12 x BertLayer(
        (attention): BertAttention(
          (self): BertSelfAttention(
            (query): Linear(in_features=768, out_features=768, bias=True)
            (key): Linear(in_features=768, out_features=768, bias=True)
            (value): Linear(in_features=768, out_features=768, bias=True)
            (dropout): Dropout(p=0.1, inplace=False)
          )
          (output): BertSelfOutput(
            (dense): Linear(in_features=768, out_features=768, bias=True)
            (LayerNorm): LayerNorm((768,), eps=1e-12, elementwise_affine=True)
            (dropout): Dropout(p=0.1, inplace=False)
          )
        )
        (intermediate): BertIntermediate(
          (dense): Linear(in_features=768, out_features=3072, bias=True)
          (intermediate_act_fn): GELUActivation()
        )
        (output): BertOutput(
          (dense): Linear(in_features=3072, out_features=768, bias=True)
          (LayerNorm): LayerNorm((768,), eps=1e-12, elementwise_affine=True)
          (dropout): Dropout(p=0.1, inplace=False)
        )
      )
    )
  )
  (pooler): BertPooler(
    (dense): Linear(in_features=768, out_features=768, bias=True)
    (activation): Tanh()
  )
)
INFO:root:bert-base-uncased
INFO:root:The number of parameters: 109482240
INFO:root:5 sample adjacenecy matrices
--------------------------------------------------
Text: Graph with 9 edges, 10 nodes, max diameter 7, min degree 1, no cycle
Num Nodes: 50 | Num Edges: 1250
Conn Comp: 1 | Max Deg: 50 | Min Deg: 50 | Has Cycle: True
--------------------------------------------------
--------------------------------------------------
Text: Graph with 10 edges, 1 connected components, has cycle, 10 nodes, max degree 7
Num Nodes: 50 | Num Edges: 1250
Conn Comp: 1 | Max Deg: 50 | Min Deg: 50 | Has Cycle: True
--------------------------------------------------
--------------------------------------------------
Text: Graph with min degree 1, max diameter 5, 1 connected components, has cycle, 35 edges
Num Nodes: 50 | Num Edges: 1250
Conn Comp: 1 | Max Deg: 50 | Min Deg: 50 | Has Cycle: True
--------------------------------------------------
--------------------------------------------------
Text: Graph with max diameter 3, max degree 4, 14 edges, min degree 1, 2 connected components
Num Nodes: 50 | Num Edges: 1250
Conn Comp: 1 | Max Deg: 50 | Min Deg: 50 | Has Cycle: True
--------------------------------------------------
--------------------------------------------------
Text: Graph with 1 connected components, no cycle, 25 nodes, max degree 4, 24 edges, min degree 1, max diameter 12
Num Nodes: 50 | Num Edges: 1250
Conn Comp: 1 | Max Deg: 50 | Min Deg: 50 | Has Cycle: True
--------------------------------------------------

INFO:root:Elapsed [0:07:17], Iteration [1/100]:
l_D/R: 8.29, l_D/F: -7.50, l_D: -15.00, l_G: 7.50
INFO:root:5 sample adjacenecy matrices
--------------------------------------------------
Text: Graph with 9 edges, 10 nodes, max diameter 7, min degree 1, no cycle
Num Nodes: 50 | Num Edges: 1250
Conn Comp: 1 | Max Deg: 50 | Min Deg: 50 | Has Cycle: True
--------------------------------------------------
--------------------------------------------------
Text: Graph with 10 edges, 1 connected components, has cycle, 10 nodes, max degree 7
Num Nodes: 50 | Num Edges: 1250
Conn Comp: 1 | Max Deg: 50 | Min Deg: 50 | Has Cycle: True
--------------------------------------------------
--------------------------------------------------
Text: Graph with min degree 1, max diameter 5, 1 connected components, has cycle, 35 edges
Num Nodes: 50 | Num Edges: 1250
Conn Comp: 1 | Max Deg: 50 | Min Deg: 50 | Has Cycle: True
--------------------------------------------------
--------------------------------------------------
Text: Graph with max diameter 3, max degree 4, 14 edges, min degree 1, 2 connected components
Num Nodes: 50 | Num Edges: 1250
Conn Comp: 1 | Max Deg: 50 | Min Deg: 50 | Has Cycle: True
--------------------------------------------------
--------------------------------------------------
Text: Graph with 1 connected components, no cycle, 25 nodes, max degree 4, 24 edges, min degree 1, max diameter 12
Num Nodes: 50 | Num Edges: 1250
Conn Comp: 1 | Max Deg: 50 | Min Deg: 50 | Has Cycle: True
--------------------------------------------------

INFO:root:Elapsed [0:14:33], Iteration [2/100]:
l_D/R: 12.75, l_D/F: -10.25, l_D: -17.72, l_G: 10.25
INFO:root:5 sample adjacenecy matrices
--------------------------------------------------
Text: Graph with 9 edges, 10 nodes, max diameter 7, min degree 1, no cycle
Num Nodes: 50 | Num Edges: 1250
Conn Comp: 1 | Max Deg: 50 | Min Deg: 50 | Has Cycle: True
--------------------------------------------------
--------------------------------------------------
Text: Graph with 10 edges, 1 connected components, has cycle, 10 nodes, max degree 7
Num Nodes: 50 | Num Edges: 1250
Conn Comp: 1 | Max Deg: 50 | Min Deg: 50 | Has Cycle: True
--------------------------------------------------
--------------------------------------------------
Text: Graph with min degree 1, max diameter 5, 1 connected components, has cycle, 35 edges
Num Nodes: 50 | Num Edges: 1250
Conn Comp: 1 | Max Deg: 50 | Min Deg: 50 | Has Cycle: True
--------------------------------------------------
--------------------------------------------------
Text: Graph with max diameter 3, max degree 4, 14 edges, min degree 1, 2 connected components
Num Nodes: 50 | Num Edges: 1250
Conn Comp: 1 | Max Deg: 50 | Min Deg: 50 | Has Cycle: True
--------------------------------------------------
--------------------------------------------------
Text: Graph with 1 connected components, no cycle, 25 nodes, max degree 4, 24 edges, min degree 1, max diameter 12
Num Nodes: 50 | Num Edges: 1250
Conn Comp: 1 | Max Deg: 50 | Min Deg: 50 | Has Cycle: True
--------------------------------------------------

INFO:root:Elapsed [0:21:50], Iteration [3/100]:
l_D/R: 3.60, l_D/F: -3.98, l_D: -7.48, l_G: 3.98
INFO:root:5 sample adjacenecy matrices
--------------------------------------------------
Text: Graph with 9 edges, 10 nodes, max diameter 7, min degree 1, no cycle
Num Nodes: 50 | Num Edges: 1250
Conn Comp: 1 | Max Deg: 50 | Min Deg: 50 | Has Cycle: True
--------------------------------------------------
--------------------------------------------------
Text: Graph with 10 edges, 1 connected components, has cycle, 10 nodes, max degree 7
Num Nodes: 50 | Num Edges: 1250
Conn Comp: 1 | Max Deg: 50 | Min Deg: 50 | Has Cycle: True
--------------------------------------------------
--------------------------------------------------
Text: Graph with min degree 1, max diameter 5, 1 connected components, has cycle, 35 edges
Num Nodes: 50 | Num Edges: 1250
Conn Comp: 1 | Max Deg: 50 | Min Deg: 50 | Has Cycle: True
--------------------------------------------------
--------------------------------------------------
Text: Graph with max diameter 3, max degree 4, 14 edges, min degree 1, 2 connected components
Num Nodes: 50 | Num Edges: 1250
Conn Comp: 1 | Max Deg: 50 | Min Deg: 50 | Has Cycle: True
--------------------------------------------------
--------------------------------------------------
Text: Graph with 1 connected components, no cycle, 25 nodes, max degree 4, 24 edges, min degree 1, max diameter 12
Num Nodes: 50 | Num Edges: 1250
Conn Comp: 1 | Max Deg: 50 | Min Deg: 50 | Has Cycle: True
--------------------------------------------------

INFO:root:Elapsed [0:29:11], Iteration [4/100]:
l_D/R: 2.09, l_D/F: -3.92, l_D: -5.81, l_G: 3.92
INFO:root:5 sample adjacenecy matrices
--------------------------------------------------
Text: Graph with 9 edges, 10 nodes, max diameter 7, min degree 1, no cycle
Num Nodes: 50 | Num Edges: 1250
Conn Comp: 1 | Max Deg: 50 | Min Deg: 50 | Has Cycle: True
--------------------------------------------------
--------------------------------------------------
Text: Graph with 10 edges, 1 connected components, has cycle, 10 nodes, max degree 7
Num Nodes: 50 | Num Edges: 1250
Conn Comp: 1 | Max Deg: 50 | Min Deg: 50 | Has Cycle: True
--------------------------------------------------
--------------------------------------------------
Text: Graph with min degree 1, max diameter 5, 1 connected components, has cycle, 35 edges
Num Nodes: 50 | Num Edges: 1250
Conn Comp: 1 | Max Deg: 50 | Min Deg: 50 | Has Cycle: True
--------------------------------------------------
--------------------------------------------------
Text: Graph with max diameter 3, max degree 4, 14 edges, min degree 1, 2 connected components
Num Nodes: 50 | Num Edges: 1250
Conn Comp: 1 | Max Deg: 50 | Min Deg: 50 | Has Cycle: True
--------------------------------------------------
--------------------------------------------------
Text: Graph with 1 connected components, no cycle, 25 nodes, max degree 4, 24 edges, min degree 1, max diameter 12
Num Nodes: 50 | Num Edges: 1250
Conn Comp: 1 | Max Deg: 50 | Min Deg: 50 | Has Cycle: True
--------------------------------------------------

INFO:root:Elapsed [0:36:26], Iteration [5/100]:
l_D/R: 2.74, l_D/F: -4.98, l_D: -5.93, l_G: 4.98
INFO:root:5 sample adjacenecy matrices
--------------------------------------------------
Text: Graph with 9 edges, 10 nodes, max diameter 7, min degree 1, no cycle
Num Nodes: 50 | Num Edges: 1250
Conn Comp: 1 | Max Deg: 50 | Min Deg: 50 | Has Cycle: True
--------------------------------------------------
--------------------------------------------------
Text: Graph with 10 edges, 1 connected components, has cycle, 10 nodes, max degree 7
Num Nodes: 50 | Num Edges: 1250
Conn Comp: 1 | Max Deg: 50 | Min Deg: 50 | Has Cycle: True
--------------------------------------------------
--------------------------------------------------
Text: Graph with min degree 1, max diameter 5, 1 connected components, has cycle, 35 edges
Num Nodes: 50 | Num Edges: 1250
Conn Comp: 1 | Max Deg: 50 | Min Deg: 50 | Has Cycle: True
--------------------------------------------------
--------------------------------------------------
Text: Graph with max diameter 3, max degree 4, 14 edges, min degree 1, 2 connected components
Num Nodes: 50 | Num Edges: 1250
Conn Comp: 1 | Max Deg: 50 | Min Deg: 50 | Has Cycle: True
--------------------------------------------------
--------------------------------------------------
Text: Graph with 1 connected components, no cycle, 25 nodes, max degree 4, 24 edges, min degree 1, max diameter 12
Num Nodes: 50 | Num Edges: 1250
Conn Comp: 1 | Max Deg: 50 | Min Deg: 50 | Has Cycle: True
--------------------------------------------------

INFO:root:Elapsed [0:43:46], Iteration [6/100]:
l_D/R: 1.52, l_D/F: -6.39, l_D: -5.68, l_G: 6.39
INFO:root:5 sample adjacenecy matrices
--------------------------------------------------
Text: Graph with 9 edges, 10 nodes, max diameter 7, min degree 1, no cycle
Num Nodes: 50 | Num Edges: 1250
Conn Comp: 1 | Max Deg: 50 | Min Deg: 50 | Has Cycle: True
--------------------------------------------------
--------------------------------------------------
Text: Graph with 10 edges, 1 connected components, has cycle, 10 nodes, max degree 7
Num Nodes: 50 | Num Edges: 1250
Conn Comp: 1 | Max Deg: 50 | Min Deg: 50 | Has Cycle: True
--------------------------------------------------
--------------------------------------------------
Text: Graph with min degree 1, max diameter 5, 1 connected components, has cycle, 35 edges
Num Nodes: 50 | Num Edges: 1250
Conn Comp: 1 | Max Deg: 50 | Min Deg: 50 | Has Cycle: True
--------------------------------------------------
--------------------------------------------------
Text: Graph with max diameter 3, max degree 4, 14 edges, min degree 1, 2 connected components
Num Nodes: 50 | Num Edges: 1250
Conn Comp: 1 | Max Deg: 50 | Min Deg: 50 | Has Cycle: True
--------------------------------------------------
--------------------------------------------------
Text: Graph with 1 connected components, no cycle, 25 nodes, max degree 4, 24 edges, min degree 1, max diameter 12
Num Nodes: 50 | Num Edges: 1250
Conn Comp: 1 | Max Deg: 50 | Min Deg: 50 | Has Cycle: True
--------------------------------------------------

INFO:root:Elapsed [0:51:08], Iteration [7/100]:
l_D/R: 1.03, l_D/F: -6.52, l_D: -5.77, l_G: 6.52
INFO:root:5 sample adjacenecy matrices
--------------------------------------------------
Text: Graph with 9 edges, 10 nodes, max diameter 7, min degree 1, no cycle
Num Nodes: 50 | Num Edges: 1250
Conn Comp: 1 | Max Deg: 50 | Min Deg: 50 | Has Cycle: True
--------------------------------------------------
--------------------------------------------------
Text: Graph with 10 edges, 1 connected components, has cycle, 10 nodes, max degree 7
Num Nodes: 50 | Num Edges: 1250
Conn Comp: 1 | Max Deg: 50 | Min Deg: 50 | Has Cycle: True
--------------------------------------------------
--------------------------------------------------
Text: Graph with min degree 1, max diameter 5, 1 connected components, has cycle, 35 edges
Num Nodes: 50 | Num Edges: 1250
Conn Comp: 1 | Max Deg: 50 | Min Deg: 50 | Has Cycle: True
--------------------------------------------------
--------------------------------------------------
Text: Graph with max diameter 3, max degree 4, 14 edges, min degree 1, 2 connected components
Num Nodes: 50 | Num Edges: 1250
Conn Comp: 1 | Max Deg: 50 | Min Deg: 50 | Has Cycle: True
--------------------------------------------------
--------------------------------------------------
Text: Graph with 1 connected components, no cycle, 25 nodes, max degree 4, 24 edges, min degree 1, max diameter 12
Num Nodes: 50 | Num Edges: 1250
Conn Comp: 1 | Max Deg: 50 | Min Deg: 50 | Has Cycle: True
--------------------------------------------------

INFO:root:Elapsed [0:58:23], Iteration [8/100]:
l_D/R: 0.09, l_D/F: -6.44, l_D: -5.39, l_G: 6.44
INFO:root:5 sample adjacenecy matrices
--------------------------------------------------
Text: Graph with 9 edges, 10 nodes, max diameter 7, min degree 1, no cycle
Num Nodes: 50 | Num Edges: 1250
Conn Comp: 1 | Max Deg: 50 | Min Deg: 50 | Has Cycle: True
--------------------------------------------------
--------------------------------------------------
Text: Graph with 10 edges, 1 connected components, has cycle, 10 nodes, max degree 7
Num Nodes: 50 | Num Edges: 1250
Conn Comp: 1 | Max Deg: 50 | Min Deg: 50 | Has Cycle: True
--------------------------------------------------
--------------------------------------------------
Text: Graph with min degree 1, max diameter 5, 1 connected components, has cycle, 35 edges
Num Nodes: 50 | Num Edges: 1250
Conn Comp: 1 | Max Deg: 50 | Min Deg: 50 | Has Cycle: True
--------------------------------------------------
--------------------------------------------------
Text: Graph with max diameter 3, max degree 4, 14 edges, min degree 1, 2 connected components
Num Nodes: 50 | Num Edges: 1250
Conn Comp: 1 | Max Deg: 50 | Min Deg: 50 | Has Cycle: True
--------------------------------------------------
--------------------------------------------------
Text: Graph with 1 connected components, no cycle, 25 nodes, max degree 4, 24 edges, min degree 1, max diameter 12
Num Nodes: 50 | Num Edges: 1250
Conn Comp: 1 | Max Deg: 50 | Min Deg: 50 | Has Cycle: True
--------------------------------------------------

INFO:root:Elapsed [1:05:39], Iteration [9/100]:
l_D/R: 0.51, l_D/F: -5.79, l_D: -5.44, l_G: 5.79
INFO:root:5 sample adjacenecy matrices
--------------------------------------------------
Text: Graph with 9 edges, 10 nodes, max diameter 7, min degree 1, no cycle
Num Nodes: 50 | Num Edges: 1250
Conn Comp: 1 | Max Deg: 50 | Min Deg: 50 | Has Cycle: True
--------------------------------------------------
--------------------------------------------------
Text: Graph with 10 edges, 1 connected components, has cycle, 10 nodes, max degree 7
Num Nodes: 50 | Num Edges: 1250
Conn Comp: 1 | Max Deg: 50 | Min Deg: 50 | Has Cycle: True
--------------------------------------------------
--------------------------------------------------
Text: Graph with min degree 1, max diameter 5, 1 connected components, has cycle, 35 edges
Num Nodes: 50 | Num Edges: 1250
Conn Comp: 1 | Max Deg: 50 | Min Deg: 50 | Has Cycle: True
--------------------------------------------------
--------------------------------------------------
Text: Graph with max diameter 3, max degree 4, 14 edges, min degree 1, 2 connected components
Num Nodes: 50 | Num Edges: 1250
Conn Comp: 1 | Max Deg: 50 | Min Deg: 50 | Has Cycle: True
--------------------------------------------------
--------------------------------------------------
Text: Graph with 1 connected components, no cycle, 25 nodes, max degree 4, 24 edges, min degree 1, max diameter 12
Num Nodes: 50 | Num Edges: 1250
Conn Comp: 1 | Max Deg: 50 | Min Deg: 50 | Has Cycle: True
--------------------------------------------------

INFO:root:Elapsed [1:13:00], Iteration [10/100]:
l_D/R: 0.75, l_D/F: -5.29, l_D: -5.59, l_G: 5.29
INFO:root:5 sample adjacenecy matrices
--------------------------------------------------
Text: Graph with 9 edges, 10 nodes, max diameter 7, min degree 1, no cycle
Num Nodes: 50 | Num Edges: 1250
Conn Comp: 1 | Max Deg: 50 | Min Deg: 50 | Has Cycle: True
--------------------------------------------------
--------------------------------------------------
Text: Graph with 10 edges, 1 connected components, has cycle, 10 nodes, max degree 7
Num Nodes: 50 | Num Edges: 1250
Conn Comp: 1 | Max Deg: 50 | Min Deg: 50 | Has Cycle: True
--------------------------------------------------
--------------------------------------------------
Text: Graph with min degree 1, max diameter 5, 1 connected components, has cycle, 35 edges
Num Nodes: 50 | Num Edges: 1250
Conn Comp: 1 | Max Deg: 50 | Min Deg: 50 | Has Cycle: True
--------------------------------------------------
--------------------------------------------------
Text: Graph with max diameter 3, max degree 4, 14 edges, min degree 1, 2 connected components
Num Nodes: 50 | Num Edges: 1250
Conn Comp: 1 | Max Deg: 50 | Min Deg: 50 | Has Cycle: True
--------------------------------------------------
--------------------------------------------------
Text: Graph with 1 connected components, no cycle, 25 nodes, max degree 4, 24 edges, min degree 1, max diameter 12
Num Nodes: 50 | Num Edges: 1250
Conn Comp: 1 | Max Deg: 50 | Min Deg: 50 | Has Cycle: True
--------------------------------------------------

INFO:root:Elapsed [1:21:35], Iteration [11/100]:
l_D/R: -0.04, l_D/F: -6.79, l_D: -5.71, l_G: 6.79
INFO:root:5 sample adjacenecy matrices
--------------------------------------------------
Text: Graph with 9 edges, 10 nodes, max diameter 7, min degree 1, no cycle
Num Nodes: 50 | Num Edges: 1250
Conn Comp: 1 | Max Deg: 50 | Min Deg: 50 | Has Cycle: True
--------------------------------------------------
--------------------------------------------------
Text: Graph with 10 edges, 1 connected components, has cycle, 10 nodes, max degree 7
Num Nodes: 50 | Num Edges: 1250
Conn Comp: 1 | Max Deg: 50 | Min Deg: 50 | Has Cycle: True
--------------------------------------------------
--------------------------------------------------
Text: Graph with min degree 1, max diameter 5, 1 connected components, has cycle, 35 edges
Num Nodes: 50 | Num Edges: 1250
Conn Comp: 1 | Max Deg: 50 | Min Deg: 50 | Has Cycle: True
--------------------------------------------------
--------------------------------------------------
Text: Graph with max diameter 3, max degree 4, 14 edges, min degree 1, 2 connected components
Num Nodes: 50 | Num Edges: 1250
Conn Comp: 1 | Max Deg: 50 | Min Deg: 50 | Has Cycle: True
--------------------------------------------------
--------------------------------------------------
Text: Graph with 1 connected components, no cycle, 25 nodes, max degree 4, 24 edges, min degree 1, max diameter 12
Num Nodes: 50 | Num Edges: 1250
Conn Comp: 1 | Max Deg: 50 | Min Deg: 50 | Has Cycle: True
--------------------------------------------------

INFO:root:Elapsed [1:30:04], Iteration [12/100]:
l_D/R: -0.65, l_D/F: -7.99, l_D: -5.46, l_G: 7.99
INFO:root:5 sample adjacenecy matrices
--------------------------------------------------
Text: Graph with 9 edges, 10 nodes, max diameter 7, min degree 1, no cycle
Num Nodes: 50 | Num Edges: 1250
Conn Comp: 1 | Max Deg: 50 | Min Deg: 50 | Has Cycle: True
--------------------------------------------------
--------------------------------------------------
Text: Graph with 10 edges, 1 connected components, has cycle, 10 nodes, max degree 7
Num Nodes: 50 | Num Edges: 1250
Conn Comp: 1 | Max Deg: 50 | Min Deg: 50 | Has Cycle: True
--------------------------------------------------
--------------------------------------------------
Text: Graph with min degree 1, max diameter 5, 1 connected components, has cycle, 35 edges
Num Nodes: 50 | Num Edges: 1250
Conn Comp: 1 | Max Deg: 50 | Min Deg: 50 | Has Cycle: True
--------------------------------------------------
--------------------------------------------------
Text: Graph with max diameter 3, max degree 4, 14 edges, min degree 1, 2 connected components
Num Nodes: 50 | Num Edges: 1250
Conn Comp: 1 | Max Deg: 50 | Min Deg: 50 | Has Cycle: True
--------------------------------------------------
--------------------------------------------------
Text: Graph with 1 connected components, no cycle, 25 nodes, max degree 4, 24 edges, min degree 1, max diameter 12
Num Nodes: 50 | Num Edges: 1250
Conn Comp: 1 | Max Deg: 50 | Min Deg: 50 | Has Cycle: True
--------------------------------------------------

INFO:root:Elapsed [1:38:34], Iteration [13/100]:
l_D/R: -1.33, l_D/F: -9.00, l_D: -5.03, l_G: 9.00
INFO:root:5 sample adjacenecy matrices
--------------------------------------------------
Text: Graph with 9 edges, 10 nodes, max diameter 7, min degree 1, no cycle
Num Nodes: 50 | Num Edges: 1250
Conn Comp: 1 | Max Deg: 50 | Min Deg: 50 | Has Cycle: True
--------------------------------------------------
--------------------------------------------------
Text: Graph with 10 edges, 1 connected components, has cycle, 10 nodes, max degree 7
Num Nodes: 50 | Num Edges: 1250
Conn Comp: 1 | Max Deg: 50 | Min Deg: 50 | Has Cycle: True
--------------------------------------------------
--------------------------------------------------
Text: Graph with min degree 1, max diameter 5, 1 connected components, has cycle, 35 edges
Num Nodes: 50 | Num Edges: 1250
Conn Comp: 1 | Max Deg: 50 | Min Deg: 50 | Has Cycle: True
--------------------------------------------------
--------------------------------------------------
Text: Graph with max diameter 3, max degree 4, 14 edges, min degree 1, 2 connected components
Num Nodes: 50 | Num Edges: 1250
Conn Comp: 1 | Max Deg: 50 | Min Deg: 50 | Has Cycle: True
--------------------------------------------------
--------------------------------------------------
Text: Graph with 1 connected components, no cycle, 25 nodes, max degree 4, 24 edges, min degree 1, max diameter 12
Num Nodes: 50 | Num Edges: 1250
Conn Comp: 1 | Max Deg: 50 | Min Deg: 50 | Has Cycle: True
--------------------------------------------------

INFO:root:Elapsed [1:47:07], Iteration [14/100]:
l_D/R: -0.84, l_D/F: -7.57, l_D: -5.44, l_G: 7.57
INFO:root:5 sample adjacenecy matrices
--------------------------------------------------
Text: Graph with 9 edges, 10 nodes, max diameter 7, min degree 1, no cycle
Num Nodes: 50 | Num Edges: 1250
Conn Comp: 1 | Max Deg: 50 | Min Deg: 50 | Has Cycle: True
--------------------------------------------------
--------------------------------------------------
Text: Graph with 10 edges, 1 connected components, has cycle, 10 nodes, max degree 7
Num Nodes: 50 | Num Edges: 1250
Conn Comp: 1 | Max Deg: 50 | Min Deg: 50 | Has Cycle: True
--------------------------------------------------
--------------------------------------------------
Text: Graph with min degree 1, max diameter 5, 1 connected components, has cycle, 35 edges
Num Nodes: 50 | Num Edges: 1250
Conn Comp: 1 | Max Deg: 50 | Min Deg: 50 | Has Cycle: True
--------------------------------------------------
--------------------------------------------------
Text: Graph with max diameter 3, max degree 4, 14 edges, min degree 1, 2 connected components
Num Nodes: 50 | Num Edges: 1250
Conn Comp: 1 | Max Deg: 50 | Min Deg: 50 | Has Cycle: True
--------------------------------------------------
--------------------------------------------------
Text: Graph with 1 connected components, no cycle, 25 nodes, max degree 4, 24 edges, min degree 1, max diameter 12
Num Nodes: 50 | Num Edges: 1250
Conn Comp: 1 | Max Deg: 50 | Min Deg: 50 | Has Cycle: True
--------------------------------------------------

INFO:root:Elapsed [1:55:38], Iteration [15/100]:
l_D/R: -1.09, l_D/F: -6.85, l_D: -5.35, l_G: 6.85
INFO:root:5 sample adjacenecy matrices
--------------------------------------------------
Text: Graph with 9 edges, 10 nodes, max diameter 7, min degree 1, no cycle
Num Nodes: 50 | Num Edges: 1250
Conn Comp: 1 | Max Deg: 50 | Min Deg: 50 | Has Cycle: True
--------------------------------------------------
--------------------------------------------------
Text: Graph with 10 edges, 1 connected components, has cycle, 10 nodes, max degree 7
Num Nodes: 50 | Num Edges: 1250
Conn Comp: 1 | Max Deg: 50 | Min Deg: 50 | Has Cycle: True
--------------------------------------------------
--------------------------------------------------
Text: Graph with min degree 1, max diameter 5, 1 connected components, has cycle, 35 edges
Num Nodes: 50 | Num Edges: 1250
Conn Comp: 1 | Max Deg: 50 | Min Deg: 50 | Has Cycle: True
--------------------------------------------------
--------------------------------------------------
Text: Graph with max diameter 3, max degree 4, 14 edges, min degree 1, 2 connected components
Num Nodes: 50 | Num Edges: 1250
Conn Comp: 1 | Max Deg: 50 | Min Deg: 50 | Has Cycle: True
--------------------------------------------------
--------------------------------------------------
Text: Graph with 1 connected components, no cycle, 25 nodes, max degree 4, 24 edges, min degree 1, max diameter 12
Num Nodes: 50 | Num Edges: 1250
Conn Comp: 1 | Max Deg: 50 | Min Deg: 50 | Has Cycle: True
--------------------------------------------------

INFO:root:Elapsed [2:04:11], Iteration [16/100]:
l_D/R: -0.90, l_D/F: -7.30, l_D: -5.50, l_G: 7.30
INFO:root:5 sample adjacenecy matrices
--------------------------------------------------
Text: Graph with 9 edges, 10 nodes, max diameter 7, min degree 1, no cycle
Num Nodes: 50 | Num Edges: 1250
Conn Comp: 1 | Max Deg: 50 | Min Deg: 50 | Has Cycle: True
--------------------------------------------------
--------------------------------------------------
Text: Graph with 10 edges, 1 connected components, has cycle, 10 nodes, max degree 7
Num Nodes: 50 | Num Edges: 1250
Conn Comp: 1 | Max Deg: 50 | Min Deg: 50 | Has Cycle: True
--------------------------------------------------
--------------------------------------------------
Text: Graph with min degree 1, max diameter 5, 1 connected components, has cycle, 35 edges
Num Nodes: 50 | Num Edges: 1250
Conn Comp: 1 | Max Deg: 50 | Min Deg: 50 | Has Cycle: True
--------------------------------------------------
--------------------------------------------------
Text: Graph with max diameter 3, max degree 4, 14 edges, min degree 1, 2 connected components
Num Nodes: 50 | Num Edges: 1250
Conn Comp: 1 | Max Deg: 50 | Min Deg: 50 | Has Cycle: True
--------------------------------------------------
--------------------------------------------------
Text: Graph with 1 connected components, no cycle, 25 nodes, max degree 4, 24 edges, min degree 1, max diameter 12
Num Nodes: 50 | Num Edges: 1250
Conn Comp: 1 | Max Deg: 50 | Min Deg: 50 | Has Cycle: True
--------------------------------------------------

INFO:root:Elapsed [2:12:44], Iteration [17/100]:
l_D/R: -0.94, l_D/F: -7.59, l_D: -5.27, l_G: 7.59
INFO:root:5 sample adjacenecy matrices
--------------------------------------------------
Text: Graph with 9 edges, 10 nodes, max diameter 7, min degree 1, no cycle
Num Nodes: 50 | Num Edges: 1250
Conn Comp: 1 | Max Deg: 50 | Min Deg: 50 | Has Cycle: True
--------------------------------------------------
--------------------------------------------------
Text: Graph with 10 edges, 1 connected components, has cycle, 10 nodes, max degree 7
Num Nodes: 50 | Num Edges: 1250
Conn Comp: 1 | Max Deg: 50 | Min Deg: 50 | Has Cycle: True
--------------------------------------------------
--------------------------------------------------
Text: Graph with min degree 1, max diameter 5, 1 connected components, has cycle, 35 edges
Num Nodes: 50 | Num Edges: 1250
Conn Comp: 1 | Max Deg: 50 | Min Deg: 50 | Has Cycle: True
--------------------------------------------------
--------------------------------------------------
Text: Graph with max diameter 3, max degree 4, 14 edges, min degree 1, 2 connected components
Num Nodes: 50 | Num Edges: 1250
Conn Comp: 1 | Max Deg: 50 | Min Deg: 50 | Has Cycle: True
--------------------------------------------------
--------------------------------------------------
Text: Graph with 1 connected components, no cycle, 25 nodes, max degree 4, 24 edges, min degree 1, max diameter 12
Num Nodes: 50 | Num Edges: 1250
Conn Comp: 1 | Max Deg: 50 | Min Deg: 50 | Has Cycle: True
--------------------------------------------------

INFO:root:Elapsed [2:21:15], Iteration [18/100]:
l_D/R: -1.02, l_D/F: -7.49, l_D: -5.46, l_G: 7.49
INFO:root:5 sample adjacenecy matrices
--------------------------------------------------
Text: Graph with 9 edges, 10 nodes, max diameter 7, min degree 1, no cycle
Num Nodes: 50 | Num Edges: 1250
Conn Comp: 1 | Max Deg: 50 | Min Deg: 50 | Has Cycle: True
--------------------------------------------------
--------------------------------------------------
Text: Graph with 10 edges, 1 connected components, has cycle, 10 nodes, max degree 7
Num Nodes: 50 | Num Edges: 1250
Conn Comp: 1 | Max Deg: 50 | Min Deg: 50 | Has Cycle: True
--------------------------------------------------
--------------------------------------------------
Text: Graph with min degree 1, max diameter 5, 1 connected components, has cycle, 35 edges
Num Nodes: 50 | Num Edges: 1250
Conn Comp: 1 | Max Deg: 50 | Min Deg: 50 | Has Cycle: True
--------------------------------------------------
--------------------------------------------------
Text: Graph with max diameter 3, max degree 4, 14 edges, min degree 1, 2 connected components
Num Nodes: 50 | Num Edges: 1250
Conn Comp: 1 | Max Deg: 50 | Min Deg: 50 | Has Cycle: True
--------------------------------------------------
--------------------------------------------------
Text: Graph with 1 connected components, no cycle, 25 nodes, max degree 4, 24 edges, min degree 1, max diameter 12
Num Nodes: 50 | Num Edges: 1250
Conn Comp: 1 | Max Deg: 50 | Min Deg: 50 | Has Cycle: True
--------------------------------------------------

INFO:root:Elapsed [2:29:41], Iteration [19/100]:
l_D/R: -1.25, l_D/F: -7.43, l_D: -5.28, l_G: 7.43
INFO:root:5 sample adjacenecy matrices
--------------------------------------------------
Text: Graph with 9 edges, 10 nodes, max diameter 7, min degree 1, no cycle
Num Nodes: 50 | Num Edges: 1250
Conn Comp: 1 | Max Deg: 50 | Min Deg: 50 | Has Cycle: True
--------------------------------------------------
--------------------------------------------------
Text: Graph with 10 edges, 1 connected components, has cycle, 10 nodes, max degree 7
Num Nodes: 50 | Num Edges: 1250
Conn Comp: 1 | Max Deg: 50 | Min Deg: 50 | Has Cycle: True
--------------------------------------------------
--------------------------------------------------
Text: Graph with min degree 1, max diameter 5, 1 connected components, has cycle, 35 edges
Num Nodes: 50 | Num Edges: 1250
Conn Comp: 1 | Max Deg: 50 | Min Deg: 50 | Has Cycle: True
--------------------------------------------------
--------------------------------------------------
Text: Graph with max diameter 3, max degree 4, 14 edges, min degree 1, 2 connected components
Num Nodes: 50 | Num Edges: 1250
Conn Comp: 1 | Max Deg: 50 | Min Deg: 50 | Has Cycle: True
--------------------------------------------------
--------------------------------------------------
Text: Graph with 1 connected components, no cycle, 25 nodes, max degree 4, 24 edges, min degree 1, max diameter 12
Num Nodes: 50 | Num Edges: 1250
Conn Comp: 1 | Max Deg: 50 | Min Deg: 50 | Has Cycle: True
--------------------------------------------------

INFO:root:Saved model checkpoints into results/2023-04-14_11-47/models...
INFO:root:Elapsed [3:19:04], Iteration [20/100]:
l_D/R: -1.74, l_D/F: -7.97, l_D: -4.98, l_G: 7.97
property_match: 0.13
INFO:root:5 sample adjacenecy matrices
--------------------------------------------------
Text: Graph with 9 edges, 10 nodes, max diameter 7, min degree 1, no cycle
Num Nodes: 50 | Num Edges: 1250
Conn Comp: 1 | Max Deg: 50 | Min Deg: 50 | Has Cycle: True
--------------------------------------------------
--------------------------------------------------
Text: Graph with 10 edges, 1 connected components, has cycle, 10 nodes, max degree 7
Num Nodes: 50 | Num Edges: 1250
Conn Comp: 1 | Max Deg: 50 | Min Deg: 50 | Has Cycle: True
--------------------------------------------------
--------------------------------------------------
Text: Graph with min degree 1, max diameter 5, 1 connected components, has cycle, 35 edges
Num Nodes: 50 | Num Edges: 1250
Conn Comp: 1 | Max Deg: 50 | Min Deg: 50 | Has Cycle: True
--------------------------------------------------
--------------------------------------------------
Text: Graph with max diameter 3, max degree 4, 14 edges, min degree 1, 2 connected components
Num Nodes: 50 | Num Edges: 1250
Conn Comp: 1 | Max Deg: 50 | Min Deg: 50 | Has Cycle: True
--------------------------------------------------
--------------------------------------------------
Text: Graph with 1 connected components, no cycle, 25 nodes, max degree 4, 24 edges, min degree 1, max diameter 12
Num Nodes: 50 | Num Edges: 1250
Conn Comp: 1 | Max Deg: 50 | Min Deg: 50 | Has Cycle: True
--------------------------------------------------

INFO:root:Elapsed [3:26:40], Iteration [21/100]:
l_D/R: -3.28, l_D/F: -9.45, l_D: -5.15, l_G: 9.45
INFO:root:5 sample adjacenecy matrices
--------------------------------------------------
Text: Graph with 9 edges, 10 nodes, max diameter 7, min degree 1, no cycle
Num Nodes: 50 | Num Edges: 1250
Conn Comp: 1 | Max Deg: 50 | Min Deg: 50 | Has Cycle: True
--------------------------------------------------
--------------------------------------------------
Text: Graph with 10 edges, 1 connected components, has cycle, 10 nodes, max degree 7
Num Nodes: 50 | Num Edges: 1249
Conn Comp: 1 | Max Deg: 50 | Min Deg: 49 | Has Cycle: True
--------------------------------------------------
--------------------------------------------------
Text: Graph with min degree 1, max diameter 5, 1 connected components, has cycle, 35 edges
Num Nodes: 50 | Num Edges: 1250
Conn Comp: 1 | Max Deg: 50 | Min Deg: 50 | Has Cycle: True
--------------------------------------------------
--------------------------------------------------
Text: Graph with max diameter 3, max degree 4, 14 edges, min degree 1, 2 connected components
Num Nodes: 50 | Num Edges: 1250
Conn Comp: 1 | Max Deg: 50 | Min Deg: 50 | Has Cycle: True
--------------------------------------------------
--------------------------------------------------
Text: Graph with 1 connected components, no cycle, 25 nodes, max degree 4, 24 edges, min degree 1, max diameter 12
Num Nodes: 50 | Num Edges: 1250
Conn Comp: 1 | Max Deg: 50 | Min Deg: 50 | Has Cycle: True
--------------------------------------------------

INFO:root:Elapsed [3:36:19], Iteration [22/100]:
l_D/R: -1.52, l_D/F: -7.63, l_D: -4.97, l_G: 7.63
INFO:root:5 sample adjacenecy matrices
--------------------------------------------------
Text: Graph with 9 edges, 10 nodes, max diameter 7, min degree 1, no cycle
Num Nodes: 50 | Num Edges: 1248
Conn Comp: 1 | Max Deg: 50 | Min Deg: 49 | Has Cycle: True
--------------------------------------------------
--------------------------------------------------
Text: Graph with 10 edges, 1 connected components, has cycle, 10 nodes, max degree 7
Num Nodes: 50 | Num Edges: 1248
Conn Comp: 1 | Max Deg: 50 | Min Deg: 49 | Has Cycle: True
--------------------------------------------------
--------------------------------------------------
Text: Graph with min degree 1, max diameter 5, 1 connected components, has cycle, 35 edges
Num Nodes: 50 | Num Edges: 1250
Conn Comp: 1 | Max Deg: 50 | Min Deg: 50 | Has Cycle: True
--------------------------------------------------
--------------------------------------------------
Text: Graph with max diameter 3, max degree 4, 14 edges, min degree 1, 2 connected components
Num Nodes: 50 | Num Edges: 1250
Conn Comp: 1 | Max Deg: 50 | Min Deg: 50 | Has Cycle: True
--------------------------------------------------
--------------------------------------------------
Text: Graph with 1 connected components, no cycle, 25 nodes, max degree 4, 24 edges, min degree 1, max diameter 12
Num Nodes: 50 | Num Edges: 1250
Conn Comp: 1 | Max Deg: 50 | Min Deg: 50 | Has Cycle: True
--------------------------------------------------

INFO:root:Elapsed [3:45:55], Iteration [23/100]:
l_D/R: -2.43, l_D/F: -8.07, l_D: -5.05, l_G: 8.07
INFO:root:5 sample adjacenecy matrices
--------------------------------------------------
Text: Graph with 9 edges, 10 nodes, max diameter 7, min degree 1, no cycle
Num Nodes: 50 | Num Edges: 1250
Conn Comp: 1 | Max Deg: 50 | Min Deg: 50 | Has Cycle: True
--------------------------------------------------
--------------------------------------------------
Text: Graph with 10 edges, 1 connected components, has cycle, 10 nodes, max degree 7
Num Nodes: 50 | Num Edges: 1248
Conn Comp: 1 | Max Deg: 50 | Min Deg: 49 | Has Cycle: True
--------------------------------------------------
--------------------------------------------------
Text: Graph with min degree 1, max diameter 5, 1 connected components, has cycle, 35 edges
Num Nodes: 50 | Num Edges: 1250
Conn Comp: 1 | Max Deg: 50 | Min Deg: 50 | Has Cycle: True
--------------------------------------------------
--------------------------------------------------
Text: Graph with max diameter 3, max degree 4, 14 edges, min degree 1, 2 connected components
Num Nodes: 50 | Num Edges: 1250
Conn Comp: 1 | Max Deg: 50 | Min Deg: 50 | Has Cycle: True
--------------------------------------------------
--------------------------------------------------
Text: Graph with 1 connected components, no cycle, 25 nodes, max degree 4, 24 edges, min degree 1, max diameter 12
Num Nodes: 50 | Num Edges: 1250
Conn Comp: 1 | Max Deg: 50 | Min Deg: 50 | Has Cycle: True
--------------------------------------------------

INFO:root:Elapsed [3:55:34], Iteration [24/100]:
l_D/R: -2.49, l_D/F: -9.08, l_D: -4.90, l_G: 9.08
INFO:root:5 sample adjacenecy matrices
--------------------------------------------------
Text: Graph with 9 edges, 10 nodes, max diameter 7, min degree 1, no cycle
Num Nodes: 50 | Num Edges: 1249
Conn Comp: 1 | Max Deg: 50 | Min Deg: 49 | Has Cycle: True
--------------------------------------------------
--------------------------------------------------
Text: Graph with 10 edges, 1 connected components, has cycle, 10 nodes, max degree 7
Num Nodes: 50 | Num Edges: 1250
Conn Comp: 1 | Max Deg: 50 | Min Deg: 50 | Has Cycle: True
--------------------------------------------------
--------------------------------------------------
Text: Graph with min degree 1, max diameter 5, 1 connected components, has cycle, 35 edges
Num Nodes: 50 | Num Edges: 1250
Conn Comp: 1 | Max Deg: 50 | Min Deg: 50 | Has Cycle: True
--------------------------------------------------
--------------------------------------------------
Text: Graph with max diameter 3, max degree 4, 14 edges, min degree 1, 2 connected components
Num Nodes: 50 | Num Edges: 1250
Conn Comp: 1 | Max Deg: 50 | Min Deg: 50 | Has Cycle: True
--------------------------------------------------
--------------------------------------------------
Text: Graph with 1 connected components, no cycle, 25 nodes, max degree 4, 24 edges, min degree 1, max diameter 12
Num Nodes: 50 | Num Edges: 1250
Conn Comp: 1 | Max Deg: 50 | Min Deg: 50 | Has Cycle: True
--------------------------------------------------

INFO:root:Elapsed [4:05:22], Iteration [25/100]:
l_D/R: -1.97, l_D/F: -8.73, l_D: -4.99, l_G: 8.73
INFO:root:5 sample adjacenecy matrices
--------------------------------------------------
Text: Graph with 9 edges, 10 nodes, max diameter 7, min degree 1, no cycle
Num Nodes: 50 | Num Edges: 1249
Conn Comp: 1 | Max Deg: 50 | Min Deg: 49 | Has Cycle: True
--------------------------------------------------
--------------------------------------------------
Text: Graph with 10 edges, 1 connected components, has cycle, 10 nodes, max degree 7
Num Nodes: 50 | Num Edges: 1247
Conn Comp: 1 | Max Deg: 50 | Min Deg: 49 | Has Cycle: True
--------------------------------------------------
--------------------------------------------------
Text: Graph with min degree 1, max diameter 5, 1 connected components, has cycle, 35 edges
Num Nodes: 50 | Num Edges: 1250
Conn Comp: 1 | Max Deg: 50 | Min Deg: 50 | Has Cycle: True
--------------------------------------------------
--------------------------------------------------
Text: Graph with max diameter 3, max degree 4, 14 edges, min degree 1, 2 connected components
Num Nodes: 50 | Num Edges: 1250
Conn Comp: 1 | Max Deg: 50 | Min Deg: 50 | Has Cycle: True
--------------------------------------------------
--------------------------------------------------
Text: Graph with 1 connected components, no cycle, 25 nodes, max degree 4, 24 edges, min degree 1, max diameter 12
Num Nodes: 50 | Num Edges: 1250
Conn Comp: 1 | Max Deg: 50 | Min Deg: 50 | Has Cycle: True
--------------------------------------------------

INFO:root:Elapsed [4:15:28], Iteration [26/100]:
l_D/R: -1.74, l_D/F: -7.28, l_D: -4.93, l_G: 7.28
INFO:root:5 sample adjacenecy matrices
--------------------------------------------------
Text: Graph with 9 edges, 10 nodes, max diameter 7, min degree 1, no cycle
Num Nodes: 50 | Num Edges: 1250
Conn Comp: 1 | Max Deg: 50 | Min Deg: 50 | Has Cycle: True
--------------------------------------------------
--------------------------------------------------
Text: Graph with 10 edges, 1 connected components, has cycle, 10 nodes, max degree 7
Num Nodes: 50 | Num Edges: 1246
Conn Comp: 1 | Max Deg: 50 | Min Deg: 49 | Has Cycle: True
--------------------------------------------------
--------------------------------------------------
Text: Graph with min degree 1, max diameter 5, 1 connected components, has cycle, 35 edges
Num Nodes: 50 | Num Edges: 1250
Conn Comp: 1 | Max Deg: 50 | Min Deg: 50 | Has Cycle: True
--------------------------------------------------
--------------------------------------------------
Text: Graph with max diameter 3, max degree 4, 14 edges, min degree 1, 2 connected components
Num Nodes: 50 | Num Edges: 1250
Conn Comp: 1 | Max Deg: 50 | Min Deg: 50 | Has Cycle: True
--------------------------------------------------
--------------------------------------------------
Text: Graph with 1 connected components, no cycle, 25 nodes, max degree 4, 24 edges, min degree 1, max diameter 12
Num Nodes: 50 | Num Edges: 1250
Conn Comp: 1 | Max Deg: 50 | Min Deg: 50 | Has Cycle: True
--------------------------------------------------

INFO:root:Elapsed [4:25:17], Iteration [27/100]:
l_D/R: -2.67, l_D/F: -6.77, l_D: -3.83, l_G: 6.77
INFO:root:5 sample adjacenecy matrices
--------------------------------------------------
Text: Graph with 9 edges, 10 nodes, max diameter 7, min degree 1, no cycle
Num Nodes: 50 | Num Edges: 1247
Conn Comp: 1 | Max Deg: 50 | Min Deg: 49 | Has Cycle: True
--------------------------------------------------
--------------------------------------------------
Text: Graph with 10 edges, 1 connected components, has cycle, 10 nodes, max degree 7
Num Nodes: 50 | Num Edges: 1247
Conn Comp: 1 | Max Deg: 50 | Min Deg: 49 | Has Cycle: True
--------------------------------------------------
--------------------------------------------------
Text: Graph with min degree 1, max diameter 5, 1 connected components, has cycle, 35 edges
Num Nodes: 50 | Num Edges: 1250
Conn Comp: 1 | Max Deg: 50 | Min Deg: 50 | Has Cycle: True
--------------------------------------------------
--------------------------------------------------
Text: Graph with max diameter 3, max degree 4, 14 edges, min degree 1, 2 connected components
Num Nodes: 50 | Num Edges: 1249
Conn Comp: 1 | Max Deg: 50 | Min Deg: 49 | Has Cycle: True
--------------------------------------------------
--------------------------------------------------
Text: Graph with 1 connected components, no cycle, 25 nodes, max degree 4, 24 edges, min degree 1, max diameter 12
Num Nodes: 50 | Num Edges: 1250
Conn Comp: 1 | Max Deg: 50 | Min Deg: 50 | Has Cycle: True
--------------------------------------------------

INFO:root:Elapsed [4:35:33], Iteration [28/100]:
l_D/R: -2.67, l_D/F: -8.29, l_D: -4.96, l_G: 8.29
INFO:root:5 sample adjacenecy matrices
--------------------------------------------------
Text: Graph with 9 edges, 10 nodes, max diameter 7, min degree 1, no cycle
Num Nodes: 50 | Num Edges: 1248
Conn Comp: 1 | Max Deg: 50 | Min Deg: 49 | Has Cycle: True
--------------------------------------------------
--------------------------------------------------
Text: Graph with 10 edges, 1 connected components, has cycle, 10 nodes, max degree 7
Num Nodes: 50 | Num Edges: 1248
Conn Comp: 1 | Max Deg: 50 | Min Deg: 49 | Has Cycle: True
--------------------------------------------------
--------------------------------------------------
Text: Graph with min degree 1, max diameter 5, 1 connected components, has cycle, 35 edges
Num Nodes: 50 | Num Edges: 1249
Conn Comp: 1 | Max Deg: 50 | Min Deg: 49 | Has Cycle: True
--------------------------------------------------
--------------------------------------------------
Text: Graph with max diameter 3, max degree 4, 14 edges, min degree 1, 2 connected components
Num Nodes: 50 | Num Edges: 1249
Conn Comp: 1 | Max Deg: 50 | Min Deg: 49 | Has Cycle: True
--------------------------------------------------
--------------------------------------------------
Text: Graph with 1 connected components, no cycle, 25 nodes, max degree 4, 24 edges, min degree 1, max diameter 12
Num Nodes: 50 | Num Edges: 1250
Conn Comp: 1 | Max Deg: 50 | Min Deg: 50 | Has Cycle: True
--------------------------------------------------

INFO:root:Elapsed [4:45:45], Iteration [29/100]:
l_D/R: -2.59, l_D/F: -8.96, l_D: -4.74, l_G: 8.96
INFO:root:5 sample adjacenecy matrices
--------------------------------------------------
Text: Graph with 9 edges, 10 nodes, max diameter 7, min degree 1, no cycle
Num Nodes: 50 | Num Edges: 1249
Conn Comp: 1 | Max Deg: 50 | Min Deg: 49 | Has Cycle: True
--------------------------------------------------
--------------------------------------------------
Text: Graph with 10 edges, 1 connected components, has cycle, 10 nodes, max degree 7
Num Nodes: 50 | Num Edges: 1244
Conn Comp: 1 | Max Deg: 50 | Min Deg: 49 | Has Cycle: True
--------------------------------------------------
--------------------------------------------------
Text: Graph with min degree 1, max diameter 5, 1 connected components, has cycle, 35 edges
Num Nodes: 50 | Num Edges: 1250
Conn Comp: 1 | Max Deg: 50 | Min Deg: 50 | Has Cycle: True
--------------------------------------------------
--------------------------------------------------
Text: Graph with max diameter 3, max degree 4, 14 edges, min degree 1, 2 connected components
Num Nodes: 50 | Num Edges: 1249
Conn Comp: 1 | Max Deg: 50 | Min Deg: 49 | Has Cycle: True
--------------------------------------------------
--------------------------------------------------
Text: Graph with 1 connected components, no cycle, 25 nodes, max degree 4, 24 edges, min degree 1, max diameter 12
Num Nodes: 50 | Num Edges: 1250
Conn Comp: 1 | Max Deg: 50 | Min Deg: 50 | Has Cycle: True
--------------------------------------------------

INFO:root:Elapsed [4:55:45], Iteration [30/100]:
l_D/R: -2.89, l_D/F: -8.87, l_D: -4.76, l_G: 8.87
