INFO:root:Namespace(lm_model='roberta-base', N=50, max_len=128, z_dim=8, mha_dim=768, n_heads=8, gen_dims=[[128, 256, 768], [512, 512]], disc_dims=[[128, 128], [512, 768], [512, 256, 128]], lambda_gp=5, lambda_rew=0.5, lambda_wgan=1, post_method='hard_gumbel', batch_size=128, num_epochs=100, g_lr=0.0002, d_lr=0.0002, b_lr=1e-05, dropout=0, n_critic=4, test_epochs=100, num_workers=1, mode='train', bert_unfreeze=0, data_dir='data/graphgen', saving_dir='results/2023-04-24_10-58', model_save_step=20, lr_update_step=1000, restore_G=None, restore_D=None, restore_B_D=None, restore_B_G=None, model_mode=1, ds_mode=0, name='symm_fcn_final_simple_ds_gumbel_roberta_rew_m1_mask', test_category_wise=1, log_dir='results/2023-04-24_10-58/logs', model_dir='results/2023-04-24_10-58/models')
INFO:root:Generator(
  (activation_f): ReLU()
  (multi_dense_layer): MultiDenseLayer(
    (linear_layer): Sequential(
      (0): Linear(in_features=8, out_features=128, bias=True)
      (1): Dropout(p=0, inplace=False)
      (2): LayerNorm((128,), eps=1e-05, elementwise_affine=True)
      (3): ReLU()
      (4): Linear(in_features=128, out_features=256, bias=True)
      (5): Dropout(p=0, inplace=False)
      (6): LayerNorm((256,), eps=1e-05, elementwise_affine=True)
      (7): ReLU()
      (8): Linear(in_features=256, out_features=768, bias=True)
      (9): Dropout(p=0, inplace=False)
      (10): LayerNorm((768,), eps=1e-05, elementwise_affine=True)
      (11): ReLU()
    )
  )
  (mha): MultiheadAttention(
    (out_proj): NonDynamicallyQuantizableLinear(in_features=768, out_features=768, bias=True)
  )
  (multi_dense_layer_2): MultiDenseLayer(
    (linear_layer): Sequential(
      (0): Linear(in_features=1536, out_features=512, bias=True)
      (1): Dropout(p=0, inplace=False)
      (2): LayerNorm((512,), eps=1e-05, elementwise_affine=True)
      (3): ReLU()
      (4): Linear(in_features=512, out_features=512, bias=True)
      (5): Dropout(p=0, inplace=False)
      (6): LayerNorm((512,), eps=1e-05, elementwise_affine=True)
      (7): ReLU()
    )
  )
  (adjM_layer): Sequential(
    (0): Linear(in_features=512, out_features=128, bias=True)
    (1): LayerNorm((128,), eps=1e-05, elementwise_affine=True)
    (2): ReLU()
    (3): Linear(in_features=128, out_features=2500, bias=True)
  )
  (node_layer): Sequential(
    (0): Linear(in_features=512, out_features=64, bias=True)
    (1): LayerNorm((64,), eps=1e-05, elementwise_affine=True)
    (2): ReLU()
    (3): Linear(in_features=64, out_features=50, bias=True)
  )
)
INFO:root:G
INFO:root:The number of parameters: 4072502
INFO:root:Discriminator(
  (activation_f): ReLU()
  (multi_dense_layer): MultiDenseLayer(
    (linear_layer): Sequential(
      (0): Linear(in_features=50, out_features=128, bias=True)
      (1): Dropout(p=0.0, inplace=False)
      (2): LayerNorm((128,), eps=1e-05, elementwise_affine=True)
      (3): ReLU()
      (4): Linear(in_features=128, out_features=128, bias=True)
      (5): Dropout(p=0.0, inplace=False)
      (6): LayerNorm((128,), eps=1e-05, elementwise_affine=True)
      (7): ReLU()
    )
  )
  (node_dense_layer): MultiDenseLayer(
    (linear_layer): Sequential(
      (0): Linear(in_features=50, out_features=64, bias=True)
      (1): Dropout(p=0.2, inplace=False)
      (2): LayerNorm((64,), eps=1e-05, elementwise_affine=True)
      (3): ReLU()
      (4): Linear(in_features=64, out_features=128, bias=True)
      (5): Dropout(p=0.2, inplace=False)
      (6): LayerNorm((128,), eps=1e-05, elementwise_affine=True)
      (7): ReLU()
    )
  )
  (multi_dense_layer_2): MultiDenseLayer(
    (linear_layer): Sequential(
      (0): Linear(in_features=6528, out_features=512, bias=True)
      (1): Dropout(p=0, inplace=False)
      (2): LayerNorm((512,), eps=1e-05, elementwise_affine=True)
      (3): ReLU()
      (4): Linear(in_features=512, out_features=768, bias=True)
      (5): Dropout(p=0, inplace=False)
      (6): LayerNorm((768,), eps=1e-05, elementwise_affine=True)
      (7): ReLU()
    )
  )
  (mha): MultiheadAttention(
    (out_proj): NonDynamicallyQuantizableLinear(in_features=768, out_features=768, bias=True)
  )
  (multi_dense_layer_3): MultiDenseLayer(
    (linear_layer): Sequential(
      (0): Linear(in_features=1536, out_features=512, bias=True)
      (1): Dropout(p=0, inplace=False)
      (2): LayerNorm((512,), eps=1e-05, elementwise_affine=True)
      (3): ReLU()
      (4): Linear(in_features=512, out_features=256, bias=True)
      (5): Dropout(p=0, inplace=False)
      (6): LayerNorm((256,), eps=1e-05, elementwise_affine=True)
      (7): ReLU()
      (8): Linear(in_features=256, out_features=128, bias=True)
      (9): Dropout(p=0, inplace=False)
      (10): LayerNorm((128,), eps=1e-05, elementwise_affine=True)
      (11): ReLU()
    )
  )
  (output_layer): Linear(in_features=128, out_features=1, bias=True)
)
INFO:root:D
INFO:root:The number of parameters: 7090369
INFO:root:RobertaModel(
  (embeddings): RobertaEmbeddings(
    (word_embeddings): Embedding(50265, 768, padding_idx=1)
    (position_embeddings): Embedding(514, 768, padding_idx=1)
    (token_type_embeddings): Embedding(1, 768)
    (LayerNorm): LayerNorm((768,), eps=1e-05, elementwise_affine=True)
    (dropout): Dropout(p=0.1, inplace=False)
  )
  (encoder): RobertaEncoder(
    (layer): ModuleList(
      (0-11): 12 x RobertaLayer(
        (attention): RobertaAttention(
          (self): RobertaSelfAttention(
            (query): Linear(in_features=768, out_features=768, bias=True)
            (key): Linear(in_features=768, out_features=768, bias=True)
            (value): Linear(in_features=768, out_features=768, bias=True)
            (dropout): Dropout(p=0.1, inplace=False)
          )
          (output): RobertaSelfOutput(
            (dense): Linear(in_features=768, out_features=768, bias=True)
            (LayerNorm): LayerNorm((768,), eps=1e-05, elementwise_affine=True)
            (dropout): Dropout(p=0.1, inplace=False)
          )
        )
        (intermediate): RobertaIntermediate(
          (dense): Linear(in_features=768, out_features=3072, bias=True)
          (intermediate_act_fn): GELUActivation()
        )
        (output): RobertaOutput(
          (dense): Linear(in_features=3072, out_features=768, bias=True)
          (LayerNorm): LayerNorm((768,), eps=1e-05, elementwise_affine=True)
          (dropout): Dropout(p=0.1, inplace=False)
        )
      )
    )
  )
  (pooler): RobertaPooler(
    (dense): Linear(in_features=768, out_features=768, bias=True)
    (activation): Tanh()
  )
)
INFO:root:roberta-base_G
INFO:root:The number of parameters: 124645632
INFO:root:RobertaModel(
  (embeddings): RobertaEmbeddings(
    (word_embeddings): Embedding(50265, 768, padding_idx=1)
    (position_embeddings): Embedding(514, 768, padding_idx=1)
    (token_type_embeddings): Embedding(1, 768)
    (LayerNorm): LayerNorm((768,), eps=1e-05, elementwise_affine=True)
    (dropout): Dropout(p=0.1, inplace=False)
  )
  (encoder): RobertaEncoder(
    (layer): ModuleList(
      (0-11): 12 x RobertaLayer(
        (attention): RobertaAttention(
          (self): RobertaSelfAttention(
            (query): Linear(in_features=768, out_features=768, bias=True)
            (key): Linear(in_features=768, out_features=768, bias=True)
            (value): Linear(in_features=768, out_features=768, bias=True)
            (dropout): Dropout(p=0.1, inplace=False)
          )
          (output): RobertaSelfOutput(
            (dense): Linear(in_features=768, out_features=768, bias=True)
            (LayerNorm): LayerNorm((768,), eps=1e-05, elementwise_affine=True)
            (dropout): Dropout(p=0.1, inplace=False)
          )
        )
        (intermediate): RobertaIntermediate(
          (dense): Linear(in_features=768, out_features=3072, bias=True)
          (intermediate_act_fn): GELUActivation()
        )
        (output): RobertaOutput(
          (dense): Linear(in_features=3072, out_features=768, bias=True)
          (LayerNorm): LayerNorm((768,), eps=1e-05, elementwise_affine=True)
          (dropout): Dropout(p=0.1, inplace=False)
        )
      )
    )
  )
  (pooler): RobertaPooler(
    (dense): Linear(in_features=768, out_features=768, bias=True)
    (activation): Tanh()
  )
)
INFO:root:roberta-base_D
INFO:root:The number of parameters: 124645632
INFO:root:5 sample adjacenecy matrices
--------------------------------------------------
Text: Undirected graph with 8 edges, 9 nodes.
Results: [26, 167, 0, 20, 2, 1, True]
--------------------------------------------------
--------------------------------------------------
Text: Undirected graph with 9 nodes, 14 edges.
Results: [24, 151, 0, 17, 2, 1, True]
--------------------------------------------------
--------------------------------------------------
Text: Undirected graph with 42 nodes, 52 edges.
Results: [18, 66, 0, 12, 3, 1, True]
--------------------------------------------------
--------------------------------------------------
Text: Undirected graph with 5 nodes, 6 edges.
Results: [26, 166, 0, 20, 2, 1, True]
--------------------------------------------------
--------------------------------------------------
Text: Undirected graph with 9 nodes, 26 edges.
Results: [24, 143, 0, 16, 2, 1, True]
--------------------------------------------------

INFO:root:Saved model checkpoints into results/2023-04-24_10-58/models...
INFO:root:Elapsed [0:00:35], Iteration [0/100]:
l_D/R: -0.05, l_D/F: 0.27, l_D: 5.82, l_G: -0.27, l_R: 0.32, l_R/N: 0.09, l_R/M: 0.24
property_match: 0.01, closeness: 0.02, n_match: 0.02, m_match: 0.00, min_deg_match: 0.00, max_deg_match: 0.00, diam_match: 0.00, cc_match: 0.00, cycle_match: 0.00
INFO:root:5 sample adjacenecy matrices
--------------------------------------------------
Text: Undirected graph with 8 edges, 9 nodes.
Results: [24, 200, 1, 22, 4, -25, True]
--------------------------------------------------
--------------------------------------------------
Text: Undirected graph with 9 nodes, 14 edges.
Results: [23, 211, 2, 23, 4, -26, True]
--------------------------------------------------
--------------------------------------------------
Text: Undirected graph with 42 nodes, 52 edges.
Results: [26, 210, 1, 19, 4, -23, True]
--------------------------------------------------
--------------------------------------------------
Text: Undirected graph with 5 nodes, 6 edges.
Results: [22, 217, 2, 23, 4, -27, True]
--------------------------------------------------
--------------------------------------------------
Text: Undirected graph with 26 edges, 9 nodes.
Results: [28, 185, 0, 23, 5, -20, True]
--------------------------------------------------

INFO:root:Elapsed [0:06:21], Iteration [1/100]:
l_D/R: 8.30, l_D/F: -9.35, l_D: -16.06, l_G: 9.35, l_R: 0.11, l_R/N: 0.09, l_R/M: 0.02
INFO:root:5 sample adjacenecy matrices
--------------------------------------------------
Text: Undirected graph with 8 edges, 9 nodes.
Results: [22, 21, 0, 4, 4, 8, True]
--------------------------------------------------
--------------------------------------------------
Text: Undirected graph with 14 edges, 9 nodes.
Results: [20, 9, 0, 2, 5, 11, False]
--------------------------------------------------
--------------------------------------------------
Text: Undirected graph with 52 edges, 42 nodes.
Results: [30, 24, 0, 5, 8, 10, True]
--------------------------------------------------
--------------------------------------------------
Text: Undirected graph with 6 edges, 5 nodes.
Results: [23, 23, 0, 6, 5, 5, True]
--------------------------------------------------
--------------------------------------------------
Text: Undirected graph with 26 edges, 9 nodes.
Results: [22, 16, 0, 4, 8, 9, True]
--------------------------------------------------

INFO:root:Elapsed [0:11:59], Iteration [2/100]:
l_D/R: 5.96, l_D/F: -3.04, l_D: -7.99, l_G: 3.03, l_R: 0.07, l_R/N: 0.07, l_R/M: 0.00
property_match: 0.02, closeness: 0.03, n_match: 0.02, m_match: 0.01, min_deg_match: 0.00, max_deg_match: 0.00, diam_match: 0.00, cc_match: 0.00, cycle_match: 0.00
INFO:root:5 sample adjacenecy matrices
--------------------------------------------------
Text: Undirected graph with 9 nodes, 8 edges.
Results: [16, 27, 0, 6, 6, -7, True]
--------------------------------------------------
--------------------------------------------------
Text: Undirected graph with 14 edges, 9 nodes.
Results: [20, 33, 0, 6, 8, -6, True]
--------------------------------------------------
--------------------------------------------------
Text: Undirected graph with 42 nodes, 52 edges.
Results: [41, 90, 0, 14, 8, -3, True]
--------------------------------------------------
--------------------------------------------------
Text: Undirected graph with 5 nodes, 6 edges.
Results: [16, 10, 0, 4, 5, 6, False]
--------------------------------------------------
--------------------------------------------------
Text: Undirected graph with 26 edges, 9 nodes.
Results: [22, 18, 0, 4, 8, 5, True]
--------------------------------------------------

INFO:root:Elapsed [0:17:28], Iteration [3/100]:
l_D/R: 3.54, l_D/F: -4.06, l_D: -6.16, l_G: 4.05, l_R: 0.03, l_R/N: 0.03, l_R/M: 0.00
INFO:root:5 sample adjacenecy matrices
--------------------------------------------------
Text: Undirected graph with 8 edges, 9 nodes.
Results: [17, 8, 0, 5, 3, 10, True]
--------------------------------------------------
--------------------------------------------------
Text: Undirected graph with 9 nodes, 14 edges.
Results: [13, 6, 0, 3, 5, 7, False]
--------------------------------------------------
--------------------------------------------------
Text: Undirected graph with 42 nodes, 52 edges.
Results: [38, 49, 0, 11, 6, 8, True]
--------------------------------------------------
--------------------------------------------------
Text: Undirected graph with 6 edges, 5 nodes.
Results: [14, 7, 0, 3, 4, 8, True]
--------------------------------------------------
--------------------------------------------------
Text: Undirected graph with 9 nodes, 26 edges.
Results: [13, 8, 0, 4, 4, 7, True]
--------------------------------------------------

INFO:root:Elapsed [0:23:06], Iteration [4/100]:
l_D/R: -2.41, l_D/F: -6.27, l_D: -3.36, l_G: 6.28, l_R: 0.01, l_R/N: 0.01, l_R/M: 0.00
property_match: 0.06, closeness: 0.10, n_match: 0.08, m_match: 0.05, min_deg_match: 0.00, max_deg_match: 0.00, diam_match: 0.00, cc_match: 0.00, cycle_match: 0.00
INFO:root:5 sample adjacenecy matrices
--------------------------------------------------
Text: Undirected graph with 8 edges, 9 nodes.
Results: [8, 10, 0, 4, 4, -1, True]
--------------------------------------------------
--------------------------------------------------
Text: Undirected graph with 9 nodes, 14 edges.
Results: [7, 21, 0, 6, 5, -5, True]
--------------------------------------------------
--------------------------------------------------
Text: Undirected graph with 52 edges, 42 nodes.
Results: [38, 33, 0, 6, 9, 7, True]
--------------------------------------------------
--------------------------------------------------
Text: Undirected graph with 6 edges, 5 nodes.
Results: [10, 9, 0, 3, 4, 1, False]
--------------------------------------------------
--------------------------------------------------
Text: Undirected graph with 9 nodes, 26 edges.
Results: [12, 28, 0, 9, 5, -4, True]
--------------------------------------------------

INFO:root:Elapsed [0:28:43], Iteration [5/100]:
l_D/R: 3.74, l_D/F: -0.71, l_D: -3.71, l_G: 0.70, l_R: 0.01, l_R/N: 0.01, l_R/M: 0.00
INFO:root:5 sample adjacenecy matrices
--------------------------------------------------
Text: Undirected graph with 9 nodes, 8 edges.
Results: [9, 5, 0, 3, 2, 5, True]
--------------------------------------------------
--------------------------------------------------
Text: Undirected graph with 9 nodes, 14 edges.
Results: [10, 11, 0, 5, 4, 2, True]
--------------------------------------------------
--------------------------------------------------
Text: Undirected graph with 52 edges, 42 nodes.
Results: [41, 40, 0, 12, 7, 13, True]
--------------------------------------------------
--------------------------------------------------
Text: Undirected graph with 6 edges, 5 nodes.
Results: [8, 8, 0, 5, 2, 3, True]
--------------------------------------------------
--------------------------------------------------
Text: Undirected graph with 26 edges, 9 nodes.
Results: [9, 16, 0, 6, 3, 1, True]
--------------------------------------------------

INFO:root:Elapsed [0:34:33], Iteration [6/100]:
l_D/R: 4.54, l_D/F: 0.53, l_D: -3.46, l_G: -0.50, l_R: 0.00, l_R/N: 0.00, l_R/M: 0.00
property_match: 0.10, closeness: 0.17, n_match: 0.14, m_match: 0.05, min_deg_match: 0.00, max_deg_match: 0.00, diam_match: 0.00, cc_match: 0.00, cycle_match: 0.00
INFO:root:5 sample adjacenecy matrices
--------------------------------------------------
Text: Undirected graph with 8 edges, 9 nodes.
Results: [8, 10, 0, 4, 5, 0, True]
--------------------------------------------------
--------------------------------------------------
Text: Undirected graph with 9 nodes, 14 edges.
Results: [7, 15, 0, 5, 4, -3, True]
--------------------------------------------------
--------------------------------------------------
Text: Undirected graph with 42 nodes, 52 edges.
Results: [42, 41, 0, 13, 5, 17, True]
--------------------------------------------------
--------------------------------------------------
Text: Undirected graph with 6 edges, 5 nodes.
Results: [6, 11, 0, 4, 4, -4, True]
--------------------------------------------------
--------------------------------------------------
Text: Undirected graph with 9 nodes, 26 edges.
Results: [10, 94, 0, 14, 7, -33, True]
--------------------------------------------------

INFO:root:Elapsed [0:40:02], Iteration [7/100]:
l_D/R: 3.98, l_D/F: 0.16, l_D: -3.26, l_G: -0.17, l_R: 0.00, l_R/N: 0.00, l_R/M: 0.00
INFO:root:5 sample adjacenecy matrices
--------------------------------------------------
Text: Undirected graph with 9 nodes, 8 edges.
Results: [9, 11, 0, 5, 4, 2, True]
--------------------------------------------------
--------------------------------------------------
Text: Undirected graph with 14 edges, 9 nodes.
Results: [9, 7, 0, 4, 3, 4, True]
--------------------------------------------------
--------------------------------------------------
Text: Undirected graph with 52 edges, 42 nodes.
Results: [44, 61, 0, 16, 5, 11, True]
--------------------------------------------------
--------------------------------------------------
Text: Undirected graph with 6 edges, 5 nodes.
Results: [11, 4, 0, 3, 2, 8, True]
--------------------------------------------------
--------------------------------------------------
Text: Undirected graph with 26 edges, 9 nodes.
Results: [11, 27, 0, 8, 3, 2, True]
--------------------------------------------------

INFO:root:Elapsed [0:45:43], Iteration [8/100]:
l_D/R: 3.60, l_D/F: -0.73, l_D: -3.36, l_G: 0.73, l_R: 0.00, l_R/N: 0.00, l_R/M: 0.00
property_match: 0.15, closeness: 0.25, n_match: 0.24, m_match: 0.07, min_deg_match: 0.00, max_deg_match: 0.00, diam_match: 0.00, cc_match: 0.00, cycle_match: 0.00
INFO:root:5 sample adjacenecy matrices
--------------------------------------------------
Text: Undirected graph with 9 nodes, 8 edges.
Results: [9, 14, 0, 6, 4, 1, True]
--------------------------------------------------
--------------------------------------------------
Text: Undirected graph with 9 nodes, 14 edges.
Results: [9, 18, 0, 6, 4, -2, True]
--------------------------------------------------
--------------------------------------------------
Text: Undirected graph with 52 edges, 42 nodes.
Results: [41, 62, 0, 18, 5, 3, True]
--------------------------------------------------
--------------------------------------------------
Text: Undirected graph with 5 nodes, 6 edges.
Results: [8, 8, 0, 4, 4, 1, True]
--------------------------------------------------
--------------------------------------------------
Text: Undirected graph with 26 edges, 9 nodes.
Results: [10, 56, 0, 13, 6, -16, True]
--------------------------------------------------

INFO:root:Elapsed [0:51:12], Iteration [9/100]:
l_D/R: 5.42, l_D/F: 2.04, l_D: -2.95, l_G: -2.04, l_R: 0.00, l_R/N: 0.00, l_R/M: 0.00
INFO:root:5 sample adjacenecy matrices
--------------------------------------------------
Text: Undirected graph with 8 edges, 9 nodes.
Results: [9, 12, 0, 5, 4, 2, True]
--------------------------------------------------
--------------------------------------------------
Text: Undirected graph with 9 nodes, 14 edges.
Results: [10, 20, 0, 6, 3, 1, True]
--------------------------------------------------
--------------------------------------------------
Text: Undirected graph with 52 edges, 42 nodes.
Results: [41, 60, 0, 15, 6, 6, True]
--------------------------------------------------
--------------------------------------------------
Text: Undirected graph with 5 nodes, 6 edges.
Results: [6, 7, 0, 4, 3, 1, True]
--------------------------------------------------
--------------------------------------------------
Text: Undirected graph with 9 nodes, 26 edges.
Results: [8, 25, 0, 7, 2, 1, True]
--------------------------------------------------

INFO:root:Elapsed [0:56:54], Iteration [10/100]:
l_D/R: 6.50, l_D/F: 1.31, l_D: -3.43, l_G: -1.29, l_R: 0.00, l_R/N: 0.00, l_R/M: 0.00
property_match: 0.21, closeness: 0.32, n_match: 0.34, m_match: 0.08, min_deg_match: 0.00, max_deg_match: 0.00, diam_match: 0.00, cc_match: 0.00, cycle_match: 0.00
INFO:root:5 sample adjacenecy matrices
--------------------------------------------------
Text: Undirected graph with 8 edges, 9 nodes.
Results: [9, 5, 0, 2, 3, 4, False]
--------------------------------------------------
--------------------------------------------------
Text: Undirected graph with 9 nodes, 14 edges.
Results: [10, 11, 0, 5, 4, 1, True]
--------------------------------------------------
--------------------------------------------------
Text: Undirected graph with 42 nodes, 52 edges.
Results: [45, 67, 0, 15, 5, 6, True]
--------------------------------------------------
--------------------------------------------------
Text: Undirected graph with 5 nodes, 6 edges.
Results: [6, 8, 0, 4, 4, -1, True]
--------------------------------------------------
--------------------------------------------------
Text: Undirected graph with 9 nodes, 26 edges.
Results: [10, 68, 0, 13, 5, -16, True]
--------------------------------------------------

INFO:root:Elapsed [1:02:24], Iteration [11/100]:
l_D/R: 6.50, l_D/F: 1.85, l_D: -3.09, l_G: -1.86, l_R: 0.00, l_R/N: 0.00, l_R/M: 0.00
INFO:root:5 sample adjacenecy matrices
--------------------------------------------------
Text: Undirected graph with 9 nodes, 8 edges.
Results: [9, 6, 0, 4, 3, 4, True]
--------------------------------------------------
--------------------------------------------------
Text: Undirected graph with 9 nodes, 14 edges.
Results: [9, 15, 0, 5, 4, 1, True]
--------------------------------------------------
--------------------------------------------------
Text: Undirected graph with 52 edges, 42 nodes.
Results: [44, 65, 0, 20, 6, 5, True]
--------------------------------------------------
--------------------------------------------------
Text: Undirected graph with 5 nodes, 6 edges.
Results: [6, 6, 0, 3, 3, 2, True]
--------------------------------------------------
--------------------------------------------------
Text: Undirected graph with 26 edges, 9 nodes.
Results: [8, 15, 0, 6, 3, 1, True]
--------------------------------------------------

INFO:root:Elapsed [1:07:59], Iteration [12/100]:
l_D/R: 6.59, l_D/F: 2.01, l_D: -3.44, l_G: -2.03, l_R: 0.00, l_R/N: 0.00, l_R/M: 0.00
property_match: 0.23, closeness: 0.34, n_match: 0.38, m_match: 0.09, min_deg_match: 0.00, max_deg_match: 0.00, diam_match: 0.00, cc_match: 0.00, cycle_match: 0.00
INFO:root:5 sample adjacenecy matrices
--------------------------------------------------
Text: Undirected graph with 8 edges, 9 nodes.
Results: [9, 9, 0, 4, 2, 3, True]
--------------------------------------------------
--------------------------------------------------
Text: Undirected graph with 14 edges, 9 nodes.
Results: [10, 14, 0, 5, 3, 1, True]
--------------------------------------------------
--------------------------------------------------
Text: Undirected graph with 52 edges, 42 nodes.
Results: [41, 63, 0, 14, 6, 6, True]
--------------------------------------------------
--------------------------------------------------
Text: Undirected graph with 5 nodes, 6 edges.
Results: [6, 10, 0, 4, 4, 0, True]
--------------------------------------------------
--------------------------------------------------
Text: Undirected graph with 26 edges, 9 nodes.
Results: [10, 36, 0, 9, 4, -5, True]
--------------------------------------------------

INFO:root:Elapsed [1:13:32], Iteration [13/100]:
l_D/R: 7.44, l_D/F: 1.58, l_D: -2.90, l_G: -1.56, l_R: 0.00, l_R/N: 0.00, l_R/M: 0.00
INFO:root:5 sample adjacenecy matrices
--------------------------------------------------
Text: Undirected graph with 8 edges, 9 nodes.
Results: [8, 9, 0, 4, 4, 2, True]
--------------------------------------------------
--------------------------------------------------
Text: Undirected graph with 14 edges, 9 nodes.
Results: [9, 12, 0, 4, 3, 2, True]
--------------------------------------------------
--------------------------------------------------
Text: Undirected graph with 42 nodes, 52 edges.
Results: [42, 70, 0, 16, 5, 4, True]
--------------------------------------------------
--------------------------------------------------
Text: Undirected graph with 5 nodes, 6 edges.
Results: [6, 9, 0, 4, 2, 2, True]
--------------------------------------------------
--------------------------------------------------
Text: Undirected graph with 9 nodes, 26 edges.
Results: [9, 25, 0, 8, 2, 1, True]
--------------------------------------------------

INFO:root:Elapsed [1:19:08], Iteration [14/100]:
l_D/R: 6.36, l_D/F: 1.52, l_D: -3.73, l_G: -1.54, l_R: 0.00, l_R/N: 0.00, l_R/M: 0.00
property_match: 0.25, closeness: 0.35, n_match: 0.42, m_match: 0.08, min_deg_match: 0.00, max_deg_match: 0.00, diam_match: 0.00, cc_match: 0.00, cycle_match: 0.00
INFO:root:5 sample adjacenecy matrices
--------------------------------------------------
Text: Undirected graph with 8 edges, 9 nodes.
Results: [9, 8, 0, 4, 3, 3, True]
--------------------------------------------------
--------------------------------------------------
Text: Undirected graph with 14 edges, 9 nodes.
Results: [9, 11, 0, 7, 3, 1, True]
--------------------------------------------------
--------------------------------------------------
Text: Undirected graph with 42 nodes, 52 edges.
Results: [42, 66, 0, 17, 4, 7, True]
--------------------------------------------------
--------------------------------------------------
Text: Undirected graph with 6 edges, 5 nodes.
Results: [6, 10, 0, 6, 3, -1, True]
--------------------------------------------------
--------------------------------------------------
Text: Undirected graph with 9 nodes, 26 edges.
Results: [8, 20, 0, 7, 2, 0, True]
--------------------------------------------------

INFO:root:Elapsed [1:24:40], Iteration [15/100]:
l_D/R: 7.40, l_D/F: 3.31, l_D: -3.19, l_G: -3.31, l_R: 0.00, l_R/N: 0.00, l_R/M: 0.00
INFO:root:5 sample adjacenecy matrices
--------------------------------------------------
Text: Undirected graph with 9 nodes, 8 edges.
Results: [9, 8, 0, 4, 4, 3, True]
--------------------------------------------------
--------------------------------------------------
Text: Undirected graph with 9 nodes, 14 edges.
Results: [9, 15, 0, 5, 3, 1, True]
--------------------------------------------------
--------------------------------------------------
Text: Undirected graph with 52 edges, 42 nodes.
Results: [44, 62, 0, 14, 6, 10, True]
--------------------------------------------------
--------------------------------------------------
Text: Undirected graph with 6 edges, 5 nodes.
Results: [5, 5, 0, 3, 3, 1, True]
--------------------------------------------------
--------------------------------------------------
Text: Undirected graph with 26 edges, 9 nodes.
Results: [9, 15, 0, 5, 4, 1, True]
--------------------------------------------------

INFO:root:Elapsed [1:30:15], Iteration [16/100]:
l_D/R: 7.27, l_D/F: 2.94, l_D: -3.11, l_G: -2.93, l_R: 0.00, l_R/N: 0.00, l_R/M: 0.00
property_match: 0.29, closeness: 0.39, n_match: 0.49, m_match: 0.08, min_deg_match: 0.00, max_deg_match: 0.00, diam_match: 0.00, cc_match: 0.00, cycle_match: 0.00
INFO:root:5 sample adjacenecy matrices
--------------------------------------------------
Text: Undirected graph with 8 edges, 9 nodes.
Results: [9, 4, 0, 2, 3, 5, False]
--------------------------------------------------
--------------------------------------------------
Text: Undirected graph with 14 edges, 9 nodes.
Results: [9, 14, 0, 5, 3, 1, True]
--------------------------------------------------
--------------------------------------------------
Text: Undirected graph with 52 edges, 42 nodes.
Results: [43, 80, 0, 20, 5, 6, True]
--------------------------------------------------
--------------------------------------------------
Text: Undirected graph with 5 nodes, 6 edges.
Results: [6, 7, 0, 4, 4, 0, True]
--------------------------------------------------
--------------------------------------------------
Text: Undirected graph with 26 edges, 9 nodes.
Results: [9, 24, 0, 7, 2, 1, True]
--------------------------------------------------

INFO:root:Elapsed [1:35:42], Iteration [17/100]:
l_D/R: 8.46, l_D/F: 3.79, l_D: -3.00, l_G: -3.79, l_R: 0.00, l_R/N: 0.00, l_R/M: 0.00
INFO:root:5 sample adjacenecy matrices
--------------------------------------------------
Text: Undirected graph with 9 nodes, 8 edges.
Results: [10, 4, 0, 2, 2, 6, False]
--------------------------------------------------
--------------------------------------------------
Text: Undirected graph with 14 edges, 9 nodes.
Results: [9, 15, 0, 4, 3, 1, True]
--------------------------------------------------
--------------------------------------------------
Text: Undirected graph with 52 edges, 42 nodes.
Results: [41, 46, 0, 14, 6, 8, True]
--------------------------------------------------
--------------------------------------------------
Text: Undirected graph with 6 edges, 5 nodes.
Results: [5, 6, 0, 3, 2, 1, True]
--------------------------------------------------
--------------------------------------------------
Text: Undirected graph with 9 nodes, 26 edges.
Results: [9, 24, 0, 7, 2, 1, True]
--------------------------------------------------

INFO:root:Elapsed [1:41:22], Iteration [18/100]:
l_D/R: 7.68, l_D/F: 3.08, l_D: -3.39, l_G: -3.08, l_R: 0.00, l_R/N: 0.00, l_R/M: 0.00
property_match: 0.30, closeness: 0.40, n_match: 0.51, m_match: 0.09, min_deg_match: 0.00, max_deg_match: 0.00, diam_match: 0.00, cc_match: 0.00, cycle_match: 0.00
INFO:root:5 sample adjacenecy matrices
--------------------------------------------------
Text: Undirected graph with 9 nodes, 8 edges.
Results: [9, 7, 0, 3, 5, 2, False]
--------------------------------------------------
--------------------------------------------------
Text: Undirected graph with 9 nodes, 14 edges.
Results: [9, 20, 0, 6, 2, 1, True]
--------------------------------------------------
--------------------------------------------------
Text: Undirected graph with 42 nodes, 52 edges.
Results: [41, 60, 0, 18, 5, 5, True]
--------------------------------------------------
--------------------------------------------------
Text: Undirected graph with 5 nodes, 6 edges.
Results: [5, 7, 0, 3, 3, 0, True]
--------------------------------------------------
--------------------------------------------------
Text: Undirected graph with 9 nodes, 26 edges.
Results: [9, 20, 0, 5, 3, 0, True]
--------------------------------------------------

INFO:root:Elapsed [1:46:51], Iteration [19/100]:
l_D/R: 8.24, l_D/F: 3.21, l_D: -3.73, l_G: -3.21, l_R: 0.00, l_R/N: 0.00, l_R/M: 0.00
INFO:root:5 sample adjacenecy matrices
--------------------------------------------------
Text: Undirected graph with 8 edges, 9 nodes.
Results: [9, 11, 0, 4, 4, 1, True]
--------------------------------------------------
--------------------------------------------------
Text: Undirected graph with 9 nodes, 14 edges.
Results: [9, 13, 0, 4, 4, 1, True]
--------------------------------------------------
--------------------------------------------------
Text: Undirected graph with 42 nodes, 52 edges.
Results: [40, 58, 0, 15, 5, 6, True]
--------------------------------------------------
--------------------------------------------------
Text: Undirected graph with 5 nodes, 6 edges.
Results: [5, 8, 0, 4, 2, 1, True]
--------------------------------------------------
--------------------------------------------------
Text: Undirected graph with 26 edges, 9 nodes.
Results: [9, 25, 0, 8, 2, 1, True]
--------------------------------------------------

INFO:root:Saved model checkpoints into results/2023-04-24_10-58/models...
INFO:root:Elapsed [1:52:31], Iteration [20/100]:
l_D/R: 7.87, l_D/F: 3.18, l_D: -3.31, l_G: -3.15, l_R: 0.00, l_R/N: 0.00, l_R/M: 0.00
property_match: 0.32, closeness: 0.42, n_match: 0.54, m_match: 0.09, min_deg_match: 0.00, max_deg_match: 0.00, diam_match: 0.00, cc_match: 0.00, cycle_match: 0.00
INFO:root:5 sample adjacenecy matrices
--------------------------------------------------
Text: Undirected graph with 5 nodes, 10 edges.
Results: [5, 9, 0, 4, 2, 1, True]
--------------------------------------------------
--------------------------------------------------
Text: Undirected graph with 5 nodes, 3 edges.
Results: [6, 4, 0, 3, 2, 3, True]
--------------------------------------------------
--------------------------------------------------
Text: Undirected graph with 22 nodes, 46 edges.
Results: [22, 49, 0, 7, 4, 2, True]
--------------------------------------------------
--------------------------------------------------
Text: Undirected graph with 52 edges, 16 nodes.
Results: [15, 37, 0, 9, 3, 1, True]
--------------------------------------------------
--------------------------------------------------
Text: Undirected graph with 23 nodes, 77 edges.
Results: [21, 61, 0, 9, 4, 1, True]
--------------------------------------------------

INFO:root:Saved model checkpoints into results/2023-04-24_10-58/models...
INFO:root:Elapsed [1:52:34], Iteration [20/100]:
l_D/R: 7.87, l_D/F: 3.12, l_D: -3.38, l_G: -3.15, l_R: 0.00, l_R/N: 0.00, l_R/M: 0.00
property_match: 0.31, closeness: 0.41, n_match: 0.54, m_match: 0.09, min_deg_match: 0.00, max_deg_match: 0.00, diam_match: 0.00, cc_match: 0.00, cycle_match: 0.00
INFO:root:5 sample adjacenecy matrices
--------------------------------------------------
Text: Undirected graph with 9 nodes, 8 edges.
Results: [9, 13, 0, 5, 3, 1, True]
--------------------------------------------------
--------------------------------------------------
Text: Undirected graph with 9 nodes, 14 edges.
Results: [10, 11, 0, 5, 4, 2, True]
--------------------------------------------------
--------------------------------------------------
Text: Undirected graph with 42 nodes, 52 edges.
Results: [42, 69, 0, 23, 5, 1, True]
--------------------------------------------------
--------------------------------------------------
Text: Undirected graph with 5 nodes, 6 edges.
Results: [6, 6, 0, 3, 2, 2, True]
--------------------------------------------------
--------------------------------------------------
Text: Undirected graph with 9 nodes, 26 edges.
Results: [10, 24, 0, 7, 2, 2, True]
--------------------------------------------------

INFO:root:Elapsed [1:58:01], Iteration [21/100]:
l_D/R: 9.00, l_D/F: 3.53, l_D: -3.73, l_G: -3.57, l_R: 0.00, l_R/N: 0.00, l_R/M: 0.00
INFO:root:5 sample adjacenecy matrices
--------------------------------------------------
Text: Undirected graph with 8 edges, 9 nodes.
Results: [9, 7, 0, 3, 4, 3, True]
--------------------------------------------------
--------------------------------------------------
Text: Undirected graph with 14 edges, 9 nodes.
Results: [9, 12, 0, 5, 4, 1, True]
--------------------------------------------------
--------------------------------------------------
Text: Undirected graph with 52 edges, 42 nodes.
Results: [42, 52, 0, 12, 6, 12, True]
--------------------------------------------------
--------------------------------------------------
Text: Undirected graph with 6 edges, 5 nodes.
Results: [6, 6, 0, 4, 2, 2, True]
--------------------------------------------------
--------------------------------------------------
Text: Undirected graph with 9 nodes, 26 edges.
Results: [9, 22, 0, 7, 2, 1, True]
--------------------------------------------------

INFO:root:Elapsed [2:03:43], Iteration [22/100]:
l_D/R: 8.71, l_D/F: 4.31, l_D: -3.15, l_G: -4.32, l_R: 0.00, l_R/N: 0.00, l_R/M: 0.00
property_match: 0.31, closeness: 0.41, n_match: 0.53, m_match: 0.09, min_deg_match: 0.00, max_deg_match: 0.00, diam_match: 0.00, cc_match: 0.00, cycle_match: 0.00
INFO:root:5 sample adjacenecy matrices
--------------------------------------------------
Text: Undirected graph with 9 nodes, 8 edges.
Results: [9, 11, 0, 3, 6, 0, True]
--------------------------------------------------
--------------------------------------------------
Text: Undirected graph with 9 nodes, 14 edges.
Results: [9, 9, 0, 3, 7, 1, True]
--------------------------------------------------
--------------------------------------------------
Text: Undirected graph with 52 edges, 42 nodes.
Results: [41, 53, 0, 13, 5, 5, True]
--------------------------------------------------
--------------------------------------------------
Text: Undirected graph with 5 nodes, 6 edges.
Results: [5, 6, 0, 3, 3, 1, True]
--------------------------------------------------
--------------------------------------------------
Text: Undirected graph with 9 nodes, 26 edges.
Results: [9, 25, 0, 7, 2, 1, True]
--------------------------------------------------

INFO:root:Elapsed [2:09:12], Iteration [23/100]:
l_D/R: 8.00, l_D/F: 2.56, l_D: -3.52, l_G: -2.57, l_R: 0.00, l_R/N: 0.00, l_R/M: 0.00
INFO:root:5 sample adjacenecy matrices
--------------------------------------------------
Text: Undirected graph with 8 edges, 9 nodes.
Results: [9, 9, 0, 5, 4, 1, True]
--------------------------------------------------
--------------------------------------------------
Text: Undirected graph with 14 edges, 9 nodes.
Results: [9, 14, 0, 5, 4, 1, True]
--------------------------------------------------
--------------------------------------------------
Text: Undirected graph with 52 edges, 42 nodes.
Results: [42, 45, 0, 13, 5, 12, True]
--------------------------------------------------
--------------------------------------------------
Text: Undirected graph with 6 edges, 5 nodes.
Results: [5, 8, 0, 4, 2, 1, True]
--------------------------------------------------
--------------------------------------------------
Text: Undirected graph with 26 edges, 9 nodes.
Results: [11, 22, 0, 7, 2, 3, True]
--------------------------------------------------

INFO:root:Elapsed [2:14:49], Iteration [24/100]:
l_D/R: 7.96, l_D/F: 3.88, l_D: -3.29, l_G: -3.86, l_R: 0.00, l_R/N: 0.00, l_R/M: 0.00
property_match: 0.34, closeness: 0.43, n_match: 0.58, m_match: 0.09, min_deg_match: 0.00, max_deg_match: 0.00, diam_match: 0.00, cc_match: 0.00, cycle_match: 0.00
INFO:root:5 sample adjacenecy matrices
--------------------------------------------------
Text: Undirected graph with 9 nodes, 8 edges.
Results: [9, 21, 0, 5, 8, -10, True]
--------------------------------------------------
--------------------------------------------------
Text: Undirected graph with 9 nodes, 14 edges.
Results: [10, 17, 0, 5, 3, 2, True]
--------------------------------------------------
--------------------------------------------------
Text: Undirected graph with 52 edges, 42 nodes.
Results: [42, 41, 0, 11, 5, 15, True]
--------------------------------------------------
--------------------------------------------------
Text: Undirected graph with 6 edges, 5 nodes.
Results: [6, 5, 0, 3, 2, 3, True]
--------------------------------------------------
--------------------------------------------------
Text: Undirected graph with 9 nodes, 26 edges.
Results: [9, 22, 0, 6, 2, 1, True]
--------------------------------------------------

INFO:root:Elapsed [2:20:20], Iteration [25/100]:
l_D/R: 8.82, l_D/F: 4.20, l_D: -3.51, l_G: -4.21, l_R: 0.00, l_R/N: 0.00, l_R/M: 0.00
INFO:root:5 sample adjacenecy matrices
--------------------------------------------------
Text: Undirected graph with 8 edges, 9 nodes.
Results: [9, 3, 0, 2, 2, 6, False]
--------------------------------------------------
--------------------------------------------------
Text: Undirected graph with 14 edges, 9 nodes.
Results: [9, 14, 0, 5, 4, 1, True]
--------------------------------------------------
--------------------------------------------------
Text: Undirected graph with 52 edges, 42 nodes.
Results: [41, 47, 0, 15, 5, 13, True]
--------------------------------------------------
--------------------------------------------------
Text: Undirected graph with 5 nodes, 6 edges.
Results: [5, 6, 0, 3, 2, 1, True]
--------------------------------------------------
--------------------------------------------------
Text: Undirected graph with 9 nodes, 26 edges.
Results: [9, 20, 0, 6, 3, 1, True]
--------------------------------------------------

INFO:root:Elapsed [2:25:57], Iteration [26/100]:
l_D/R: 8.41, l_D/F: 3.45, l_D: -3.59, l_G: -3.43, l_R: 0.00, l_R/N: 0.00, l_R/M: 0.00
property_match: 0.33, closeness: 0.43, n_match: 0.58, m_match: 0.08, min_deg_match: 0.00, max_deg_match: 0.00, diam_match: 0.00, cc_match: 0.00, cycle_match: 0.00
INFO:root:5 sample adjacenecy matrices
--------------------------------------------------
Text: Undirected graph with 9 nodes, 8 edges.
Results: [9, 7, 0, 4, 3, 2, False]
--------------------------------------------------
--------------------------------------------------
Text: Undirected graph with 9 nodes, 14 edges.
Results: [9, 14, 0, 5, 4, 1, True]
--------------------------------------------------
--------------------------------------------------
Text: Undirected graph with 52 edges, 42 nodes.
Results: [42, 58, 0, 17, 6, 7, True]
--------------------------------------------------
--------------------------------------------------
Text: Undirected graph with 6 edges, 5 nodes.
Results: [6, 5, 0, 3, 3, 2, True]
--------------------------------------------------
--------------------------------------------------
Text: Undirected graph with 26 edges, 9 nodes.
Results: [9, 19, 0, 6, 3, 1, True]
--------------------------------------------------

INFO:root:Elapsed [2:31:27], Iteration [27/100]:
l_D/R: 8.85, l_D/F: 4.16, l_D: -3.64, l_G: -4.17, l_R: 0.00, l_R/N: 0.00, l_R/M: 0.00
INFO:root:5 sample adjacenecy matrices
--------------------------------------------------
Text: Undirected graph with 9 nodes, 8 edges.
Results: [9, 6, 0, 3, 5, 3, False]
--------------------------------------------------
--------------------------------------------------
Text: Undirected graph with 14 edges, 9 nodes.
Results: [9, 16, 0, 6, 3, 1, True]
--------------------------------------------------
--------------------------------------------------
Text: Undirected graph with 52 edges, 42 nodes.
Results: [42, 45, 0, 15, 5, 12, True]
--------------------------------------------------
--------------------------------------------------
Text: Undirected graph with 5 nodes, 6 edges.
Results: [5, 5, 0, 3, 2, 2, True]
--------------------------------------------------
--------------------------------------------------
Text: Undirected graph with 26 edges, 9 nodes.
Results: [11, 17, 0, 6, 3, 3, True]
--------------------------------------------------

INFO:root:Elapsed [2:37:05], Iteration [28/100]:
l_D/R: 8.59, l_D/F: 3.68, l_D: -4.00, l_G: -3.70, l_R: 0.00, l_R/N: 0.00, l_R/M: 0.00
property_match: 0.33, closeness: 0.43, n_match: 0.57, m_match: 0.09, min_deg_match: 0.00, max_deg_match: 0.00, diam_match: 0.00, cc_match: 0.00, cycle_match: 0.00
INFO:root:5 sample adjacenecy matrices
--------------------------------------------------
Text: Undirected graph with 9 nodes, 8 edges.
Results: [10, 11, 0, 4, 5, -1, False]
--------------------------------------------------
--------------------------------------------------
Text: Undirected graph with 9 nodes, 14 edges.
Results: [9, 10, 0, 4, 3, 2, True]
--------------------------------------------------
--------------------------------------------------
Text: Undirected graph with 42 nodes, 52 edges.
Results: [43, 58, 0, 15, 5, 5, True]
--------------------------------------------------
--------------------------------------------------
Text: Undirected graph with 5 nodes, 6 edges.
Results: [5, 5, 0, 3, 3, 1, True]
--------------------------------------------------
--------------------------------------------------
Text: Undirected graph with 26 edges, 9 nodes.
Results: [9, 16, 0, 6, 3, 1, True]
--------------------------------------------------

INFO:root:Elapsed [2:42:34], Iteration [29/100]:
l_D/R: 8.84, l_D/F: 3.51, l_D: -3.68, l_G: -3.50, l_R: 0.00, l_R/N: 0.00, l_R/M: 0.00
INFO:root:5 sample adjacenecy matrices
--------------------------------------------------
Text: Undirected graph with 9 nodes, 8 edges.
Results: [10, 10, 0, 4, 6, 2, True]
--------------------------------------------------
--------------------------------------------------
Text: Undirected graph with 9 nodes, 14 edges.
Results: [9, 13, 0, 5, 3, 1, True]
--------------------------------------------------
--------------------------------------------------
Text: Undirected graph with 52 edges, 42 nodes.
Results: [42, 54, 0, 16, 4, 11, True]
--------------------------------------------------
--------------------------------------------------
Text: Undirected graph with 6 edges, 5 nodes.
Results: [7, 1, 0, 1, 2, 6, False]
--------------------------------------------------
--------------------------------------------------
Text: Undirected graph with 9 nodes, 26 edges.
Results: [9, 26, 0, 8, 2, 1, True]
--------------------------------------------------

INFO:root:Elapsed [2:48:14], Iteration [30/100]:
l_D/R: 8.30, l_D/F: 3.61, l_D: -3.70, l_G: -3.58, l_R: 0.00, l_R/N: 0.00, l_R/M: 0.00
property_match: 0.34, closeness: 0.44, n_match: 0.59, m_match: 0.10, min_deg_match: 0.00, max_deg_match: 0.00, diam_match: 0.00, cc_match: 0.00, cycle_match: 0.00
INFO:root:5 sample adjacenecy matrices
--------------------------------------------------
Text: Undirected graph with 8 edges, 9 nodes.
Results: [9, 14, 0, 5, 5, -4, True]
--------------------------------------------------
--------------------------------------------------
Text: Undirected graph with 14 edges, 9 nodes.
Results: [9, 13, 0, 4, 3, 1, True]
--------------------------------------------------
--------------------------------------------------
Text: Undirected graph with 42 nodes, 52 edges.
Results: [43, 60, 0, 22, 5, 8, True]
--------------------------------------------------
--------------------------------------------------
Text: Undirected graph with 5 nodes, 6 edges.
Results: [5, 4, 0, 3, 2, 2, True]
--------------------------------------------------
--------------------------------------------------
Text: Undirected graph with 9 nodes, 26 edges.
Results: [9, 25, 0, 8, 2, 1, True]
--------------------------------------------------

INFO:root:Elapsed [2:53:44], Iteration [31/100]:
l_D/R: 8.52, l_D/F: 4.82, l_D: -3.21, l_G: -4.82, l_R: 0.00, l_R/N: 0.00, l_R/M: 0.00
INFO:root:5 sample adjacenecy matrices
--------------------------------------------------
Text: Undirected graph with 9 nodes, 8 edges.
Results: [9, 5, 0, 2, 3, 4, False]
--------------------------------------------------
--------------------------------------------------
Text: Undirected graph with 14 edges, 9 nodes.
Results: [9, 16, 0, 6, 3, 1, True]
--------------------------------------------------
--------------------------------------------------
Text: Undirected graph with 42 nodes, 52 edges.
Results: [42, 34, 0, 12, 5, 18, True]
--------------------------------------------------
--------------------------------------------------
Text: Undirected graph with 6 edges, 5 nodes.
Results: [7, 5, 0, 4, 2, 3, True]
--------------------------------------------------
--------------------------------------------------
Text: Undirected graph with 26 edges, 9 nodes.
Results: [9, 26, 0, 8, 2, 1, True]
--------------------------------------------------

INFO:root:Elapsed [2:59:24], Iteration [32/100]:
l_D/R: 8.53, l_D/F: 3.56, l_D: -3.51, l_G: -3.55, l_R: 0.00, l_R/N: 0.00, l_R/M: 0.00
property_match: 0.34, closeness: 0.44, n_match: 0.59, m_match: 0.09, min_deg_match: 0.00, max_deg_match: 0.00, diam_match: 0.00, cc_match: 0.00, cycle_match: 0.00
INFO:root:5 sample adjacenecy matrices
--------------------------------------------------
Text: Undirected graph with 8 edges, 9 nodes.
Results: [9, 9, 0, 4, 5, 1, True]
--------------------------------------------------
--------------------------------------------------
Text: Undirected graph with 9 nodes, 14 edges.
Results: [9, 17, 0, 6, 3, 1, True]
--------------------------------------------------
--------------------------------------------------
Text: Undirected graph with 52 edges, 42 nodes.
Results: [44, 46, 0, 13, 5, 18, True]
--------------------------------------------------
--------------------------------------------------
Text: Undirected graph with 6 edges, 5 nodes.
Results: [5, 6, 0, 4, 2, 1, True]
--------------------------------------------------
--------------------------------------------------
Text: Undirected graph with 9 nodes, 26 edges.
Results: [9, 19, 0, 8, 2, 1, True]
--------------------------------------------------

INFO:root:Elapsed [3:04:53], Iteration [33/100]:
l_D/R: 9.75, l_D/F: 4.07, l_D: -4.24, l_G: -4.05, l_R: 0.00, l_R/N: 0.00, l_R/M: 0.00
INFO:root:5 sample adjacenecy matrices
--------------------------------------------------
Text: Undirected graph with 8 edges, 9 nodes.
Results: [9, 5, 0, 3, 4, 4, False]
--------------------------------------------------
--------------------------------------------------
Text: Undirected graph with 9 nodes, 14 edges.
Results: [9, 15, 0, 6, 2, 2, True]
--------------------------------------------------
--------------------------------------------------
Text: Undirected graph with 52 edges, 42 nodes.
Results: [43, 50, 0, 14, 6, 9, True]
--------------------------------------------------
--------------------------------------------------
Text: Undirected graph with 6 edges, 5 nodes.
Results: [5, 7, 0, 4, 2, 1, True]
--------------------------------------------------
--------------------------------------------------
Text: Undirected graph with 9 nodes, 26 edges.
Results: [9, 29, 0, 8, 2, 1, True]
--------------------------------------------------

INFO:root:Elapsed [3:10:36], Iteration [34/100]:
l_D/R: 8.98, l_D/F: 3.88, l_D: -4.09, l_G: -3.90, l_R: 0.00, l_R/N: 0.00, l_R/M: 0.00
property_match: 0.35, closeness: 0.45, n_match: 0.60, m_match: 0.10, min_deg_match: 0.00, max_deg_match: 0.00, diam_match: 0.00, cc_match: 0.00, cycle_match: 0.00
