INFO:root:Namespace(lm_model='roberta-base', N=50, max_len=128, z_dim=8, mha_dim=768, n_heads=8, gen_dims=[[128, 256, 768], [512, 512]], disc_dims=[[128, 128], [512, 768], [512, 256, 128]], lambda_gp=5, lambda_rew=0.5, lambda_wgan=1, post_method='hard_gumbel', batch_size=128, num_epochs=100, g_lr=0.0002, d_lr=0.0002, b_lr=1e-05, dropout=0, n_critic=4, test_epochs=100, num_workers=1, mode='train', bert_unfreeze=0, data_dir='data/graphgen', saving_dir='results/2023-04-23_22-11', model_save_step=20, lr_update_step=1000, restore_G=None, restore_D=None, restore_B_D=None, restore_B_G=None, model_mode=1, ds_mode=2, name='symm_fcn_final_simple_ds_just_num_shuffle_gumbel_roberta_rew_m1_mask', log_dir='results/2023-04-23_22-11/logs', model_dir='results/2023-04-23_22-11/models')
INFO:root:Generator(
  (activation_f): ReLU()
  (multi_dense_layer): MultiDenseLayer(
    (linear_layer): Sequential(
      (0): Linear(in_features=8, out_features=128, bias=True)
      (1): Dropout(p=0, inplace=False)
      (2): LayerNorm((128,), eps=1e-05, elementwise_affine=True)
      (3): ReLU()
      (4): Linear(in_features=128, out_features=256, bias=True)
      (5): Dropout(p=0, inplace=False)
      (6): LayerNorm((256,), eps=1e-05, elementwise_affine=True)
      (7): ReLU()
      (8): Linear(in_features=256, out_features=768, bias=True)
      (9): Dropout(p=0, inplace=False)
      (10): LayerNorm((768,), eps=1e-05, elementwise_affine=True)
      (11): ReLU()
    )
  )
  (mha): MultiheadAttention(
    (out_proj): NonDynamicallyQuantizableLinear(in_features=768, out_features=768, bias=True)
  )
  (multi_dense_layer_2): MultiDenseLayer(
    (linear_layer): Sequential(
      (0): Linear(in_features=1536, out_features=512, bias=True)
      (1): Dropout(p=0, inplace=False)
      (2): LayerNorm((512,), eps=1e-05, elementwise_affine=True)
      (3): ReLU()
      (4): Linear(in_features=512, out_features=512, bias=True)
      (5): Dropout(p=0, inplace=False)
      (6): LayerNorm((512,), eps=1e-05, elementwise_affine=True)
      (7): ReLU()
    )
  )
  (adjM_layer): Sequential(
    (0): Linear(in_features=512, out_features=128, bias=True)
    (1): LayerNorm((128,), eps=1e-05, elementwise_affine=True)
    (2): ReLU()
    (3): Linear(in_features=128, out_features=2500, bias=True)
  )
  (node_layer): Sequential(
    (0): Linear(in_features=512, out_features=64, bias=True)
    (1): LayerNorm((64,), eps=1e-05, elementwise_affine=True)
    (2): ReLU()
    (3): Linear(in_features=64, out_features=50, bias=True)
  )
)
INFO:root:G
INFO:root:The number of parameters: 4072502
INFO:root:Discriminator(
  (activation_f): ReLU()
  (multi_dense_layer): MultiDenseLayer(
    (linear_layer): Sequential(
      (0): Linear(in_features=50, out_features=128, bias=True)
      (1): Dropout(p=0.0, inplace=False)
      (2): LayerNorm((128,), eps=1e-05, elementwise_affine=True)
      (3): ReLU()
      (4): Linear(in_features=128, out_features=128, bias=True)
      (5): Dropout(p=0.0, inplace=False)
      (6): LayerNorm((128,), eps=1e-05, elementwise_affine=True)
      (7): ReLU()
    )
  )
  (node_dense_layer): MultiDenseLayer(
    (linear_layer): Sequential(
      (0): Linear(in_features=50, out_features=64, bias=True)
      (1): Dropout(p=0.2, inplace=False)
      (2): LayerNorm((64,), eps=1e-05, elementwise_affine=True)
      (3): ReLU()
      (4): Linear(in_features=64, out_features=128, bias=True)
      (5): Dropout(p=0.2, inplace=False)
      (6): LayerNorm((128,), eps=1e-05, elementwise_affine=True)
      (7): ReLU()
    )
  )
  (multi_dense_layer_2): MultiDenseLayer(
    (linear_layer): Sequential(
      (0): Linear(in_features=6528, out_features=512, bias=True)
      (1): Dropout(p=0, inplace=False)
      (2): LayerNorm((512,), eps=1e-05, elementwise_affine=True)
      (3): ReLU()
      (4): Linear(in_features=512, out_features=768, bias=True)
      (5): Dropout(p=0, inplace=False)
      (6): LayerNorm((768,), eps=1e-05, elementwise_affine=True)
      (7): ReLU()
    )
  )
  (mha): MultiheadAttention(
    (out_proj): NonDynamicallyQuantizableLinear(in_features=768, out_features=768, bias=True)
  )
  (multi_dense_layer_3): MultiDenseLayer(
    (linear_layer): Sequential(
      (0): Linear(in_features=1536, out_features=512, bias=True)
      (1): Dropout(p=0, inplace=False)
      (2): LayerNorm((512,), eps=1e-05, elementwise_affine=True)
      (3): ReLU()
      (4): Linear(in_features=512, out_features=256, bias=True)
      (5): Dropout(p=0, inplace=False)
      (6): LayerNorm((256,), eps=1e-05, elementwise_affine=True)
      (7): ReLU()
      (8): Linear(in_features=256, out_features=128, bias=True)
      (9): Dropout(p=0, inplace=False)
      (10): LayerNorm((128,), eps=1e-05, elementwise_affine=True)
      (11): ReLU()
    )
  )
  (output_layer): Linear(in_features=128, out_features=1, bias=True)
)
INFO:root:D
INFO:root:The number of parameters: 7090369
INFO:root:RobertaModel(
  (embeddings): RobertaEmbeddings(
    (word_embeddings): Embedding(50265, 768, padding_idx=1)
    (position_embeddings): Embedding(514, 768, padding_idx=1)
    (token_type_embeddings): Embedding(1, 768)
    (LayerNorm): LayerNorm((768,), eps=1e-05, elementwise_affine=True)
    (dropout): Dropout(p=0.1, inplace=False)
  )
  (encoder): RobertaEncoder(
    (layer): ModuleList(
      (0-11): 12 x RobertaLayer(
        (attention): RobertaAttention(
          (self): RobertaSelfAttention(
            (query): Linear(in_features=768, out_features=768, bias=True)
            (key): Linear(in_features=768, out_features=768, bias=True)
            (value): Linear(in_features=768, out_features=768, bias=True)
            (dropout): Dropout(p=0.1, inplace=False)
          )
          (output): RobertaSelfOutput(
            (dense): Linear(in_features=768, out_features=768, bias=True)
            (LayerNorm): LayerNorm((768,), eps=1e-05, elementwise_affine=True)
            (dropout): Dropout(p=0.1, inplace=False)
          )
        )
        (intermediate): RobertaIntermediate(
          (dense): Linear(in_features=768, out_features=3072, bias=True)
          (intermediate_act_fn): GELUActivation()
        )
        (output): RobertaOutput(
          (dense): Linear(in_features=3072, out_features=768, bias=True)
          (LayerNorm): LayerNorm((768,), eps=1e-05, elementwise_affine=True)
          (dropout): Dropout(p=0.1, inplace=False)
        )
      )
    )
  )
  (pooler): RobertaPooler(
    (dense): Linear(in_features=768, out_features=768, bias=True)
    (activation): Tanh()
  )
)
INFO:root:roberta-base_G
INFO:root:The number of parameters: 124645632
INFO:root:RobertaModel(
  (embeddings): RobertaEmbeddings(
    (word_embeddings): Embedding(50265, 768, padding_idx=1)
    (position_embeddings): Embedding(514, 768, padding_idx=1)
    (token_type_embeddings): Embedding(1, 768)
    (LayerNorm): LayerNorm((768,), eps=1e-05, elementwise_affine=True)
    (dropout): Dropout(p=0.1, inplace=False)
  )
  (encoder): RobertaEncoder(
    (layer): ModuleList(
      (0-11): 12 x RobertaLayer(
        (attention): RobertaAttention(
          (self): RobertaSelfAttention(
            (query): Linear(in_features=768, out_features=768, bias=True)
            (key): Linear(in_features=768, out_features=768, bias=True)
            (value): Linear(in_features=768, out_features=768, bias=True)
            (dropout): Dropout(p=0.1, inplace=False)
          )
          (output): RobertaSelfOutput(
            (dense): Linear(in_features=768, out_features=768, bias=True)
            (LayerNorm): LayerNorm((768,), eps=1e-05, elementwise_affine=True)
            (dropout): Dropout(p=0.1, inplace=False)
          )
        )
        (intermediate): RobertaIntermediate(
          (dense): Linear(in_features=768, out_features=3072, bias=True)
          (intermediate_act_fn): GELUActivation()
        )
        (output): RobertaOutput(
          (dense): Linear(in_features=3072, out_features=768, bias=True)
          (LayerNorm): LayerNorm((768,), eps=1e-05, elementwise_affine=True)
          (dropout): Dropout(p=0.1, inplace=False)
        )
      )
    )
  )
  (pooler): RobertaPooler(
    (dense): Linear(in_features=768, out_features=768, bias=True)
    (activation): Tanh()
  )
)
INFO:root:roberta-base_D
INFO:root:The number of parameters: 124645632
INFO:root:5 sample adjacenecy matrices
--------------------------------------------------
Text: Undirected graph with 9, 8.
Results: [26, 661, 18, 34, 2, -23, True]
--------------------------------------------------
--------------------------------------------------
Text: Undirected graph with 9, 14.
Results: [23, 613, 17, 34, 2, -26, True]
--------------------------------------------------
--------------------------------------------------
Text: Undirected graph with 42, 52.
Results: [26, 638, 13, 34, 2, -23, True]
--------------------------------------------------
--------------------------------------------------
Text: Undirected graph with 5, 6.
Results: [24, 655, 15, 33, 2, -25, True]
--------------------------------------------------
--------------------------------------------------
Text: Undirected graph with 9, 26.
Results: [30, 607, 17, 34, 2, -19, True]
--------------------------------------------------

INFO:root:Saved model checkpoints into results/2023-04-23_22-11/models...
INFO:root:Elapsed [0:00:34], Iteration [0/100]:
l_D/R: -0.07, l_D/F: -0.13, l_D: 5.90, l_G: 0.13, l_R: 0.32, l_R/N: 0.09, l_R/M: 0.23
property_match: 0.01, closeness: 0.01, n_match: 0.02, m_match: 0.00, min_deg_match: 0.00, max_deg_match: 0.00, diam_match: 0.00, cc_match: 0.00, cycle_match: 0.00
INFO:root:5 sample adjacenecy matrices
--------------------------------------------------
Text: Undirected graph with 9, 8.
Results: [29, 153, 0, 15, 5, -18, True]
--------------------------------------------------
--------------------------------------------------
Text: Undirected graph with 9, 14.
Results: [28, 198, 1, 17, 5, -21, True]
--------------------------------------------------
--------------------------------------------------
Text: Undirected graph with 52, 42.
Results: [27, 158, 1, 15, 5, -22, True]
--------------------------------------------------
--------------------------------------------------
Text: Undirected graph with 6, 5.
Results: [32, 172, 2, 19, 4, -17, True]
--------------------------------------------------
--------------------------------------------------
Text: Undirected graph with 26, 9.
Results: [37, 137, 0, 14, 4, -10, True]
--------------------------------------------------

INFO:root:Elapsed [0:06:04], Iteration [1/100]:
l_D/R: 7.83, l_D/F: -8.84, l_D: -14.80, l_G: 8.85, l_R: 0.11, l_R/N: 0.10, l_R/M: 0.01
INFO:root:5 sample adjacenecy matrices
--------------------------------------------------
Text: Undirected graph with 8, 9.
Results: [26, 46, 0, 5, 17, -17, True]
--------------------------------------------------
--------------------------------------------------
Text: Undirected graph with 9, 14.
Results: [22, 48, 0, 6, 7, -14, True]
--------------------------------------------------
--------------------------------------------------
Text: Undirected graph with 42, 52.
Results: [27, 56, 0, 9, 6, -8, True]
--------------------------------------------------
--------------------------------------------------
Text: Undirected graph with 6, 5.
Results: [23, 44, 0, 11, 7, -11, True]
--------------------------------------------------
--------------------------------------------------
Text: Undirected graph with 26, 9.
Results: [25, 60, 0, 11, 8, -12, True]
--------------------------------------------------

INFO:root:Elapsed [0:11:42], Iteration [2/100]:
l_D/R: 5.61, l_D/F: -2.98, l_D: -7.42, l_G: 2.97, l_R: 0.07, l_R/N: 0.07, l_R/M: 0.00
property_match: 0.02, closeness: 0.03, n_match: 0.02, m_match: 0.02, min_deg_match: 0.00, max_deg_match: 0.00, diam_match: 0.00, cc_match: 0.00, cycle_match: 0.00
INFO:root:5 sample adjacenecy matrices
--------------------------------------------------
Text: Undirected graph with 8, 9.
Results: [18, 24, 0, 8, 7, -2, True]
--------------------------------------------------
--------------------------------------------------
Text: Undirected graph with 9, 14.
Results: [17, 20, 0, 3, 5, -2, True]
--------------------------------------------------
--------------------------------------------------
Text: Undirected graph with 52, 42.
Results: [35, 56, 0, 9, 7, -4, True]
--------------------------------------------------
--------------------------------------------------
Text: Undirected graph with 5, 6.
Results: [24, 25, 0, 6, 6, 5, True]
--------------------------------------------------
--------------------------------------------------
Text: Undirected graph with 9, 26.
Results: [16, 25, 0, 6, 8, -5, True]
--------------------------------------------------

INFO:root:Elapsed [0:17:18], Iteration [3/100]:
l_D/R: -1.46, l_D/F: -6.65, l_D: -4.69, l_G: 6.64, l_R: 0.03, l_R/N: 0.03, l_R/M: 0.00
INFO:root:5 sample adjacenecy matrices
--------------------------------------------------
Text: Undirected graph with 9, 8.
Results: [13, 15, 0, 5, 5, 0, True]
--------------------------------------------------
--------------------------------------------------
Text: Undirected graph with 9, 14.
Results: [14, 20, 0, 4, 6, -2, True]
--------------------------------------------------
--------------------------------------------------
Text: Undirected graph with 52, 42.
Results: [40, 67, 0, 17, 6, -1, True]
--------------------------------------------------
--------------------------------------------------
Text: Undirected graph with 5, 6.
Results: [13, 20, 0, 6, 7, -3, True]
--------------------------------------------------
--------------------------------------------------
Text: Undirected graph with 26, 9.
Results: [14, 61, 0, 9, 5, -16, True]
--------------------------------------------------

INFO:root:Elapsed [0:22:58], Iteration [4/100]:
l_D/R: -2.81, l_D/F: -7.25, l_D: -3.67, l_G: 7.25, l_R: 0.01, l_R/N: 0.01, l_R/M: 0.00
property_match: 0.05, closeness: 0.08, n_match: 0.08, m_match: 0.02, min_deg_match: 0.00, max_deg_match: 0.00, diam_match: 0.00, cc_match: 0.00, cycle_match: 0.00
INFO:root:5 sample adjacenecy matrices
--------------------------------------------------
Text: Undirected graph with 9, 8.
Results: [9, 10, 0, 4, 5, 0, True]
--------------------------------------------------
--------------------------------------------------
Text: Undirected graph with 9, 14.
Results: [12, 19, 0, 8, 4, 0, True]
--------------------------------------------------
--------------------------------------------------
Text: Undirected graph with 52, 42.
Results: [42, 57, 0, 14, 7, 8, True]
--------------------------------------------------
--------------------------------------------------
Text: Undirected graph with 6, 5.
Results: [10, 8, 0, 3, 2, 3, True]
--------------------------------------------------
--------------------------------------------------
Text: Undirected graph with 26, 9.
Results: [11, 18, 0, 4, 5, -3, True]
--------------------------------------------------

INFO:root:Elapsed [0:28:32], Iteration [5/100]:
l_D/R: -2.04, l_D/F: -6.32, l_D: -3.68, l_G: 6.32, l_R: 0.00, l_R/N: 0.00, l_R/M: 0.00
